{"/Volumes/External/aidefence/app/layout.tsx": {"path":"/Volumes/External/aidefence/app/layout.tsx","statementMap":{"0":{"start":{"line":23,"column":0},"end":{"line":23,"column":24}},"1":{"start":{"line":2,"column":0},"end":{"line":2,"column":53}},"2":{"start":{"line":3,"column":0},"end":{"line":3,"column":44}},"3":{"start":{"line":4,"column":0},"end":{"line":4,"column":68}},"4":{"start":{"line":5,"column":0},"end":{"line":5,"column":63}},"5":{"start":{"line":6,"column":0},"end":{"line":6,"column":23}},"6":{"start":{"line":8,"column":18},"end":{"line":11,"column":2}},"7":{"start":{"line":13,"column":18},"end":{"line":16,"column":2}},"8":{"start":{"line":18,"column":13},"end":{"line":21,"column":2}},"9":{"start":{"line":28,"column":2},"end":{"line":49,"column":4}}},"fnMap":{"0":{"name":"RootLayout","decl":{"start":{"line":23,"column":24},"end":{"line":23,"column":34}},"loc":{"start":{"line":27,"column":2},"end":{"line":50,"column":1}}}},"branchMap":{},"s":{"0":0,"1":0,"2":0,"3":0,"4":0,"5":0,"6":0,"7":0,"8":0,"9":0},"f":{"0":0},"b":{}}
,"/Volumes/External/aidefence/app/page.tsx": {"path":"/Volumes/External/aidefence/app/page.tsx","statementMap":{"0":{"start":{"line":80,"column":0},"end":{"line":80,"column":24}},"1":{"start":{"line":81,"column":2},"end":{"line":104,"column":4}}},"fnMap":{"0":{"name":"UnderConstruction","decl":{"start":{"line":80,"column":24},"end":{"line":80,"column":41}},"loc":{"start":{"line":80,"column":41},"end":{"line":105,"column":1}}}},"branchMap":{},"s":{"0":0,"1":0},"f":{"0":0},"b":{}}
,"/Volumes/External/aidefence/app/articles/page.tsx": {"path":"/Volumes/External/aidefence/app/articles/page.tsx","statementMap":{"0":{"start":{"line":10,"column":0},"end":{"line":10,"column":15}},"1":{"start":{"line":1,"column":0},"end":{"line":1,"column":53}},"2":{"start":{"line":3,"column":0},"end":{"line":3,"column":74}},"3":{"start":{"line":5,"column":13},"end":{"line":8,"column":2}},"4":{"start":{"line":12,"column":19},"end":{"line":12,"column":41}},"5":{"start":{"line":14,"column":2},"end":{"line":30,"column":4}}},"fnMap":{"0":{"name":"ArticlesPage","decl":{"start":{"line":10,"column":30},"end":{"line":10,"column":42}},"loc":{"start":{"line":10,"column":42},"end":{"line":31,"column":1}}}},"branchMap":{"0":{"loc":{"start":{"line":23,"column":9},"end":{"line":26,"column":null}},"type":"cond-expr","locations":[{"start":{"line":24,"column":10},"end":{"line":24,"column":84}},{"start":{"line":26,"column":10},"end":{"line":26,"column":52}}]}},"s":{"0":0,"1":0,"2":0,"3":0,"4":0,"5":0},"f":{"0":0},"b":{"0":[0,0]}}
,"/Volumes/External/aidefence/app/articles/[slug]/page.tsx": {"path":"/Volumes/External/aidefence/app/articles/[slug]/page.tsx","statementMap":{"0":{"start":{"line":30,"column":0},"end":{"line":30,"column":7}},"1":{"start":{"line":44,"column":0},"end":{"line":44,"column":7}},"2":{"start":{"line":77,"column":0},"end":{"line":77,"column":15}},"3":{"start":{"line":1,"column":0},"end":{"line":1,"column":71}},"4":{"start":{"line":2,"column":0},"end":{"line":2,"column":48}},"5":{"start":{"line":3,"column":0},"end":{"line":3,"column":68}},"6":{"start":{"line":4,"column":0},"end":{"line":4,"column":64}},"7":{"start":{"line":5,"column":0},"end":{"line":5,"column":29}},"8":{"start":{"line":7,"column":0},"end":{"line":7,"column":43}},"9":{"start":{"line":31,"column":19},"end":{"line":31,"column":41}},"10":{"start":{"line":33,"column":2},"end":{"line":35,"column":6}},"11":{"start":{"line":33,"column":36},"end":{"line":35,"column":4}},"12":{"start":{"line":49,"column":2},"end":{"line":68,"column":3}},"13":{"start":{"line":50,"column":20},"end":{"line":50,"column":55}},"14":{"start":{"line":52,"column":4},"end":{"line":62,"column":6}},"15":{"start":{"line":64,"column":4},"end":{"line":67,"column":6}},"16":{"start":{"line":84,"column":2},"end":{"line":88,"column":3}},"17":{"start":{"line":85,"column":4},"end":{"line":85,"column":50}},"18":{"start":{"line":87,"column":4},"end":{"line":87,"column":15}},"19":{"start":{"line":91,"column":24},"end":{"line":95,"column":4}},"20":{"start":{"line":97,"column":2},"end":{"line":165,"column":4}},"21":{"start":{"line":148,"column":18},"end":{"line":148,"column":32}}},"fnMap":{"0":{"name":"generateStaticParams","decl":{"start":{"line":30,"column":22},"end":{"line":30,"column":42}},"loc":{"start":{"line":30,"column":42},"end":{"line":36,"column":1}}},"1":{"name":"(anonymous_2)","decl":{"start":{"line":33,"column":22},"end":{"line":33,"column":23}},"loc":{"start":{"line":33,"column":36},"end":{"line":35,"column":4}}},"2":{"name":"generateMetadata","decl":{"start":{"line":44,"column":22},"end":{"line":44,"column":38}},"loc":{"start":{"line":48,"column":1},"end":{"line":69,"column":1}}},"3":{"name":"ArticlePage","decl":{"start":{"line":77,"column":30},"end":{"line":77,"column":41}},"loc":{"start":{"line":81,"column":1},"end":{"line":166,"column":1}}},"4":{"name":"(anonymous_5)","decl":{"start":{"line":147,"column":34},"end":{"line":147,"column":35}},"loc":{"start":{"line":148,"column":18},"end":{"line":148,"column":32}}}},"branchMap":{"0":{"loc":{"start":{"line":53,"column":13},"end":{"line":53,"column":64}},"type":"binary-expr","locations":[{"start":{"line":53,"column":13},"end":{"line":53,"column":30}},{"start":{"line":53,"column":34},"end":{"line":53,"column":64}}]},"1":{"loc":{"start":{"line":54,"column":19},"end":{"line":54,"column":61}},"type":"binary-expr","locations":[{"start":{"line":54,"column":19},"end":{"line":54,"column":42}},{"start":{"line":54,"column":46},"end":{"line":54,"column":61}}]},"2":{"loc":{"start":{"line":56,"column":15},"end":{"line":56,"column":49}},"type":"binary-expr","locations":[{"start":{"line":56,"column":15},"end":{"line":56,"column":32}},{"start":{"line":56,"column":36},"end":{"line":56,"column":49}}]},"3":{"loc":{"start":{"line":57,"column":21},"end":{"line":57,"column":63}},"type":"binary-expr","locations":[{"start":{"line":57,"column":21},"end":{"line":57,"column":44}},{"start":{"line":57,"column":48},"end":{"line":57,"column":63}}]},"4":{"loc":{"start":{"line":121,"column":11},"end":{"line":124,"column":null}},"type":"binary-expr","locations":[{"start":{"line":121,"column":11},"end":{"line":121,"column":26}},{"start":{"line":122,"column":12},"end":{"line":123,"column":null}}]},"5":{"loc":{"start":{"line":133,"column":11},"end":{"line":139,"column":null}},"type":"binary-expr","locations":[{"start":{"line":133,"column":11},"end":{"line":133,"column":28}},{"start":{"line":134,"column":12},"end":{"line":138,"column":null}}]},"6":{"loc":{"start":{"line":143,"column":11},"end":{"line":153,"column":null}},"type":"binary-expr","locations":[{"start":{"line":143,"column":11},"end":{"line":143,"column":23}},{"start":{"line":143,"column":27},"end":{"line":143,"column":50}},{"start":{"line":144,"column":12},"end":{"line":152,"column":null}}]}},"s":{"0":0,"1":0,"2":0,"3":0,"4":0,"5":0,"6":0,"7":0,"8":0,"9":0,"10":0,"11":0,"12":0,"13":0,"14":0,"15":0,"16":0,"17":0,"18":0,"19":0,"20":0,"21":0},"f":{"0":0,"1":0,"2":0,"3":0,"4":0},"b":{"0":[0,0],"1":[0,0],"2":[0,0],"3":[0,0],"4":[0,0],"5":[0,0],"6":[0,0,0]}}
,"/Volumes/External/aidefence/components/SkipToMainContent.tsx": {"path":"/Volumes/External/aidefence/components/SkipToMainContent.tsx","statementMap":{"0":{"start":{"line":24,"column":0},"end":{"line":24,"column":24}},"1":{"start":{"line":3,"column":0},"end":{"line":3,"column":44}},"2":{"start":{"line":25,"column":24},"end":{"line":25,"column":52}},"3":{"start":{"line":36,"column":26},"end":{"line":56,"column":8}},"4":{"start":{"line":37,"column":4},"end":{"line":37,"column":27}},"5":{"start":{"line":39,"column":4},"end":{"line":55,"column":7}},"6":{"start":{"line":40,"column":26},"end":{"line":40,"column":57}},"7":{"start":{"line":41,"column":6},"end":{"line":54,"column":7}},"8":{"start":{"line":43,"column":8},"end":{"line":43,"column":28}},"9":{"start":{"line":46,"column":8},"end":{"line":46,"column":75}},"10":{"start":{"line":49,"column":8},"end":{"line":51,"column":9}},"11":{"start":{"line":50,"column":10},"end":{"line":50,"column":72}},"12":{"start":{"line":52,"column":13},"end":{"line":54,"column":7}},"13":{"start":{"line":53,"column":8},"end":{"line":53,"column":81}},"14":{"start":{"line":58,"column":2},"end":{"line":75,"column":4}}},"fnMap":{"0":{"name":"SkipToMainContent","decl":{"start":{"line":24,"column":24},"end":{"line":24,"column":41}},"loc":{"start":{"line":24,"column":41},"end":{"line":76,"column":1}}},"1":{"name":"(anonymous_1)","decl":{"start":{"line":36,"column":38},"end":{"line":36,"column":39}},"loc":{"start":{"line":36,"column":85},"end":{"line":56,"column":3}}},"2":{"name":"(anonymous_2)","decl":{"start":{"line":39,"column":26},"end":{"line":39,"column":29}},"loc":{"start":{"line":39,"column":31},"end":{"line":55,"column":5}}}},"branchMap":{"0":{"loc":{"start":{"line":41,"column":6},"end":{"line":54,"column":7}},"type":"if","locations":[{"start":{"line":41,"column":6},"end":{"line":54,"column":7}},{"start":{"line":52,"column":13},"end":{"line":54,"column":7}}]},"1":{"loc":{"start":{"line":49,"column":8},"end":{"line":51,"column":9}},"type":"if","locations":[{"start":{"line":49,"column":8},"end":{"line":51,"column":9}},{"start":{},"end":{}}]},"2":{"loc":{"start":{"line":52,"column":13},"end":{"line":54,"column":7}},"type":"if","locations":[{"start":{"line":52,"column":13},"end":{"line":54,"column":7}},{"start":{},"end":{}}]}},"s":{"0":0,"1":0,"2":0,"3":0,"4":0,"5":0,"6":0,"7":0,"8":0,"9":0,"10":0,"11":0,"12":0,"13":0,"14":0},"f":{"0":0,"1":0,"2":0},"b":{"0":[0,0],"1":[0,0],"2":[0,0]}}
,"/Volumes/External/aidefence/components/articles/ArticleCard.tsx": {"path":"/Volumes/External/aidefence/components/articles/ArticleCard.tsx","statementMap":{"0":{"start":{"line":13,"column":0},"end":{"line":13,"column":24}},"1":{"start":{"line":3,"column":0},"end":{"line":3,"column":41}},"2":{"start":{"line":5,"column":0},"end":{"line":5,"column":64}},"3":{"start":{"line":6,"column":0},"end":{"line":6,"column":68}},"4":{"start":{"line":14,"column":38},"end":{"line":14,"column":53}},"5":{"start":{"line":15,"column":18},"end":{"line":15,"column":43}},"6":{"start":{"line":24,"column":24},"end":{"line":28,"column":4}},"7":{"start":{"line":31,"column":23},"end":{"line":34,"column":23}},"8":{"start":{"line":37,"column":22},"end":{"line":39,"column":3}},"9":{"start":{"line":38,"column":4},"end":{"line":38,"column":24}},"10":{"start":{"line":42,"column":24},"end":{"line":47,"column":3}},"11":{"start":{"line":43,"column":4},"end":{"line":46,"column":5}},"12":{"start":{"line":44,"column":6},"end":{"line":44,"column":25}},"13":{"start":{"line":45,"column":6},"end":{"line":45,"column":20}},"14":{"start":{"line":49,"column":2},"end":{"line":85,"column":4}},"15":{"start":{"line":81,"column":23},"end":{"line":81,"column":43}}},"fnMap":{"0":{"name":"ArticleCard","decl":{"start":{"line":13,"column":24},"end":{"line":13,"column":35}},"loc":{"start":{"line":13,"column":78},"end":{"line":86,"column":1}}},"1":{"name":"(anonymous_2)","decl":{"start":{"line":37,"column":22},"end":{"line":37,"column":25}},"loc":{"start":{"line":37,"column":27},"end":{"line":39,"column":3}}},"2":{"name":"(anonymous_3)","decl":{"start":{"line":42,"column":24},"end":{"line":42,"column":25}},"loc":{"start":{"line":42,"column":51},"end":{"line":47,"column":3}}},"3":{"name":"(anonymous_4)","decl":{"start":{"line":81,"column":17},"end":{"line":81,"column":20}},"loc":{"start":{"line":81,"column":23},"end":{"line":81,"column":43}}}},"branchMap":{"0":{"loc":{"start":{"line":43,"column":4},"end":{"line":46,"column":5}},"type":"if","locations":[{"start":{"line":43,"column":4},"end":{"line":46,"column":5}},{"start":{},"end":{}}]},"1":{"loc":{"start":{"line":43,"column":8},"end":{"line":43,"column":42}},"type":"binary-expr","locations":[{"start":{"line":43,"column":8},"end":{"line":43,"column":25}},{"start":{"line":43,"column":29},"end":{"line":43,"column":42}}]}},"s":{"0":0,"1":0,"2":0,"3":0,"4":0,"5":0,"6":0,"7":0,"8":0,"9":0,"10":0,"11":0,"12":0,"13":0,"14":0,"15":0},"f":{"0":0,"1":0,"2":0,"3":0},"b":{"0":[0,0],"1":[0,0]}}
,"/Volumes/External/aidefence/components/articles/ArticleExpanded.tsx": {"path":"/Volumes/External/aidefence/components/articles/ArticleExpanded.tsx","statementMap":{"0":{"start":{"line":41,"column":0},"end":{"line":41,"column":24}},"1":{"start":{"line":3,"column":0},"end":{"line":3,"column":49}},"2":{"start":{"line":4,"column":0},"end":{"line":4,"column":65}},"3":{"start":{"line":5,"column":0},"end":{"line":5,"column":48}},"4":{"start":{"line":7,"column":0},"end":{"line":7,"column":84}},"5":{"start":{"line":8,"column":0},"end":{"line":8,"column":64}},"6":{"start":{"line":9,"column":0},"end":{"line":9,"column":68}},"7":{"start":{"line":10,"column":0},"end":{"line":10,"column":68}},"8":{"start":{"line":11,"column":0},"end":{"line":11,"column":68}},"9":{"start":{"line":12,"column":0},"end":{"line":12,"column":74}},"10":{"start":{"line":42,"column":21},"end":{"line":42,"column":49}},"11":{"start":{"line":43,"column":32},"end":{"line":43,"column":73}},"12":{"start":{"line":44,"column":48},"end":{"line":44,"column":79}},"13":{"start":{"line":45,"column":48},"end":{"line":45,"column":63}},"14":{"start":{"line":48,"column":2},"end":{"line":50,"column":23}},"15":{"start":{"line":49,"column":4},"end":{"line":49,"column":31}},"16":{"start":{"line":53,"column":2},"end":{"line":64,"column":29}},"17":{"start":{"line":54,"column":4},"end":{"line":63,"column":5}},"18":{"start":{"line":56,"column":22},"end":{"line":58,"column":61}},"19":{"start":{"line":57,"column":23},"end":{"line":57,"column":63}},"20":{"start":{"line":57,"column":47},"end":{"line":57,"column":62}},"21":{"start":{"line":58,"column":45},"end":{"line":58,"column":60}},"22":{"start":{"line":60,"column":6},"end":{"line":60,"column":34}},"23":{"start":{"line":62,"column":6},"end":{"line":62,"column":29}},"24":{"start":{"line":67,"column":2},"end":{"line":86,"column":28}},"25":{"start":{"line":68,"column":4},"end":{"line":85,"column":5}},"26":{"start":{"line":70,"column":24},"end":{"line":70,"column":59}},"27":{"start":{"line":73,"column":23},"end":{"line":73,"column":65}},"28":{"start":{"line":76,"column":23},"end":{"line":78,"column":null}},"29":{"start":{"line":81,"column":6},"end":{"line":84,"column":9}},"30":{"start":{"line":98,"column":36},"end":{"line":149,"column":36}},"31":{"start":{"line":99,"column":4},"end":{"line":99,"column":32}},"32":{"start":{"line":99,"column":25},"end":{"line":99,"column":32}},"33":{"start":{"line":101,"column":4},"end":{"line":101,"column":29}},"34":{"start":{"line":103,"column":24},"end":{"line":103,"column":89}},"35":{"start":{"line":106,"column":4},"end":{"line":109,"column":5}},"36":{"start":{"line":107,"column":6},"end":{"line":107,"column":62}},"37":{"start":{"line":108,"column":6},"end":{"line":108,"column":38}},"38":{"start":{"line":112,"column":23},"end":{"line":112,"column":63}},"39":{"start":{"line":112,"column":47},"end":{"line":112,"column":62}},"40":{"start":{"line":113,"column":23},"end":{"line":113,"column":80}},"41":{"start":{"line":114,"column":4},"end":{"line":116,"column":5}},"42":{"start":{"line":115,"column":6},"end":{"line":115,"column":78}},"43":{"start":{"line":119,"column":4},"end":{"line":119,"column":61}},"44":{"start":{"line":119,"column":35},"end":{"line":119,"column":59}},"45":{"start":{"line":122,"column":4},"end":{"line":125,"column":5}},"46":{"start":{"line":123,"column":6},"end":{"line":123,"column":32}},"47":{"start":{"line":124,"column":6},"end":{"line":124,"column":13}},"48":{"start":{"line":128,"column":4},"end":{"line":128,"column":27}},"49":{"start":{"line":131,"column":4},"end":{"line":133,"column":5}},"50":{"start":{"line":132,"column":6},"end":{"line":132,"column":39}},"51":{"start":{"line":136,"column":4},"end":{"line":148,"column":7}},"52":{"start":{"line":137,"column":6},"end":{"line":147,"column":13}},"53":{"start":{"line":138,"column":8},"end":{"line":140,"column":9}},"54":{"start":{"line":139,"column":10},"end":{"line":139,"column":42}},"55":{"start":{"line":141,"column":8},"end":{"line":141,"column":34}},"56":{"start":{"line":144,"column":8},"end":{"line":146,"column":9}},"57":{"start":{"line":145,"column":10},"end":{"line":145,"column":79}},"58":{"start":{"line":156,"column":22},"end":{"line":196,"column":28}},"59":{"start":{"line":158,"column":23},"end":{"line":158,"column":80}},"60":{"start":{"line":159,"column":4},"end":{"line":161,"column":5}},"61":{"start":{"line":160,"column":6},"end":{"line":160,"column":66}},"62":{"start":{"line":163,"column":4},"end":{"line":195,"column":5}},"63":{"start":{"line":165,"column":23},"end":{"line":165,"column":65}},"64":{"start":{"line":166,"column":24},"end":{"line":166,"column":59}},"65":{"start":{"line":168,"column":23},"end":{"line":170,"column":null}},"66":{"start":{"line":173,"column":6},"end":{"line":185,"column":9}},"67":{"start":{"line":177,"column":10},"end":{"line":177,"column":20}},"68":{"start":{"line":179,"column":10},"end":{"line":183,"column":17}},"69":{"start":{"line":180,"column":12},"end":{"line":182,"column":13}},"70":{"start":{"line":181,"column":14},"end":{"line":181,"column":34}},"71":{"start":{"line":188,"column":6},"end":{"line":188,"column":16}},"72":{"start":{"line":190,"column":6},"end":{"line":194,"column":13}},"73":{"start":{"line":191,"column":8},"end":{"line":193,"column":9}},"74":{"start":{"line":192,"column":10},"end":{"line":192,"column":30}},"75":{"start":{"line":204,"column":32},"end":{"line":222,"column":81}},"76":{"start":{"line":205,"column":4},"end":{"line":207,"column":5}},"77":{"start":{"line":206,"column":6},"end":{"line":206,"column":13}},"78":{"start":{"line":210,"column":25},"end":{"line":210,"column":94}},"79":{"start":{"line":210,"column":64},"end":{"line":210,"column":93}},"80":{"start":{"line":212,"column":4},"end":{"line":214,"column":5}},"81":{"start":{"line":213,"column":6},"end":{"line":213,"column":13}},"82":{"start":{"line":217,"column":22},"end":{"line":217,"column":86}},"83":{"start":{"line":218,"column":28},"end":{"line":218,"column":59}},"84":{"start":{"line":221,"column":4},"end":{"line":221,"column":47}},"85":{"start":{"line":230,"column":28},"end":{"line":248,"column":81}},"86":{"start":{"line":231,"column":4},"end":{"line":233,"column":5}},"87":{"start":{"line":232,"column":6},"end":{"line":232,"column":13}},"88":{"start":{"line":236,"column":25},"end":{"line":236,"column":94}},"89":{"start":{"line":236,"column":64},"end":{"line":236,"column":93}},"90":{"start":{"line":238,"column":4},"end":{"line":240,"column":5}},"91":{"start":{"line":239,"column":6},"end":{"line":239,"column":13}},"92":{"start":{"line":243,"column":22},"end":{"line":243,"column":86}},"93":{"start":{"line":244,"column":28},"end":{"line":244,"column":59}},"94":{"start":{"line":247,"column":4},"end":{"line":247,"column":47}},"95":{"start":{"line":251,"column":2},"end":{"line":257,"column":5}},"96":{"start":{"line":261,"column":27},"end":{"line":261,"column":92}},"97":{"start":{"line":262,"column":23},"end":{"line":264,"column":18}},"98":{"start":{"line":267,"column":2},"end":{"line":269,"column":3}},"99":{"start":{"line":268,"column":4},"end":{"line":268,"column":106}},"100":{"start":{"line":272,"column":24},"end":{"line":276,"column":4}},"101":{"start":{"line":278,"column":2},"end":{"line":366,"column":4}},"102":{"start":{"line":279,"column":55},"end":{"line":279,"column":77}}},"fnMap":{"0":{"name":"ArticleExpanded","decl":{"start":{"line":41,"column":24},"end":{"line":41,"column":39}},"loc":{"start":{"line":41,"column":132},"end":{"line":367,"column":1}}},"1":{"name":"(anonymous_11)","decl":{"start":{"line":48,"column":12},"end":{"line":48,"column":15}},"loc":{"start":{"line":48,"column":17},"end":{"line":50,"column":3}}},"2":{"name":"(anonymous_12)","decl":{"start":{"line":53,"column":12},"end":{"line":53,"column":15}},"loc":{"start":{"line":53,"column":17},"end":{"line":64,"column":3}}},"3":{"name":"(anonymous_13)","decl":{"start":{"line":57,"column":13},"end":{"line":57,"column":14}},"loc":{"start":{"line":57,"column":23},"end":{"line":57,"column":63}}},"4":{"name":"(anonymous_14)","decl":{"start":{"line":57,"column":40},"end":{"line":57,"column":41}},"loc":{"start":{"line":57,"column":47},"end":{"line":57,"column":62}}},"5":{"name":"(anonymous_15)","decl":{"start":{"line":58,"column":16},"end":{"line":58,"column":17}},"loc":{"start":{"line":58,"column":45},"end":{"line":58,"column":60}}},"6":{"name":"(anonymous_16)","decl":{"start":{"line":67,"column":12},"end":{"line":67,"column":15}},"loc":{"start":{"line":67,"column":17},"end":{"line":86,"column":3}}},"7":{"name":"(anonymous_17)","decl":{"start":{"line":98,"column":48},"end":{"line":98,"column":53}},"loc":{"start":{"line":98,"column":71},"end":{"line":149,"column":3}}},"8":{"name":"(anonymous_18)","decl":{"start":{"line":112,"column":40},"end":{"line":112,"column":41}},"loc":{"start":{"line":112,"column":47},"end":{"line":112,"column":62}}},"9":{"name":"(anonymous_19)","decl":{"start":{"line":119,"column":22},"end":{"line":119,"column":23}},"loc":{"start":{"line":119,"column":35},"end":{"line":119,"column":59}}},"10":{"name":"(anonymous_20)","decl":{"start":{"line":136,"column":26},"end":{"line":136,"column":29}},"loc":{"start":{"line":136,"column":31},"end":{"line":148,"column":5}}},"11":{"name":"(anonymous_21)","decl":{"start":{"line":137,"column":17},"end":{"line":137,"column":20}},"loc":{"start":{"line":137,"column":22},"end":{"line":147,"column":7}}},"12":{"name":"(anonymous_22)","decl":{"start":{"line":156,"column":34},"end":{"line":156,"column":37}},"loc":{"start":{"line":156,"column":39},"end":{"line":196,"column":3}}},"13":{"name":"(anonymous_23)","decl":{"start":{"line":176,"column":20},"end":{"line":176,"column":23}},"loc":{"start":{"line":176,"column":25},"end":{"line":184,"column":9}}},"14":{"name":"(anonymous_24)","decl":{"start":{"line":179,"column":21},"end":{"line":179,"column":24}},"loc":{"start":{"line":179,"column":26},"end":{"line":183,"column":11}}},"15":{"name":"(anonymous_25)","decl":{"start":{"line":190,"column":17},"end":{"line":190,"column":20}},"loc":{"start":{"line":190,"column":22},"end":{"line":194,"column":7}}},"16":{"name":"(anonymous_26)","decl":{"start":{"line":204,"column":44},"end":{"line":204,"column":47}},"loc":{"start":{"line":204,"column":49},"end":{"line":222,"column":3}}},"17":{"name":"(anonymous_27)","decl":{"start":{"line":210,"column":51},"end":{"line":210,"column":52}},"loc":{"start":{"line":210,"column":64},"end":{"line":210,"column":93}}},"18":{"name":"(anonymous_28)","decl":{"start":{"line":230,"column":40},"end":{"line":230,"column":43}},"loc":{"start":{"line":230,"column":45},"end":{"line":248,"column":3}}},"19":{"name":"(anonymous_29)","decl":{"start":{"line":236,"column":51},"end":{"line":236,"column":52}},"loc":{"start":{"line":236,"column":64},"end":{"line":236,"column":93}}},"20":{"name":"(anonymous_30)","decl":{"start":{"line":279,"column":45},"end":{"line":279,"column":46}},"loc":{"start":{"line":279,"column":55},"end":{"line":279,"column":77}}}},"branchMap":{"0":{"loc":{"start":{"line":54,"column":4},"end":{"line":63,"column":5}},"type":"if","locations":[{"start":{"line":54,"column":4},"end":{"line":63,"column":5}},{"start":{"line":61,"column":11},"end":{"line":63,"column":5}}]},"1":{"loc":{"start":{"line":54,"column":8},"end":{"line":54,"column":71}},"type":"binary-expr","locations":[{"start":{"line":54,"column":8},"end":{"line":54,"column":32}},{"start":{"line":54,"column":36},"end":{"line":54,"column":71}}]},"2":{"loc":{"start":{"line":68,"column":4},"end":{"line":85,"column":5}},"type":"if","locations":[{"start":{"line":68,"column":4},"end":{"line":85,"column":5}},{"start":{},"end":{}}]},"3":{"loc":{"start":{"line":68,"column":8},"end":{"line":68,"column":51}},"type":"binary-expr","locations":[{"start":{"line":68,"column":8},"end":{"line":68,"column":14}},{"start":{"line":68,"column":18},"end":{"line":68,"column":29}},{"start":{"line":68,"column":33},"end":{"line":68,"column":51}}]},"4":{"loc":{"start":{"line":99,"column":4},"end":{"line":99,"column":32}},"type":"if","locations":[{"start":{"line":99,"column":4},"end":{"line":99,"column":32}},{"start":{},"end":{}}]},"5":{"loc":{"start":{"line":103,"column":24},"end":{"line":103,"column":89}},"type":"cond-expr","locations":[{"start":{"line":103,"column":42},"end":{"line":103,"column":44}},{"start":{"line":103,"column":42},"end":{"line":103,"column":89}}]},"6":{"loc":{"start":{"line":103,"column":24},"end":{"line":103,"column":44}},"type":"binary-expr","locations":[{"start":{"line":103,"column":24},"end":{"line":103,"column":44}},{"start":{"line":103,"column":42},"end":{"line":103,"column":44}}]},"7":{"loc":{"start":{"line":106,"column":4},"end":{"line":109,"column":5}},"type":"if","locations":[{"start":{"line":106,"column":4},"end":{"line":109,"column":5}},{"start":{},"end":{}}]},"8":{"loc":{"start":{"line":113,"column":23},"end":{"line":113,"column":80}},"type":"cond-expr","locations":[{"start":{"line":113,"column":41},"end":{"line":113,"column":43}},{"start":{"line":113,"column":41},"end":{"line":113,"column":80}}]},"9":{"loc":{"start":{"line":113,"column":23},"end":{"line":113,"column":43}},"type":"binary-expr","locations":[{"start":{"line":113,"column":23},"end":{"line":113,"column":43}},{"start":{"line":113,"column":41},"end":{"line":113,"column":43}}]},"10":{"loc":{"start":{"line":114,"column":4},"end":{"line":116,"column":5}},"type":"if","locations":[{"start":{"line":114,"column":4},"end":{"line":116,"column":5}},{"start":{},"end":{}}]},"11":{"loc":{"start":{"line":114,"column":8},"end":{"line":114,"column":32}},"type":"binary-expr","locations":[{"start":{"line":114,"column":8},"end":{"line":114,"column":18}},{"start":{"line":114,"column":22},"end":{"line":114,"column":32}}]},"12":{"loc":{"start":{"line":122,"column":4},"end":{"line":125,"column":5}},"type":"if","locations":[{"start":{"line":122,"column":4},"end":{"line":125,"column":5}},{"start":{},"end":{}}]},"13":{"loc":{"start":{"line":131,"column":4},"end":{"line":133,"column":5}},"type":"if","locations":[{"start":{"line":131,"column":4},"end":{"line":133,"column":5}},{"start":{},"end":{}}]},"14":{"loc":{"start":{"line":138,"column":8},"end":{"line":140,"column":9}},"type":"if","locations":[{"start":{"line":138,"column":8},"end":{"line":140,"column":9}},{"start":{},"end":{}}]},"15":{"loc":{"start":{"line":144,"column":8},"end":{"line":146,"column":9}},"type":"if","locations":[{"start":{"line":144,"column":8},"end":{"line":146,"column":9}},{"start":{},"end":{}}]},"16":{"loc":{"start":{"line":158,"column":23},"end":{"line":158,"column":80}},"type":"cond-expr","locations":[{"start":{"line":158,"column":41},"end":{"line":158,"column":43}},{"start":{"line":158,"column":41},"end":{"line":158,"column":80}}]},"17":{"loc":{"start":{"line":158,"column":23},"end":{"line":158,"column":43}},"type":"binary-expr","locations":[{"start":{"line":158,"column":23},"end":{"line":158,"column":43}},{"start":{"line":158,"column":41},"end":{"line":158,"column":43}}]},"18":{"loc":{"start":{"line":159,"column":4},"end":{"line":161,"column":5}},"type":"if","locations":[{"start":{"line":159,"column":4},"end":{"line":161,"column":5}},{"start":{},"end":{}}]},"19":{"loc":{"start":{"line":163,"column":4},"end":{"line":195,"column":5}},"type":"if","locations":[{"start":{"line":163,"column":4},"end":{"line":195,"column":5}},{"start":{"line":186,"column":11},"end":{"line":195,"column":5}}]},"20":{"loc":{"start":{"line":163,"column":8},"end":{"line":163,"column":41}},"type":"binary-expr","locations":[{"start":{"line":163,"column":8},"end":{"line":163,"column":26}},{"start":{"line":163,"column":30},"end":{"line":163,"column":41}}]},"21":{"loc":{"start":{"line":180,"column":12},"end":{"line":182,"column":13}},"type":"if","locations":[{"start":{"line":180,"column":12},"end":{"line":182,"column":13}},{"start":{},"end":{}}]},"22":{"loc":{"start":{"line":191,"column":8},"end":{"line":193,"column":9}},"type":"if","locations":[{"start":{"line":191,"column":8},"end":{"line":193,"column":9}},{"start":{},"end":{}}]},"23":{"loc":{"start":{"line":205,"column":4},"end":{"line":207,"column":5}},"type":"if","locations":[{"start":{"line":205,"column":4},"end":{"line":207,"column":5}},{"start":{},"end":{}}]},"24":{"loc":{"start":{"line":205,"column":8},"end":{"line":205,"column":75}},"type":"binary-expr","locations":[{"start":{"line":205,"column":8},"end":{"line":205,"column":23}},{"start":{"line":205,"column":27},"end":{"line":205,"column":43}},{"start":{"line":205,"column":47},"end":{"line":205,"column":75}}]},"25":{"loc":{"start":{"line":212,"column":4},"end":{"line":214,"column":5}},"type":"if","locations":[{"start":{"line":212,"column":4},"end":{"line":214,"column":5}},{"start":{},"end":{}}]},"26":{"loc":{"start":{"line":217,"column":22},"end":{"line":217,"column":86}},"type":"cond-expr","locations":[{"start":{"line":217,"column":41},"end":{"line":217,"column":57}},{"start":{"line":217,"column":60},"end":{"line":217,"column":86}}]},"27":{"loc":{"start":{"line":231,"column":4},"end":{"line":233,"column":5}},"type":"if","locations":[{"start":{"line":231,"column":4},"end":{"line":233,"column":5}},{"start":{},"end":{}}]},"28":{"loc":{"start":{"line":231,"column":8},"end":{"line":231,"column":75}},"type":"binary-expr","locations":[{"start":{"line":231,"column":8},"end":{"line":231,"column":23}},{"start":{"line":231,"column":27},"end":{"line":231,"column":43}},{"start":{"line":231,"column":47},"end":{"line":231,"column":75}}]},"29":{"loc":{"start":{"line":238,"column":4},"end":{"line":240,"column":5}},"type":"if","locations":[{"start":{"line":238,"column":4},"end":{"line":240,"column":5}},{"start":{},"end":{}}]},"30":{"loc":{"start":{"line":243,"column":22},"end":{"line":243,"column":86}},"type":"cond-expr","locations":[{"start":{"line":243,"column":66},"end":{"line":243,"column":82}},{"start":{"line":243,"column":85},"end":{"line":243,"column":86}}]},"31":{"loc":{"start":{"line":262,"column":23},"end":{"line":264,"column":18}},"type":"cond-expr","locations":[{"start":{"line":263,"column":6},"end":{"line":263,"column":39}},{"start":{"line":264,"column":6},"end":{"line":264,"column":18}}]},"32":{"loc":{"start":{"line":267,"column":2},"end":{"line":269,"column":3}},"type":"if","locations":[{"start":{"line":267,"column":2},"end":{"line":269,"column":3}},{"start":{},"end":{}}]},"33":{"loc":{"start":{"line":267,"column":6},"end":{"line":267,"column":64}},"type":"binary-expr","locations":[{"start":{"line":267,"column":6},"end":{"line":267,"column":22}},{"start":{"line":267,"column":26},"end":{"line":267,"column":64}}]},"34":{"loc":{"start":{"line":279,"column":55},"end":{"line":279,"column":77}},"type":"binary-expr","locations":[{"start":{"line":279,"column":55},"end":{"line":279,"column":60}},{"start":{"line":279,"column":64},"end":{"line":279,"column":77}}]},"35":{"loc":{"start":{"line":304,"column":13},"end":{"line":307,"column":null}},"type":"binary-expr","locations":[{"start":{"line":304,"column":13},"end":{"line":304,"column":28}},{"start":{"line":305,"column":14},"end":{"line":306,"column":null}}]},"36":{"loc":{"start":{"line":339,"column":11},"end":{"line":361,"column":null}},"type":"binary-expr","locations":[{"start":{"line":339,"column":11},"end":{"line":339,"column":37}},{"start":{"line":340,"column":12},"end":{"line":360,"column":null}}]}},"s":{"0":0,"1":0,"2":0,"3":0,"4":0,"5":0,"6":0,"7":0,"8":0,"9":0,"10":0,"11":0,"12":0,"13":0,"14":0,"15":0,"16":0,"17":0,"18":0,"19":0,"20":0,"21":0,"22":0,"23":0,"24":0,"25":0,"26":0,"27":0,"28":0,"29":0,"30":0,"31":0,"32":0,"33":0,"34":0,"35":0,"36":0,"37":0,"38":0,"39":0,"40":0,"41":0,"42":0,"43":0,"44":0,"45":0,"46":0,"47":0,"48":0,"49":0,"50":0,"51":0,"52":0,"53":0,"54":0,"55":0,"56":0,"57":0,"58":0,"59":0,"60":0,"61":0,"62":0,"63":0,"64":0,"65":0,"66":0,"67":0,"68":0,"69":0,"70":0,"71":0,"72":0,"73":0,"74":0,"75":0,"76":0,"77":0,"78":0,"79":0,"80":0,"81":0,"82":0,"83":0,"84":0,"85":0,"86":0,"87":0,"88":0,"89":0,"90":0,"91":0,"92":0,"93":0,"94":0,"95":0,"96":0,"97":0,"98":0,"99":0,"100":0,"101":0,"102":0},"f":{"0":0,"1":0,"2":0,"3":0,"4":0,"5":0,"6":0,"7":0,"8":0,"9":0,"10":0,"11":0,"12":0,"13":0,"14":0,"15":0,"16":0,"17":0,"18":0,"19":0,"20":0},"b":{"0":[0,0],"1":[0,0],"2":[0,0],"3":[0,0,0],"4":[0,0],"5":[0,0],"6":[0,0],"7":[0,0],"8":[0,0],"9":[0,0],"10":[0,0],"11":[0,0],"12":[0,0],"13":[0,0],"14":[0,0],"15":[0,0],"16":[0,0],"17":[0,0],"18":[0,0],"19":[0,0],"20":[0,0],"21":[0,0],"22":[0,0],"23":[0,0],"24":[0,0,0],"25":[0,0],"26":[0,0],"27":[0,0],"28":[0,0,0],"29":[0,0],"30":[0,0],"31":[0,0],"32":[0,0],"33":[0,0],"34":[0,0],"35":[0,0],"36":[0,0]}}
,"/Volumes/External/aidefence/components/articles/ArticlesWithFilter.tsx": {"path":"/Volumes/External/aidefence/components/articles/ArticlesWithFilter.tsx","statementMap":{"0":{"start":{"line":12,"column":0},"end":{"line":12,"column":24}},"1":{"start":{"line":3,"column":0},"end":{"line":3,"column":33}},"2":{"start":{"line":5,"column":0},"end":{"line":5,"column":66}},"3":{"start":{"line":6,"column":0},"end":{"line":6,"column":60}},"4":{"start":{"line":13,"column":50},"end":{"line":13,"column":87}},"5":{"start":{"line":14,"column":40},"end":{"line":14,"column":55}},"6":{"start":{"line":16,"column":29},"end":{"line":25,"column":3}},"7":{"start":{"line":18,"column":4},"end":{"line":18,"column":25}},"8":{"start":{"line":21,"column":4},"end":{"line":24,"column":12}},"9":{"start":{"line":22,"column":6},"end":{"line":22,"column":36}},"10":{"start":{"line":23,"column":6},"end":{"line":23,"column":28}},"11":{"start":{"line":27,"column":2},"end":{"line":43,"column":4}},"12":{"start":{"line":38,"column":12},"end":{"line":38,"column":44}}},"fnMap":{"0":{"name":"ArticlesWithFilter","decl":{"start":{"line":12,"column":24},"end":{"line":12,"column":42}},"loc":{"start":{"line":12,"column":80},"end":{"line":44,"column":1}}},"1":{"name":"(anonymous_2)","decl":{"start":{"line":16,"column":29},"end":{"line":16,"column":30}},"loc":{"start":{"line":16,"column":61},"end":{"line":25,"column":3}}},"2":{"name":"(anonymous_3)","decl":{"start":{"line":21,"column":15},"end":{"line":21,"column":18}},"loc":{"start":{"line":21,"column":20},"end":{"line":24,"column":5}}},"3":{"name":"(anonymous_4)","decl":{"start":{"line":37,"column":31},"end":{"line":37,"column":32}},"loc":{"start":{"line":38,"column":12},"end":{"line":38,"column":44}}}},"branchMap":{"0":{"loc":{"start":{"line":33,"column":39},"end":{"line":33,"column":84}},"type":"cond-expr","locations":[{"start":{"line":33,"column":53},"end":{"line":33,"column":64}},{"start":{"line":33,"column":67},"end":{"line":33,"column":84}}]},"1":{"loc":{"start":{"line":34,"column":9},"end":{"line":39,"column":null}},"type":"cond-expr","locations":[{"start":{"line":35,"column":10},"end":{"line":35,"column":91}},{"start":{"line":37,"column":10},"end":{"line":39,"column":12}}]}},"s":{"0":0,"1":0,"2":0,"3":0,"4":0,"5":0,"6":0,"7":0,"8":0,"9":0,"10":0,"11":0,"12":0},"f":{"0":0,"1":0,"2":0,"3":0},"b":{"0":[0,0],"1":[0,0]}}
,"/Volumes/External/aidefence/components/articles/CategoryBadge.tsx": {"path":"/Volumes/External/aidefence/components/articles/CategoryBadge.tsx","statementMap":{"0":{"start":{"line":28,"column":0},"end":{"line":28,"column":24}},"1":{"start":{"line":1,"column":0},"end":{"line":1,"column":84}},"2":{"start":{"line":2,"column":0},"end":{"line":2,"column":29}},"3":{"start":{"line":29,"column":15},"end":{"line":29,"column":40}},"4":{"start":{"line":30,"column":20},"end":{"line":30,"column":47}},"5":{"start":{"line":32,"column":2},"end":{"line":42,"column":4}}},"fnMap":{"0":{"name":"CategoryBadge","decl":{"start":{"line":28,"column":24},"end":{"line":28,"column":37}},"loc":{"start":{"line":28,"column":70},"end":{"line":43,"column":1}}}},"branchMap":{},"s":{"0":0,"1":0,"2":0,"3":0,"4":0,"5":0},"f":{"0":0},"b":{}}
,"/Volumes/External/aidefence/components/articles/CategoryFilter.tsx": {"path":"/Volumes/External/aidefence/components/articles/CategoryFilter.tsx","statementMap":{"0":{"start":{"line":12,"column":0},"end":{"line":12,"column":24}},"1":{"start":{"line":3,"column":0},"end":{"line":3,"column":33}},"2":{"start":{"line":4,"column":0},"end":{"line":4,"column":68}},"3":{"start":{"line":13,"column":42},"end":{"line":13,"column":65}},"4":{"start":{"line":15,"column":28},"end":{"line":24,"column":3}},"5":{"start":{"line":16,"column":4},"end":{"line":16,"column":30}},"6":{"start":{"line":18,"column":4},"end":{"line":23,"column":5}},"7":{"start":{"line":19,"column":6},"end":{"line":19,"column":31}},"8":{"start":{"line":21,"column":23},"end":{"line":21,"column":82}},"9":{"start":{"line":21,"column":52},"end":{"line":21,"column":81}},"10":{"start":{"line":22,"column":6},"end":{"line":22,"column":31}},"11":{"start":{"line":26,"column":24},"end":{"line":31,"column":3}},"12":{"start":{"line":27,"column":4},"end":{"line":30,"column":5}},"13":{"start":{"line":28,"column":6},"end":{"line":28,"column":25}},"14":{"start":{"line":29,"column":6},"end":{"line":29,"column":34}},"15":{"start":{"line":33,"column":2},"end":{"line":68,"column":4}},"16":{"start":{"line":39,"column":25},"end":{"line":39,"column":49}},"17":{"start":{"line":40,"column":28},"end":{"line":40,"column":51}},"18":{"start":{"line":49,"column":23},"end":{"line":49,"column":48}},"19":{"start":{"line":50,"column":27},"end":{"line":50,"column":52}},"20":{"start":{"line":52,"column":10},"end":{"line":64,"column":12}},"21":{"start":{"line":57,"column":29},"end":{"line":57,"column":56}},"22":{"start":{"line":58,"column":32},"end":{"line":58,"column":58}}},"fnMap":{"0":{"name":"CategoryFilter","decl":{"start":{"line":12,"column":24},"end":{"line":12,"column":38}},"loc":{"start":{"line":12,"column":88},"end":{"line":69,"column":1}}},"1":{"name":"(anonymous_1)","decl":{"start":{"line":15,"column":28},"end":{"line":15,"column":29}},"loc":{"start":{"line":15,"column":49},"end":{"line":24,"column":3}}},"2":{"name":"(anonymous_2)","decl":{"start":{"line":21,"column":39},"end":{"line":21,"column":40}},"loc":{"start":{"line":21,"column":52},"end":{"line":21,"column":81}}},"3":{"name":"(anonymous_3)","decl":{"start":{"line":26,"column":24},"end":{"line":26,"column":25}},"loc":{"start":{"line":26,"column":69},"end":{"line":31,"column":3}}},"4":{"name":"(anonymous_4)","decl":{"start":{"line":39,"column":19},"end":{"line":39,"column":22}},"loc":{"start":{"line":39,"column":25},"end":{"line":39,"column":49}}},"5":{"name":"(anonymous_5)","decl":{"start":{"line":40,"column":21},"end":{"line":40,"column":22}},"loc":{"start":{"line":40,"column":28},"end":{"line":40,"column":51}}},"6":{"name":"(anonymous_6)","decl":{"start":{"line":48,"column":30},"end":{"line":48,"column":31}},"loc":{"start":{"line":48,"column":43},"end":{"line":65,"column":9}}},"7":{"name":"(anonymous_7)","decl":{"start":{"line":57,"column":23},"end":{"line":57,"column":26}},"loc":{"start":{"line":57,"column":29},"end":{"line":57,"column":56}}},"8":{"name":"(anonymous_8)","decl":{"start":{"line":58,"column":25},"end":{"line":58,"column":26}},"loc":{"start":{"line":58,"column":32},"end":{"line":58,"column":58}}}},"branchMap":{"0":{"loc":{"start":{"line":18,"column":4},"end":{"line":23,"column":5}},"type":"if","locations":[{"start":{"line":18,"column":4},"end":{"line":23,"column":5}},{"start":{"line":20,"column":11},"end":{"line":23,"column":5}}]},"1":{"loc":{"start":{"line":27,"column":4},"end":{"line":30,"column":5}},"type":"if","locations":[{"start":{"line":27,"column":4},"end":{"line":30,"column":5}},{"start":{},"end":{}}]},"2":{"loc":{"start":{"line":27,"column":8},"end":{"line":27,"column":42}},"type":"binary-expr","locations":[{"start":{"line":27,"column":8},"end":{"line":27,"column":25}},{"start":{"line":27,"column":29},"end":{"line":27,"column":42}}]},"3":{"loc":{"start":{"line":38,"column":35},"end":{"line":38,"column":73}},"type":"cond-expr","locations":[{"start":{"line":38,"column":60},"end":{"line":38,"column":68}},{"start":{"line":38,"column":71},"end":{"line":38,"column":73}}]},"4":{"loc":{"start":{"line":55,"column":39},"end":{"line":55,"column":63}},"type":"cond-expr","locations":[{"start":{"line":55,"column":50},"end":{"line":55,"column":58}},{"start":{"line":55,"column":61},"end":{"line":55,"column":63}}]}},"s":{"0":0,"1":0,"2":0,"3":0,"4":0,"5":0,"6":0,"7":0,"8":0,"9":0,"10":0,"11":0,"12":0,"13":0,"14":0,"15":0,"16":0,"17":0,"18":0,"19":0,"20":0,"21":0,"22":0},"f":{"0":0,"1":0,"2":0,"3":0,"4":0,"5":0,"6":0,"7":0,"8":0},"b":{"0":[0,0],"1":[0,0],"2":[0,0],"3":[0,0],"4":[0,0]}}
,"/Volumes/External/aidefence/components/articles/MDXComponents.tsx": {"path":"/Volumes/External/aidefence/components/articles/MDXComponents.tsx","statementMap":{"0":{"start":{"line":40,"column":13},"end":{"line":135,"column":2}},"1":{"start":{"line":46,"column":24},"end":{"line":46,"column":62}},"2":{"start":{"line":48,"column":24},"end":{"line":48,"column":62}},"3":{"start":{"line":52,"column":23},"end":{"line":52,"column":58}},"4":{"start":{"line":59,"column":4},"end":{"line":65,"column":null}},"5":{"start":{"line":74,"column":26},"end":{"line":74,"column":77}},"6":{"start":{"line":81,"column":25},"end":{"line":81,"column":66}},"7":{"start":{"line":89,"column":32},"end":{"line":89,"column":94}},"8":{"start":{"line":93,"column":24},"end":{"line":93,"column":62}},"9":{"start":{"line":95,"column":24},"end":{"line":95,"column":62}},"10":{"start":{"line":97,"column":24},"end":{"line":97,"column":62}},"11":{"start":{"line":107,"column":4},"end":{"line":108,"column":null}},"12":{"start":{"line":112,"column":27},"end":{"line":112,"column":74}},"13":{"start":{"line":114,"column":27},"end":{"line":114,"column":74}},"14":{"start":{"line":116,"column":24},"end":{"line":116,"column":62}},"15":{"start":{"line":118,"column":24},"end":{"line":118,"column":62}},"16":{"start":{"line":120,"column":24},"end":{"line":120,"column":62}},"17":{"start":{"line":133,"column":4},"end":{"line":133,"column":72}}},"fnMap":{"0":{"name":"(anonymous_0)","decl":{"start":{"line":46,"column":6},"end":{"line":46,"column":7}},"loc":{"start":{"line":46,"column":24},"end":{"line":46,"column":62}}},"1":{"name":"(anonymous_1)","decl":{"start":{"line":48,"column":6},"end":{"line":48,"column":7}},"loc":{"start":{"line":48,"column":24},"end":{"line":48,"column":62}}},"2":{"name":"(anonymous_2)","decl":{"start":{"line":52,"column":5},"end":{"line":52,"column":6}},"loc":{"start":{"line":52,"column":23},"end":{"line":52,"column":58}}},"3":{"name":"(anonymous_3)","decl":{"start":{"line":58,"column":5},"end":{"line":58,"column":6}},"loc":{"start":{"line":59,"column":4},"end":{"line":65,"column":null}}},"4":{"name":"(anonymous_4)","decl":{"start":{"line":74,"column":8},"end":{"line":74,"column":9}},"loc":{"start":{"line":74,"column":26},"end":{"line":74,"column":77}}},"5":{"name":"(anonymous_5)","decl":{"start":{"line":81,"column":7},"end":{"line":81,"column":8}},"loc":{"start":{"line":81,"column":25},"end":{"line":81,"column":66}}},"6":{"name":"(anonymous_6)","decl":{"start":{"line":89,"column":14},"end":{"line":89,"column":15}},"loc":{"start":{"line":89,"column":32},"end":{"line":89,"column":94}}},"7":{"name":"(anonymous_7)","decl":{"start":{"line":93,"column":6},"end":{"line":93,"column":7}},"loc":{"start":{"line":93,"column":24},"end":{"line":93,"column":62}}},"8":{"name":"(anonymous_8)","decl":{"start":{"line":95,"column":6},"end":{"line":95,"column":7}},"loc":{"start":{"line":95,"column":24},"end":{"line":95,"column":62}}},"9":{"name":"(anonymous_9)","decl":{"start":{"line":97,"column":6},"end":{"line":97,"column":7}},"loc":{"start":{"line":97,"column":24},"end":{"line":97,"column":62}}},"10":{"name":"(anonymous_10)","decl":{"start":{"line":106,"column":9},"end":{"line":106,"column":10}},"loc":{"start":{"line":107,"column":4},"end":{"line":108,"column":null}}},"11":{"name":"(anonymous_11)","decl":{"start":{"line":112,"column":9},"end":{"line":112,"column":10}},"loc":{"start":{"line":112,"column":27},"end":{"line":112,"column":74}}},"12":{"name":"(anonymous_12)","decl":{"start":{"line":114,"column":9},"end":{"line":114,"column":10}},"loc":{"start":{"line":114,"column":27},"end":{"line":114,"column":74}}},"13":{"name":"(anonymous_13)","decl":{"start":{"line":116,"column":6},"end":{"line":116,"column":7}},"loc":{"start":{"line":116,"column":24},"end":{"line":116,"column":62}}},"14":{"name":"(anonymous_14)","decl":{"start":{"line":118,"column":6},"end":{"line":118,"column":7}},"loc":{"start":{"line":118,"column":24},"end":{"line":118,"column":62}}},"15":{"name":"(anonymous_15)","decl":{"start":{"line":120,"column":6},"end":{"line":120,"column":7}},"loc":{"start":{"line":120,"column":24},"end":{"line":120,"column":62}}},"16":{"name":"(anonymous_16)","decl":{"start":{"line":131,"column":7},"end":{"line":131,"column":8}},"loc":{"start":{"line":133,"column":4},"end":{"line":133,"column":72}}}},"branchMap":{"0":{"loc":{"start":{"line":62,"column":14},"end":{"line":62,"column":61}},"type":"cond-expr","locations":[{"start":{"line":62,"column":41},"end":{"line":62,"column":49}},{"start":{"line":62,"column":52},"end":{"line":62,"column":61}}]},"1":{"loc":{"start":{"line":62,"column":14},"end":{"line":62,"column":38}},"type":"cond-expr","locations":[{"start":{"line":62,"column":18},"end":{"line":62,"column":20}},{"start":{"line":62,"column":14},"end":{"line":62,"column":38}}]},"2":{"loc":{"start":{"line":62,"column":14},"end":{"line":62,"column":20}},"type":"binary-expr","locations":[{"start":{"line":62,"column":14},"end":{"line":62,"column":20}},{"start":{"line":62,"column":14},"end":{"line":62,"column":20}}]},"3":{"loc":{"start":{"line":63,"column":11},"end":{"line":63,"column":71}},"type":"cond-expr","locations":[{"start":{"line":63,"column":38},"end":{"line":63,"column":59}},{"start":{"line":63,"column":62},"end":{"line":63,"column":71}}]},"4":{"loc":{"start":{"line":63,"column":11},"end":{"line":63,"column":35}},"type":"cond-expr","locations":[{"start":{"line":63,"column":15},"end":{"line":63,"column":17}},{"start":{"line":63,"column":11},"end":{"line":63,"column":35}}]},"5":{"loc":{"start":{"line":63,"column":11},"end":{"line":63,"column":17}},"type":"binary-expr","locations":[{"start":{"line":63,"column":11},"end":{"line":63,"column":17}},{"start":{"line":63,"column":11},"end":{"line":63,"column":17}}]},"6":{"loc":{"start":{"line":133,"column":24},"end":{"line":133,"column":33}},"type":"binary-expr","locations":[{"start":{"line":133,"column":24},"end":{"line":133,"column":27}},{"start":{"line":133,"column":31},"end":{"line":133,"column":33}}]}},"s":{"0":0,"1":0,"2":0,"3":0,"4":0,"5":0,"6":0,"7":0,"8":0,"9":0,"10":0,"11":0,"12":0,"13":0,"14":0,"15":0,"16":0,"17":0},"f":{"0":0,"1":0,"2":0,"3":0,"4":0,"5":0,"6":0,"7":0,"8":0,"9":0,"10":0,"11":0,"12":0,"13":0,"14":0,"15":0,"16":0},"b":{"0":[0,0],"1":[0,0],"2":[0,0],"3":[0,0],"4":[0,0],"5":[0,0],"6":[0,0]}}
,"/Volumes/External/aidefence/components/articles/RelatedArticles.tsx": {"path":"/Volumes/External/aidefence/components/articles/RelatedArticles.tsx","statementMap":{"0":{"start":{"line":30,"column":0},"end":{"line":30,"column":24}},"1":{"start":{"line":3,"column":0},"end":{"line":3,"column":64}},"2":{"start":{"line":4,"column":0},"end":{"line":4,"column":50}},"3":{"start":{"line":32,"column":2},"end":{"line":34,"column":3}},"4":{"start":{"line":33,"column":4},"end":{"line":33,"column":16}},"5":{"start":{"line":36,"column":2},"end":{"line":70,"column":4}},"6":{"start":{"line":43,"column":31},"end":{"line":43,"column":64}},"7":{"start":{"line":45,"column":10},"end":{"line":66,"column":12}},"8":{"start":{"line":50,"column":29},"end":{"line":50,"column":57}}},"fnMap":{"0":{"name":"RelatedArticles","decl":{"start":{"line":30,"column":24},"end":{"line":30,"column":39}},"loc":{"start":{"line":30,"column":97},"end":{"line":71,"column":1}}},"1":{"name":"(anonymous_2)","decl":{"start":{"line":41,"column":29},"end":{"line":41,"column":30}},"loc":{"start":{"line":41,"column":41},"end":{"line":67,"column":9}}},"2":{"name":"(anonymous_3)","decl":{"start":{"line":50,"column":23},"end":{"line":50,"column":26}},"loc":{"start":{"line":50,"column":29},"end":{"line":50,"column":57}}}},"branchMap":{"0":{"loc":{"start":{"line":32,"column":2},"end":{"line":34,"column":3}},"type":"if","locations":[{"start":{"line":32,"column":2},"end":{"line":34,"column":3}},{"start":{},"end":{}}]},"1":{"loc":{"start":{"line":32,"column":6},"end":{"line":32,"column":54}},"type":"binary-expr","locations":[{"start":{"line":32,"column":6},"end":{"line":32,"column":22}},{"start":{"line":32,"column":26},"end":{"line":32,"column":54}}]}},"s":{"0":0,"1":0,"2":0,"3":0,"4":0,"5":0,"6":0,"7":0,"8":0},"f":{"0":0,"1":0,"2":0},"b":{"0":[0,0],"1":[0,0]}}
,"/Volumes/External/aidefence/components/navigation/FloatingMenu.tsx": {"path":"/Volumes/External/aidefence/components/navigation/FloatingMenu.tsx","statementMap":{"0":{"start":{"line":14,"column":0},"end":{"line":14,"column":16}},"1":{"start":{"line":3,"column":0},"end":{"line":3,"column":52}},"2":{"start":{"line":4,"column":0},"end":{"line":4,"column":46}},"3":{"start":{"line":5,"column":0},"end":{"line":5,"column":29}},"4":{"start":{"line":6,"column":0},"end":{"line":6,"column":57}},"5":{"start":{"line":15,"column":30},"end":{"line":15,"column":45}},"6":{"start":{"line":16,"column":19},"end":{"line":16,"column":32}},"7":{"start":{"line":17,"column":18},"end":{"line":17,"column":46}},"8":{"start":{"line":20,"column":21},"end":{"line":20,"column":37}},"9":{"start":{"line":23,"column":37},"end":{"line":34,"column":8}},"10":{"start":{"line":37,"column":23},"end":{"line":48,"column":3}},"11":{"start":{"line":38,"column":22},"end":{"line":38,"column":43}},"12":{"start":{"line":39,"column":20},"end":{"line":39,"column":54}},"13":{"start":{"line":41,"column":4},"end":{"line":47,"column":5}},"14":{"start":{"line":42,"column":35},"end":{"line":42,"column":96}},"15":{"start":{"line":43,"column":6},"end":{"line":45,"column":9}},"16":{"start":{"line":46,"column":6},"end":{"line":46,"column":23}},"17":{"start":{"line":51,"column":2},"end":{"line":68,"column":19}},"18":{"start":{"line":52,"column":4},"end":{"line":67,"column":5}},"19":{"start":{"line":53,"column":19},"end":{"line":53,"column":39}},"20":{"start":{"line":55,"column":24},"end":{"line":64,"column":13}},"21":{"start":{"line":56,"column":26},"end":{"line":56,"column":47}},"22":{"start":{"line":57,"column":24},"end":{"line":57,"column":58}},"23":{"start":{"line":58,"column":8},"end":{"line":63,"column":9}},"24":{"start":{"line":59,"column":39},"end":{"line":59,"column":100}},"25":{"start":{"line":60,"column":10},"end":{"line":62,"column":13}},"26":{"start":{"line":66,"column":6},"end":{"line":66,"column":43}},"27":{"start":{"line":66,"column":19},"end":{"line":66,"column":42}},"28":{"start":{"line":71,"column":2},"end":{"line":85,"column":15}},"29":{"start":{"line":72,"column":31},"end":{"line":76,"column":5}},"30":{"start":{"line":73,"column":6},"end":{"line":75,"column":7}},"31":{"start":{"line":74,"column":8},"end":{"line":74,"column":25}},"32":{"start":{"line":78,"column":4},"end":{"line":80,"column":5}},"33":{"start":{"line":79,"column":6},"end":{"line":79,"column":65}},"34":{"start":{"line":82,"column":4},"end":{"line":84,"column":6}},"35":{"start":{"line":83,"column":6},"end":{"line":83,"column":68}},"36":{"start":{"line":88,"column":2},"end":{"line":97,"column":15}},"37":{"start":{"line":89,"column":25},"end":{"line":93,"column":5}},"38":{"start":{"line":90,"column":6},"end":{"line":92,"column":7}},"39":{"start":{"line":91,"column":8},"end":{"line":91,"column":25}},"40":{"start":{"line":95,"column":4},"end":{"line":95,"column":55}},"41":{"start":{"line":96,"column":4},"end":{"line":96,"column":71}},"42":{"start":{"line":96,"column":17},"end":{"line":96,"column":70}},"43":{"start":{"line":99,"column":2},"end":{"line":169,"column":4}},"44":{"start":{"line":104,"column":25},"end":{"line":104,"column":40}},"45":{"start":{"line":117,"column":27},"end":{"line":117,"column":43}},"46":{"start":{"line":127,"column":14},"end":{"line":161,"column":15}},"47":{"start":{"line":128,"column":16},"end":{"line":137,"column":18}},"48":{"start":{"line":131,"column":35},"end":{"line":131,"column":58}},"49":{"start":{"line":138,"column":21},"end":{"line":161,"column":15}},"50":{"start":{"line":139,"column":16},"end":{"line":149,"column":18}},"51":{"start":{"line":144,"column":35},"end":{"line":144,"column":51}},"52":{"start":{"line":152,"column":16},"end":{"line":160,"column":18}}},"fnMap":{"0":{"name":"FloatingMenu","decl":{"start":{"line":14,"column":16},"end":{"line":14,"column":28}},"loc":{"start":{"line":14,"column":28},"end":{"line":170,"column":1}}},"1":{"name":"(anonymous_2)","decl":{"start":{"line":37,"column":23},"end":{"line":37,"column":24}},"loc":{"start":{"line":37,"column":40},"end":{"line":48,"column":3}}},"2":{"name":"(anonymous_3)","decl":{"start":{"line":51,"column":12},"end":{"line":51,"column":15}},"loc":{"start":{"line":51,"column":17},"end":{"line":68,"column":3}}},"3":{"name":"(anonymous_4)","decl":{"start":{"line":55,"column":35},"end":{"line":55,"column":38}},"loc":{"start":{"line":55,"column":40},"end":{"line":64,"column":7}}},"4":{"name":"(anonymous_5)","decl":{"start":{"line":66,"column":13},"end":{"line":66,"column":16}},"loc":{"start":{"line":66,"column":19},"end":{"line":66,"column":42}}},"5":{"name":"(anonymous_6)","decl":{"start":{"line":71,"column":12},"end":{"line":71,"column":15}},"loc":{"start":{"line":71,"column":17},"end":{"line":85,"column":3}}},"6":{"name":"(anonymous_7)","decl":{"start":{"line":72,"column":31},"end":{"line":72,"column":32}},"loc":{"start":{"line":72,"column":53},"end":{"line":76,"column":5}}},"7":{"name":"(anonymous_8)","decl":{"start":{"line":82,"column":11},"end":{"line":82,"column":14}},"loc":{"start":{"line":82,"column":16},"end":{"line":84,"column":5}}},"8":{"name":"(anonymous_9)","decl":{"start":{"line":88,"column":12},"end":{"line":88,"column":15}},"loc":{"start":{"line":88,"column":17},"end":{"line":97,"column":3}}},"9":{"name":"(anonymous_10)","decl":{"start":{"line":89,"column":25},"end":{"line":89,"column":26}},"loc":{"start":{"line":89,"column":50},"end":{"line":93,"column":5}}},"10":{"name":"(anonymous_11)","decl":{"start":{"line":96,"column":11},"end":{"line":96,"column":14}},"loc":{"start":{"line":96,"column":17},"end":{"line":96,"column":70}}},"11":{"name":"(anonymous_12)","decl":{"start":{"line":104,"column":19},"end":{"line":104,"column":22}},"loc":{"start":{"line":104,"column":25},"end":{"line":104,"column":40}}},"12":{"name":"(anonymous_13)","decl":{"start":{"line":117,"column":21},"end":{"line":117,"column":24}},"loc":{"start":{"line":117,"column":27},"end":{"line":117,"column":43}}},"13":{"name":"(anonymous_14)","decl":{"start":{"line":126,"column":33},"end":{"line":126,"column":34}},"loc":{"start":{"line":126,"column":42},"end":{"line":162,"column":13}}},"14":{"name":"(anonymous_15)","decl":{"start":{"line":131,"column":29},"end":{"line":131,"column":32}},"loc":{"start":{"line":131,"column":35},"end":{"line":131,"column":58}}},"15":{"name":"(anonymous_16)","decl":{"start":{"line":144,"column":29},"end":{"line":144,"column":32}},"loc":{"start":{"line":144,"column":35},"end":{"line":144,"column":51}}}},"branchMap":{"0":{"loc":{"start":{"line":23,"column":37},"end":{"line":34,"column":8}},"type":"cond-expr","locations":[{"start":{"line":24,"column":6},"end":{"line":29,"column":null}},{"start":{"line":30,"column":6},"end":{"line":34,"column":8}}]},"1":{"loc":{"start":{"line":41,"column":4},"end":{"line":47,"column":5}},"type":"if","locations":[{"start":{"line":41,"column":4},"end":{"line":47,"column":5}},{"start":{},"end":{}}]},"2":{"loc":{"start":{"line":44,"column":18},"end":{"line":44,"column":58}},"type":"cond-expr","locations":[{"start":{"line":44,"column":41},"end":{"line":44,"column":47}},{"start":{"line":44,"column":50},"end":{"line":44,"column":58}}]},"3":{"loc":{"start":{"line":52,"column":4},"end":{"line":67,"column":5}},"type":"if","locations":[{"start":{"line":52,"column":4},"end":{"line":67,"column":5}},{"start":{},"end":{}}]},"4":{"loc":{"start":{"line":52,"column":8},"end":{"line":52,"column":42}},"type":"binary-expr","locations":[{"start":{"line":52,"column":8},"end":{"line":52,"column":18}},{"start":{"line":52,"column":22},"end":{"line":52,"column":42}}]},"5":{"loc":{"start":{"line":58,"column":8},"end":{"line":63,"column":9}},"type":"if","locations":[{"start":{"line":58,"column":8},"end":{"line":63,"column":9}},{"start":{},"end":{}}]},"6":{"loc":{"start":{"line":61,"column":22},"end":{"line":61,"column":62}},"type":"cond-expr","locations":[{"start":{"line":61,"column":45},"end":{"line":61,"column":51}},{"start":{"line":61,"column":54},"end":{"line":61,"column":62}}]},"7":{"loc":{"start":{"line":73,"column":6},"end":{"line":75,"column":7}},"type":"if","locations":[{"start":{"line":73,"column":6},"end":{"line":75,"column":7}},{"start":{},"end":{}}]},"8":{"loc":{"start":{"line":73,"column":10},"end":{"line":73,"column":76}},"type":"binary-expr","locations":[{"start":{"line":73,"column":10},"end":{"line":73,"column":25}},{"start":{"line":73,"column":29},"end":{"line":73,"column":76}}]},"9":{"loc":{"start":{"line":78,"column":4},"end":{"line":80,"column":5}},"type":"if","locations":[{"start":{"line":78,"column":4},"end":{"line":80,"column":5}},{"start":{},"end":{}}]},"10":{"loc":{"start":{"line":90,"column":6},"end":{"line":92,"column":7}},"type":"if","locations":[{"start":{"line":90,"column":6},"end":{"line":92,"column":7}},{"start":{},"end":{}}]},"11":{"loc":{"start":{"line":90,"column":10},"end":{"line":90,"column":42}},"type":"binary-expr","locations":[{"start":{"line":90,"column":10},"end":{"line":90,"column":32}},{"start":{"line":90,"column":36},"end":{"line":90,"column":42}}]},"12":{"loc":{"start":{"line":102,"column":7},"end":{"line":110,"column":null}},"type":"binary-expr","locations":[{"start":{"line":102,"column":7},"end":{"line":102,"column":14}},{"start":{"line":103,"column":8},"end":{"line":107,"column":null}}]},"13":{"loc":{"start":{"line":114,"column":7},"end":{"line":166,"column":null}},"type":"binary-expr","locations":[{"start":{"line":114,"column":7},"end":{"line":114,"column":13}},{"start":{"line":115,"column":8},"end":{"line":165,"column":null}}]},"14":{"loc":{"start":{"line":127,"column":14},"end":{"line":161,"column":15}},"type":"if","locations":[{"start":{"line":127,"column":14},"end":{"line":161,"column":15}},{"start":{"line":138,"column":21},"end":{"line":161,"column":15}}]},"15":{"loc":{"start":{"line":138,"column":21},"end":{"line":161,"column":15}},"type":"if","locations":[{"start":{"line":138,"column":21},"end":{"line":161,"column":15}},{"start":{"line":150,"column":21},"end":{"line":161,"column":15}}]}},"s":{"0":0,"1":0,"2":0,"3":0,"4":0,"5":0,"6":0,"7":0,"8":0,"9":0,"10":0,"11":0,"12":0,"13":0,"14":0,"15":0,"16":0,"17":0,"18":0,"19":0,"20":0,"21":0,"22":0,"23":0,"24":0,"25":0,"26":0,"27":0,"28":0,"29":0,"30":0,"31":0,"32":0,"33":0,"34":0,"35":0,"36":0,"37":0,"38":0,"39":0,"40":0,"41":0,"42":0,"43":0,"44":0,"45":0,"46":0,"47":0,"48":0,"49":0,"50":0,"51":0,"52":0},"f":{"0":0,"1":0,"2":0,"3":0,"4":0,"5":0,"6":0,"7":0,"8":0,"9":0,"10":0,"11":0,"12":0,"13":0,"14":0,"15":0},"b":{"0":[0,0],"1":[0,0],"2":[0,0],"3":[0,0],"4":[0,0],"5":[0,0],"6":[0,0],"7":[0,0],"8":[0,0],"9":[0,0],"10":[0,0],"11":[0,0],"12":[0,0],"13":[0,0],"14":[0,0],"15":[0,0]}}
,"/Volumes/External/aidefence/components/portfolio/FeaturedArticle.tsx": {"path":"/Volumes/External/aidefence/components/portfolio/FeaturedArticle.tsx","statementMap":{"0":{"start":{"line":11,"column":0},"end":{"line":11,"column":16}},"1":{"start":{"line":3,"column":0},"end":{"line":3,"column":29}},"2":{"start":{"line":5,"column":0},"end":{"line":5,"column":64}},"3":{"start":{"line":13,"column":22},"end":{"line":15,"column":null}},"4":{"start":{"line":19,"column":27},"end":{"line":34,"column":3}},"5":{"start":{"line":20,"column":51},"end":{"line":32,"column":6}},"6":{"start":{"line":33,"column":4},"end":{"line":33,"column":69}},"7":{"start":{"line":36,"column":24},"end":{"line":36,"column":58}},"8":{"start":{"line":38,"column":2},"end":{"line":61,"column":4}}},"fnMap":{"0":{"name":"FeaturedArticle","decl":{"start":{"line":11,"column":16},"end":{"line":11,"column":31}},"loc":{"start":{"line":11,"column":65},"end":{"line":62,"column":1}}},"1":{"name":"(anonymous_2)","decl":{"start":{"line":19,"column":27},"end":{"line":19,"column":28}},"loc":{"start":{"line":19,"column":56},"end":{"line":34,"column":3}}}},"branchMap":{"0":{"loc":{"start":{"line":33,"column":11},"end":{"line":33,"column":68}},"type":"binary-expr","locations":[{"start":{"line":33,"column":11},"end":{"line":33,"column":35}},{"start":{"line":33,"column":39},"end":{"line":33,"column":68}}]}},"s":{"0":0,"1":0,"2":0,"3":0,"4":0,"5":0,"6":0,"7":0,"8":0},"f":{"0":0,"1":0},"b":{"0":[0,0]}}
,"/Volumes/External/aidefence/components/portfolio/PortfolioCard.tsx": {"path":"/Volumes/External/aidefence/components/portfolio/PortfolioCard.tsx","statementMap":{"0":{"start":{"line":12,"column":0},"end":{"line":12,"column":16}},"1":{"start":{"line":3,"column":0},"end":{"line":3,"column":31}},"2":{"start":{"line":18,"column":2},"end":{"line":49,"column":4}}},"fnMap":{"0":{"name":"PortfolioCard","decl":{"start":{"line":12,"column":16},"end":{"line":12,"column":29}},"loc":{"start":{"line":17,"column":21},"end":{"line":50,"column":1}}}},"branchMap":{"0":{"loc":{"start":{"line":21,"column":9},"end":{"line":30,"column":null}},"type":"cond-expr","locations":[{"start":{"line":22,"column":10},"end":{"line":27,"column":null}},{"start":{"line":30,"column":10},"end":{"line":30,"column":56}}]}},"s":{"0":0,"1":0,"2":0},"f":{"0":0},"b":{"0":[0,0]}}
,"/Volumes/External/aidefence/components/theme/ThemeToggle.tsx": {"path":"/Volumes/External/aidefence/components/theme/ThemeToggle.tsx","statementMap":{"0":{"start":{"line":7,"column":0},"end":{"line":7,"column":24}},"1":{"start":{"line":3,"column":0},"end":{"line":3,"column":44}},"2":{"start":{"line":4,"column":0},"end":{"line":4,"column":39}},"3":{"start":{"line":5,"column":0},"end":{"line":5,"column":27}},"4":{"start":{"line":8,"column":32},"end":{"line":8,"column":47}},"5":{"start":{"line":9,"column":30},"end":{"line":9,"column":40}},"6":{"start":{"line":12,"column":2},"end":{"line":15,"column":9}},"7":{"start":{"line":14,"column":4},"end":{"line":14,"column":21}},"8":{"start":{"line":17,"column":2},"end":{"line":28,"column":3}},"9":{"start":{"line":19,"column":4},"end":{"line":27,"column":6}},"10":{"start":{"line":30,"column":23},"end":{"line":30,"column":38}},"11":{"start":{"line":31,"column":20},"end":{"line":31,"column":62}},"12":{"start":{"line":32,"column":20},"end":{"line":32,"column":91}},"13":{"start":{"line":34,"column":23},"end":{"line":36,"column":3}},"14":{"start":{"line":35,"column":4},"end":{"line":35,"column":24}},"15":{"start":{"line":38,"column":2},"end":{"line":49,"column":4}}},"fnMap":{"0":{"name":"ThemeToggle","decl":{"start":{"line":7,"column":24},"end":{"line":7,"column":35}},"loc":{"start":{"line":7,"column":35},"end":{"line":50,"column":1}}},"1":{"name":"(anonymous_1)","decl":{"start":{"line":12,"column":12},"end":{"line":12,"column":15}},"loc":{"start":{"line":12,"column":17},"end":{"line":15,"column":3}}},"2":{"name":"(anonymous_2)","decl":{"start":{"line":34,"column":23},"end":{"line":34,"column":26}},"loc":{"start":{"line":34,"column":28},"end":{"line":36,"column":3}}}},"branchMap":{"0":{"loc":{"start":{"line":17,"column":2},"end":{"line":28,"column":3}},"type":"if","locations":[{"start":{"line":17,"column":2},"end":{"line":28,"column":3}},{"start":{},"end":{}}]},"1":{"loc":{"start":{"line":30,"column":23},"end":{"line":30,"column":38}},"type":"binary-expr","locations":[{"start":{"line":30,"column":23},"end":{"line":30,"column":28}},{"start":{"line":30,"column":32},"end":{"line":30,"column":38}}]},"2":{"loc":{"start":{"line":31,"column":20},"end":{"line":31,"column":62}},"type":"cond-expr","locations":[{"start":{"line":31,"column":46},"end":{"line":31,"column":53}},{"start":{"line":31,"column":56},"end":{"line":31,"column":62}}]},"3":{"loc":{"start":{"line":46,"column":9},"end":{"line":46,"column":44}},"type":"cond-expr","locations":[{"start":{"line":46,"column":35},"end":{"line":46,"column":38}},{"start":{"line":46,"column":41},"end":{"line":46,"column":44}}]}},"s":{"0":0,"1":0,"2":0,"3":0,"4":0,"5":0,"6":0,"7":0,"8":0,"9":0,"10":0,"11":0,"12":0,"13":0,"14":0,"15":0},"f":{"0":0,"1":0,"2":0},"b":{"0":[0,0],"1":[0,0],"2":[0,0],"3":[0,0]}}
,"/Volumes/External/aidefence/lib/animations.ts": {"path":"/Volumes/External/aidefence/lib/animations.ts","statementMap":{"0":{"start":{"line":77,"column":0},"end":{"line":77,"column":16}},"1":{"start":{"line":122,"column":0},"end":{"line":122,"column":16}},"2":{"start":{"line":196,"column":0},"end":{"line":196,"column":16}},"3":{"start":{"line":78,"column":2},"end":{"line":85,"column":4}},"4":{"start":{"line":131,"column":31},"end":{"line":133,"column":11}},"5":{"start":{"line":135,"column":2},"end":{"line":141,"column":3}},"6":{"start":{"line":137,"column":4},"end":{"line":137,"column":33}},"7":{"start":{"line":138,"column":4},"end":{"line":138,"column":32}},"8":{"start":{"line":139,"column":4},"end":{"line":139,"column":27}},"9":{"start":{"line":140,"column":4},"end":{"line":140,"column":11}},"10":{"start":{"line":145,"column":2},"end":{"line":148,"column":4}},"11":{"start":{"line":149,"column":2},"end":{"line":149,"column":30}},"12":{"start":{"line":153,"column":2},"end":{"line":169,"column":5}},"13":{"start":{"line":155,"column":4},"end":{"line":158,"column":6}},"14":{"start":{"line":161,"column":4},"end":{"line":161,"column":33}},"15":{"start":{"line":162,"column":4},"end":{"line":162,"column":32}},"16":{"start":{"line":165,"column":4},"end":{"line":168,"column":25}},"17":{"start":{"line":166,"column":6},"end":{"line":166,"column":36}},"18":{"start":{"line":167,"column":6},"end":{"line":167,"column":29}},"19":{"start":{"line":205,"column":31},"end":{"line":207,"column":11}},"20":{"start":{"line":209,"column":2},"end":{"line":218,"column":3}},"21":{"start":{"line":211,"column":4},"end":{"line":214,"column":6}},"22":{"start":{"line":215,"column":4},"end":{"line":215,"column":32}},"23":{"start":{"line":216,"column":4},"end":{"line":216,"column":27}},"24":{"start":{"line":217,"column":4},"end":{"line":217,"column":11}},"25":{"start":{"line":222,"column":2},"end":{"line":225,"column":4}},"26":{"start":{"line":228,"column":2},"end":{"line":231,"column":4}},"27":{"start":{"line":232,"column":2},"end":{"line":232,"column":30}},"28":{"start":{"line":235,"column":2},"end":{"line":239,"column":23}},"29":{"start":{"line":236,"column":4},"end":{"line":236,"column":34}},"30":{"start":{"line":237,"column":4},"end":{"line":237,"column":33}},"31":{"start":{"line":238,"column":4},"end":{"line":238,"column":27}}},"fnMap":{"0":{"name":"calculateFLIP","decl":{"start":{"line":77,"column":16},"end":{"line":77,"column":29}},"loc":{"start":{"line":77,"column":61},"end":{"line":86,"column":1}}},"1":{"name":"animateExpansion","decl":{"start":{"line":122,"column":16},"end":{"line":122,"column":32}},"loc":{"start":{"line":128,"column":3},"end":{"line":170,"column":1}}},"2":{"name":"(anonymous_2)","decl":{"start":{"line":153,"column":24},"end":{"line":153,"column":27}},"loc":{"start":{"line":153,"column":29},"end":{"line":169,"column":3}}},"3":{"name":"(anonymous_3)","decl":{"start":{"line":165,"column":15},"end":{"line":165,"column":18}},"loc":{"start":{"line":165,"column":20},"end":{"line":168,"column":5}}},"4":{"name":"animateCollapse","decl":{"start":{"line":196,"column":16},"end":{"line":196,"column":31}},"loc":{"start":{"line":202,"column":3},"end":{"line":240,"column":1}}},"5":{"name":"(anonymous_5)","decl":{"start":{"line":235,"column":13},"end":{"line":235,"column":16}},"loc":{"start":{"line":235,"column":18},"end":{"line":239,"column":3}}}},"branchMap":{"0":{"loc":{"start":{"line":83,"column":12},"end":{"line":83,"column":59}},"type":"cond-expr","locations":[{"start":{"line":83,"column":31},"end":{"line":83,"column":32}},{"start":{"line":83,"column":35},"end":{"line":83,"column":59}}]},"1":{"loc":{"start":{"line":84,"column":12},"end":{"line":84,"column":62}},"type":"cond-expr","locations":[{"start":{"line":84,"column":32},"end":{"line":84,"column":33}},{"start":{"line":84,"column":36},"end":{"line":84,"column":62}}]},"2":{"loc":{"start":{"line":125,"column":2},"end":{"line":128,"column":null}},"type":"default-arg","locations":[{"start":{"line":125,"column":30},"end":{"line":128,"column":null}}]},"3":{"loc":{"start":{"line":135,"column":2},"end":{"line":141,"column":3}},"type":"if","locations":[{"start":{"line":135,"column":2},"end":{"line":141,"column":3}},{"start":{},"end":{}}]},"4":{"loc":{"start":{"line":139,"column":4},"end":{"line":139,"column":26}},"type":"cond-expr","locations":[{"start":{"line":139,"column":22},"end":{"line":139,"column":26}},{"start":{"line":139,"column":22},"end":{"line":139,"column":26}}]},"5":{"loc":{"start":{"line":139,"column":4},"end":{"line":139,"column":26}},"type":"binary-expr","locations":[{"start":{"line":139,"column":4},"end":{"line":139,"column":26}},{"start":{"line":139,"column":22},"end":{"line":139,"column":26}}]},"6":{"loc":{"start":{"line":167,"column":6},"end":{"line":167,"column":28}},"type":"cond-expr","locations":[{"start":{"line":167,"column":24},"end":{"line":167,"column":28}},{"start":{"line":167,"column":24},"end":{"line":167,"column":28}}]},"7":{"loc":{"start":{"line":167,"column":6},"end":{"line":167,"column":28}},"type":"binary-expr","locations":[{"start":{"line":167,"column":6},"end":{"line":167,"column":28}},{"start":{"line":167,"column":24},"end":{"line":167,"column":28}}]},"8":{"loc":{"start":{"line":199,"column":2},"end":{"line":202,"column":null}},"type":"default-arg","locations":[{"start":{"line":199,"column":30},"end":{"line":202,"column":null}}]},"9":{"loc":{"start":{"line":209,"column":2},"end":{"line":218,"column":3}},"type":"if","locations":[{"start":{"line":209,"column":2},"end":{"line":218,"column":3}},{"start":{},"end":{}}]},"10":{"loc":{"start":{"line":216,"column":4},"end":{"line":216,"column":26}},"type":"cond-expr","locations":[{"start":{"line":216,"column":22},"end":{"line":216,"column":26}},{"start":{"line":216,"column":22},"end":{"line":216,"column":26}}]},"11":{"loc":{"start":{"line":216,"column":4},"end":{"line":216,"column":26}},"type":"binary-expr","locations":[{"start":{"line":216,"column":4},"end":{"line":216,"column":26}},{"start":{"line":216,"column":22},"end":{"line":216,"column":26}}]},"12":{"loc":{"start":{"line":238,"column":4},"end":{"line":238,"column":26}},"type":"cond-expr","locations":[{"start":{"line":238,"column":22},"end":{"line":238,"column":26}},{"start":{"line":238,"column":22},"end":{"line":238,"column":26}}]},"13":{"loc":{"start":{"line":238,"column":4},"end":{"line":238,"column":26}},"type":"binary-expr","locations":[{"start":{"line":238,"column":4},"end":{"line":238,"column":26}},{"start":{"line":238,"column":22},"end":{"line":238,"column":26}}]}},"s":{"0":1,"1":1,"2":1,"3":6,"4":5,"5":5,"6":1,"7":1,"8":1,"9":1,"10":4,"11":4,"12":4,"13":4,"14":4,"15":4,"16":4,"17":1,"18":1,"19":5,"20":5,"21":1,"22":1,"23":1,"24":1,"25":4,"26":4,"27":4,"28":4,"29":1,"30":1,"31":1},"f":{"0":6,"1":5,"2":4,"3":1,"4":5,"5":1},"b":{"0":[1,5],"1":[1,5],"2":[2],"3":[1,4],"4":[0,1],"5":[1,1],"6":[0,1],"7":[1,1],"8":[3],"9":[1,4],"10":[0,1],"11":[1,1],"12":[0,1],"13":[1,1]}}
,"/Volumes/External/aidefence/lib/article-utils.ts": {"path":"/Volumes/External/aidefence/lib/article-utils.ts","statementMap":{"0":{"start":{"line":42,"column":0},"end":{"line":42,"column":7}},"1":{"start":{"line":149,"column":0},"end":{"line":149,"column":7}},"2":{"start":{"line":187,"column":0},"end":{"line":187,"column":7}},"3":{"start":{"line":10,"column":0},"end":{"line":10,"column":29}},"4":{"start":{"line":11,"column":0},"end":{"line":11,"column":24}},"5":{"start":{"line":12,"column":0},"end":{"line":12,"column":64}},"6":{"start":{"line":13,"column":0},"end":{"line":13,"column":51}},"7":{"start":{"line":14,"column":0},"end":{"line":14,"column":60}},"8":{"start":{"line":20,"column":21},"end":{"line":20,"column":68}},"9":{"start":{"line":45,"column":2},"end":{"line":53,"column":3}},"10":{"start":{"line":46,"column":4},"end":{"line":46,"column":43}},"11":{"start":{"line":48,"column":16},"end":{"line":48,"column":46}},"12":{"start":{"line":49,"column":4},"end":{"line":51,"column":5}},"13":{"start":{"line":50,"column":6},"end":{"line":50,"column":117}},"14":{"start":{"line":52,"column":4},"end":{"line":52,"column":73}},"15":{"start":{"line":56,"column":24},"end":{"line":56,"column":66}},"16":{"start":{"line":56,"column":45},"end":{"line":56,"column":65}},"17":{"start":{"line":59,"column":38},"end":{"line":59,"column":40}},"18":{"start":{"line":61,"column":2},"end":{"line":73,"column":3}},"19":{"start":{"line":62,"column":21},"end":{"line":62,"column":50}},"20":{"start":{"line":63,"column":37},"end":{"line":63,"column":76}},"21":{"start":{"line":66,"column":25},"end":{"line":69,"column":null}},"22":{"start":{"line":72,"column":4},"end":{"line":72,"column":35}},"23":{"start":{"line":93,"column":2},"end":{"line":97,"column":5}},"24":{"start":{"line":94,"column":18},"end":{"line":94,"column":48}},"25":{"start":{"line":95,"column":18},"end":{"line":95,"column":48}},"26":{"start":{"line":96,"column":4},"end":{"line":96,"column":45}},"27":{"start":{"line":101,"column":41},"end":{"line":113,"column":5}},"28":{"start":{"line":101,"column":68},"end":{"line":113,"column":4}},"29":{"start":{"line":116,"column":30},"end":{"line":122,"column":4}},"30":{"start":{"line":117,"column":28},"end":{"line":117,"column":76}},"31":{"start":{"line":118,"column":4},"end":{"line":120,"column":null}},"32":{"start":{"line":120,"column":51},"end":{"line":120,"column":57}},"33":{"start":{"line":124,"column":2},"end":{"line":124,"column":29}},"34":{"start":{"line":151,"column":22},"end":{"line":151,"column":50}},"35":{"start":{"line":152,"column":2},"end":{"line":154,"column":3}},"36":{"start":{"line":153,"column":4},"end":{"line":153,"column":108}},"37":{"start":{"line":157,"column":22},"end":{"line":157,"column":44}},"38":{"start":{"line":160,"column":18},"end":{"line":160,"column":58}},"39":{"start":{"line":160,"column":42},"end":{"line":160,"column":57}},"40":{"start":{"line":162,"column":2},"end":{"line":164,"column":3}},"41":{"start":{"line":163,"column":4},"end":{"line":163,"column":50}},"42":{"start":{"line":166,"column":2},"end":{"line":166,"column":17}},"43":{"start":{"line":189,"column":2},"end":{"line":193,"column":3}},"44":{"start":{"line":190,"column":4},"end":{"line":192,"column":6}},"45":{"start":{"line":196,"column":22},"end":{"line":196,"column":44}},"46":{"start":{"line":199,"column":2},"end":{"line":199,"column":72}},"47":{"start":{"line":199,"column":41},"end":{"line":199,"column":70}}},"fnMap":{"0":{"name":"getAllArticles","decl":{"start":{"line":42,"column":22},"end":{"line":42,"column":36}},"loc":{"start":{"line":42,"column":36},"end":{"line":125,"column":1}}},"1":{"name":"(anonymous_2)","decl":{"start":{"line":56,"column":37},"end":{"line":56,"column":41}},"loc":{"start":{"line":56,"column":45},"end":{"line":56,"column":65}}},"2":{"name":"(anonymous_3)","decl":{"start":{"line":93,"column":16},"end":{"line":93,"column":17}},"loc":{"start":{"line":93,"column":25},"end":{"line":97,"column":3}}},"3":{"name":"(anonymous_4)","decl":{"start":{"line":101,"column":54},"end":{"line":101,"column":55}},"loc":{"start":{"line":101,"column":68},"end":{"line":113,"column":4}}},"4":{"name":"(anonymous_5)","decl":{"start":{"line":116,"column":43},"end":{"line":116,"column":44}},"loc":{"start":{"line":116,"column":55},"end":{"line":122,"column":3}}},"5":{"name":"(anonymous_6)","decl":{"start":{"line":120,"column":44},"end":{"line":120,"column":45}},"loc":{"start":{"line":120,"column":51},"end":{"line":120,"column":57}}},"6":{"name":"getArticleBySlug","decl":{"start":{"line":149,"column":22},"end":{"line":149,"column":38}},"loc":{"start":{"line":149,"column":51},"end":{"line":167,"column":1}}},"7":{"name":"(anonymous_8)","decl":{"start":{"line":160,"column":35},"end":{"line":160,"column":36}},"loc":{"start":{"line":160,"column":42},"end":{"line":160,"column":57}}},"8":{"name":"getArticlesByCategory","decl":{"start":{"line":187,"column":22},"end":{"line":187,"column":43}},"loc":{"start":{"line":187,"column":60},"end":{"line":200,"column":1}}},"9":{"name":"(anonymous_10)","decl":{"start":{"line":199,"column":28},"end":{"line":199,"column":29}},"loc":{"start":{"line":199,"column":41},"end":{"line":199,"column":70}}}},"branchMap":{"0":{"loc":{"start":{"line":49,"column":4},"end":{"line":51,"column":5}},"type":"if","locations":[{"start":{"line":49,"column":4},"end":{"line":51,"column":5}},{"start":{},"end":{}}]},"1":{"loc":{"start":{"line":152,"column":2},"end":{"line":154,"column":3}},"type":"if","locations":[{"start":{"line":152,"column":2},"end":{"line":154,"column":3}},{"start":{},"end":{}}]},"2":{"loc":{"start":{"line":162,"column":2},"end":{"line":164,"column":3}},"type":"if","locations":[{"start":{"line":162,"column":2},"end":{"line":164,"column":3}},{"start":{},"end":{}}]},"3":{"loc":{"start":{"line":189,"column":2},"end":{"line":193,"column":3}},"type":"if","locations":[{"start":{"line":189,"column":2},"end":{"line":193,"column":3}},{"start":{},"end":{}}]}},"s":{"0":2,"1":2,"2":2,"3":2,"4":2,"5":2,"6":2,"7":2,"8":2,"9":34,"10":34,"11":0,"12":0,"13":0,"14":0,"15":34,"16":337,"17":34,"18":34,"19":136,"20":136,"21":136,"22":136,"23":34,"24":170,"25":170,"26":170,"27":34,"28":136,"29":34,"30":136,"31":136,"32":408,"33":34,"34":13,"35":13,"36":6,"37":7,"38":7,"39":20,"40":7,"41":1,"42":6,"43":15,"44":3,"45":12,"46":12,"47":48},"f":{"0":34,"1":337,"2":170,"3":136,"4":136,"5":408,"6":13,"7":20,"8":15,"9":48},"b":{"0":[0,0],"1":[6,7],"2":[1,6],"3":[3,12]}}
,"/Volumes/External/aidefence/lib/constants.ts": {"path":"/Volumes/External/aidefence/lib/constants.ts","statementMap":{"0":{"start":{"line":45,"column":0},"end":{"line":45,"column":16}},"1":{"start":{"line":78,"column":0},"end":{"line":78,"column":16}},"2":{"start":{"line":15,"column":13},"end":{"line":27,"column":11}},"3":{"start":{"line":46,"column":2},"end":{"line":49,"column":26}},"4":{"start":{"line":80,"column":21},"end":{"line":88,"column":4}},"5":{"start":{"line":91,"column":22},"end":{"line":96,"column":4}},"6":{"start":{"line":98,"column":2},"end":{"line":100,"column":3}},"7":{"start":{"line":99,"column":4},"end":{"line":99,"column":21}},"8":{"start":{"line":102,"column":2},"end":{"line":104,"column":3}},"9":{"start":{"line":103,"column":4},"end":{"line":103,"column":21}},"10":{"start":{"line":107,"column":2},"end":{"line":107,"column":19}}},"fnMap":{"0":{"name":"getCategorySlug","decl":{"start":{"line":45,"column":16},"end":{"line":45,"column":31}},"loc":{"start":{"line":45,"column":48},"end":{"line":50,"column":1}}},"1":{"name":"getBadgeTextColor","decl":{"start":{"line":78,"column":16},"end":{"line":78,"column":33}},"loc":{"start":{"line":78,"column":50},"end":{"line":108,"column":1}}}},"branchMap":{"0":{"loc":{"start":{"line":98,"column":2},"end":{"line":100,"column":3}},"type":"if","locations":[{"start":{"line":98,"column":2},"end":{"line":100,"column":3}},{"start":{},"end":{}}]},"1":{"loc":{"start":{"line":102,"column":2},"end":{"line":104,"column":3}},"type":"if","locations":[{"start":{"line":102,"column":2},"end":{"line":104,"column":3}},{"start":{},"end":{}}]}},"s":{"0":3,"1":3,"2":3,"3":0,"4":0,"5":0,"6":0,"7":0,"8":0,"9":0,"10":0},"f":{"0":0,"1":0},"b":{"0":[0,0],"1":[0,0]}}
[...]
:{"line":89,"column":25},"end":{"line":89,"column":121}},"27":{"start":{"line":90,"column":27},"end":{"line":90,"column":94}},"28":{"start":{"line":93,"column":22},"end":{"line":93,"column":82}},"29":{"start":{"line":93,"column":62},"end":{"line":93,"column":74}},"30":{"start":{"line":94,"column":4},"end":{"line":94,"column":27}},"31":{"start":{"line":98,"column":25},"end":{"line":98,"column":78}},"32":{"start":{"line":99,"column":20},"end":{"line":99,"column":80}},"33":{"start":{"line":99,"column":60},"end":{"line":99,"column":72}},"34":{"start":{"line":100,"column":2},"end":{"line":100,"column":26}},"35":{"start":{"line":111,"column":34},"end":{"line":111,"column":138}},"36":{"start":{"line":112,"column":2},"end":{"line":112,"column":47}},"37":{"start":{"line":121,"column":21},"end":{"line":121,"column":59}},"38":{"start":{"line":122,"column":20},"end":{"line":122,"column":78}},"39":{"start":{"line":122,"column":58},"end":{"line":122,"column":70}},"40":{"start":{"line":123,"column":2},"end":{"line":123,"column":26}},"41":{"start":{"line":134,"column":24},"end":{"line":134,"column":45}},"42":{"start":{"line":135,"column":28},"end":{"line":135,"column":30}},"43":{"start":{"line":138,"column":2},"end":{"line":141,"column":3}},"44":{"start":{"line":139,"column":18},"end":{"line":139,"column":33}},"45":{"start":{"line":140,"column":4},"end":{"line":140,"column":24}},"46":{"start":{"line":144,"column":2},"end":{"line":146,"column":3}},"47":{"start":{"line":145,"column":4},"end":{"line":145,"column":16}},"48":{"start":{"line":149,"column":2},"end":{"line":151,"column":3}},"49":{"start":{"line":150,"column":4},"end":{"line":150,"column":16}},"50":{"start":{"line":154,"column":2},"end":{"line":156,"column":3}},"51":{"start":{"line":155,"column":4},"end":{"line":155,"column":17}},"52":{"start":{"line":159,"column":2},"end":{"line":168,"column":3}},"53":{"start":{"line":159,"column":15},"end":{"line":159,"column":16}},"54":{"start":{"line":160,"column":25},"end":{"line":160,"column":35}},"55":{"start":{"line":161,"column":26},"end":{"line":161,"column":40}},"56":{"start":{"line":165,"column":4},"end":{"line":167,"column":5}},"57":{"start":{"line":166,"column":6},"end":{"line":166,"column":19}},"58":{"start":{"line":170,"column":2},"end":{"line":170,"column":14}},"59":{"start":{"line":179,"column":27},"end":{"line":179,"column":29}},"60":{"start":{"line":180,"column":21},"end":{"line":180,"column":47}},"61":{"start":{"line":182,"column":2},"end":{"line":184,"column":3}},"62":{"start":{"line":183,"column":4},"end":{"line":183,"column":36}},"63":{"start":{"line":186,"column":2},"end":{"line":188,"column":3}},"64":{"start":{"line":187,"column":4},"end":{"line":187,"column":48}},"65":{"start":{"line":190,"column":2},"end":{"line":192,"column":3}},"66":{"start":{"line":191,"column":4},"end":{"line":191,"column":46}},"67":{"start":{"line":194,"column":2},"end":{"line":196,"column":3}},"68":{"start":{"line":195,"column":4},"end":{"line":195,"column":66}},"69":{"start":{"line":198,"column":2},"end":{"line":198,"column":16}}},"fnMap":{"0":{"name":"validateStructure","decl":{"start":{"line":15,"column":16},"end":{"line":15,"column":33}},"loc":{"start":{"line":15,"column":49},"end":{"line":26,"column":1}}},"1":{"name":"hasH1Title","decl":{"start":{"line":33,"column":16},"end":{"line":33,"column":26}},"loc":{"start":{"line":33,"column":42},"end":{"line":35,"column":1}}},"2":{"name":"hasRequiredSections","decl":{"start":{"line":42,"column":16},"end":{"line":42,"column":35}},"loc":{"start":{"line":42,"column":51},"end":{"line":60,"column":1}}},"3":{"name":"hasIntroductionSection","decl":{"start":{"line":69,"column":9},"end":{"line":69,"column":31}},"loc":{"start":{"line":69,"column":47},"end":{"line":101,"column":1}}},"4":{"name":"(anonymous_4)","decl":{"start":{"line":93,"column":57},"end":{"line":93,"column":58}},"loc":{"start":{"line":93,"column":62},"end":{"line":93,"column":74}}},"5":{"name":"(anonymous_5)","decl":{"start":{"line":99,"column":55},"end":{"line":99,"column":56}},"loc":{"start":{"line":99,"column":60},"end":{"line":99,"column":72}}},"6":{"name":"hasConclusionSection","decl":{"start":{"line":109,"column":9},"end":{"line":109,"column":29}},"loc":{"start":{"line":109,"column":45},"end":{"line":113,"column":1}}},"7":{"name":"hasMainContent","decl":{"start":{"line":119,"column":9},"end":{"line":119,"column":23}},"loc":{"start":{"line":119,"column":39},"end":{"line":124,"column":1}}},"8":{"name":"(anonymous_8)","decl":{"start":{"line":122,"column":53},"end":{"line":122,"column":54}},"loc":{"start":{"line":122,"column":58},"end":{"line":122,"column":70}}},"9":{"name":"validateHeaderDepth","decl":{"start":{"line":132,"column":16},"end":{"line":132,"column":35}},"loc":{"start":{"line":132,"column":51},"end":{"line":171,"column":1}}},"10":{"name":"getValidationIssues","decl":{"start":{"line":178,"column":16},"end":{"line":178,"column":35}},"loc":{"start":{"line":178,"column":51},"end":{"line":199,"column":1}}}},"branchMap":{"0":{"loc":{"start":{"line":72,"column":2},"end":{"line":74,"column":3}},"type":"if","locations":[{"start":{"line":72,"column":2},"end":{"line":74,"column":3}},{"start":{},"end":{}}]},"1":{"loc":{"start":{"line":78,"column":2},"end":{"line":80,"column":3}},"type":"if","locations":[{"start":{"line":78,"column":2},"end":{"line":80,"column":3}},{"start":{},"end":{}}]},"2":{"loc":{"start":{"line":88,"column":2},"end":{"line":95,"column":3}},"type":"if","locations":[{"start":{"line":88,"column":2},"end":{"line":95,"column":3}},{"start":{},"end":{}}]},"3":{"loc":{"start":{"line":144,"column":2},"end":{"line":146,"column":3}},"type":"if","locations":[{"start":{"line":144,"column":2},"end":{"line":146,"column":3}},{"start":{},"end":{}}]},"4":{"loc":{"start":{"line":149,"column":2},"end":{"line":151,"column":3}},"type":"if","locations":[{"start":{"line":149,"column":2},"end":{"line":151,"column":3}},{"start":{},"end":{}}]},"5":{"loc":{"start":{"line":154,"column":2},"end":{"line":156,"column":3}},"type":"if","locations":[{"start":{"line":154,"column":2},"end":{"line":156,"column":3}},{"start":{},"end":{}}]},"6":{"loc":{"start":{"line":165,"column":4},"end":{"line":167,"column":5}},"type":"if","locations":[{"start":{"line":165,"column":4},"end":{"line":167,"column":5}},{"start":{},"end":{}}]},"7":{"loc":{"start":{"line":182,"column":2},"end":{"line":184,"column":3}},"type":"if","locations":[{"start":{"line":182,"column":2},"end":{"line":184,"column":3}},{"start":{},"end":{}}]},"8":{"loc":{"start":{"line":186,"column":2},"end":{"line":188,"column":3}},"type":"if","locations":[{"start":{"line":186,"column":2},"end":{"line":188,"column":3}},{"start":{},"end":{}}]},"9":{"loc":{"start":{"line":190,"column":2},"end":{"line":192,"column":3}},"type":"if","locations":[{"start":{"line":190,"column":2},"end":{"line":192,"column":3}},{"start":{},"end":{}}]},"10":{"loc":{"start":{"line":194,"column":2},"end":{"line":196,"column":3}},"type":"if","locations":[{"start":{"line":194,"column":2},"end":{"line":196,"column":3}},{"start":{},"end":{}}]}},"s":{"0":4,"1":4,"2":4,"3":4,"4":4,"5":4,"6":8,"7":8,"8":8,"9":8,"10":12,"11":21,"12":21,"13":21,"14":21,"15":21,"16":21,"17":21,"18":3,"19":18,"20":18,"21":2,"22":16,"23":16,"24":16,"25":16,"26":12,"27":12,"28":12,"29":143,"30":12,"31":4,"32":4,"33":262,"34":4,"35":21,"36":21,"37":21,"38":21,"39":782,"40":21,"41":14,"42":14,"43":14,"44":42,"45":42,"46":14,"47":1,"48":13,"49":3,"50":10,"51":3,"52":7,"53":7,"54":26,"55":26,"56":26,"57":1,"58":6,"59":2,"60":2,"61":2,"62":1,"63":2,"64":1,"65":2,"66":1,"67":2,"68":1,"69":2},"f":{"0":8,"1":12,"2":21,"3":21,"4":143,"5":262,"6":21,"7":21,"8":782,"9":14,"10":2},"b":{"0":[3,18],"1":[2,16],"2":[12,4],"3":[1,13],"4":[3,10],"5":[3,7],"6":[1,25],"7":[1,1],"8":[1,1],"9":[1,1],"10":[1,1]}}
,"/Volumes/External/aidefence/lib/article-processor/validators/word-count-analyzer.ts": {"path":"/Volumes/External/aidefence/lib/article-processor/validators/word-count-analyzer.ts","statementMap":{"0":{"start":{"line":21,"column":0},"end":{"line":21,"column":16}},"1":{"start":{"line":58,"column":0},"end":{"line":58,"column":16}},"2":{"start":{"line":92,"column":0},"end":{"line":92,"column":16}},"3":{"start":{"line":121,"column":0},"end":{"line":121,"column":16}},"4":{"start":{"line":7,"column":0},"end":{"line":7,"column":48}},"5":{"start":{"line":25,"column":17},"end":{"line":25,"column":40}},"6":{"start":{"line":26,"column":17},"end":{"line":26,"column":32}},"7":{"start":{"line":29,"column":2},"end":{"line":32,"column":3}},"8":{"start":{"line":30,"column":19},"end":{"line":30,"column":88}},"9":{"start":{"line":31,"column":4},"end":{"line":31,"column":38}},"10":{"start":{"line":35,"column":20},"end":{"line":35,"column":68}},"11":{"start":{"line":36,"column":21},"end":{"line":36,"column":39}},"12":{"start":{"line":37,"column":21},"end":{"line":37,"column":39}},"13":{"start":{"line":42,"column":2},"end":{"line":48,"column":3}},"14":{"start":{"line":43,"column":4},"end":{"line":43,"column":21}},"15":{"start":{"line":44,"column":9},"end":{"line":48,"column":3}},"16":{"start":{"line":45,"column":4},"end":{"line":45,"column":20}},"17":{"start":{"line":47,"column":4},"end":{"line":47,"column":28}},"18":{"start":{"line":50,"column":2},"end":{"line":50,"column":36}},"19":{"start":{"line":60,"column":25},"end":{"line":67,"column":4}},"20":{"start":{"line":69,"column":2},"end":{"line":82,"column":3}},"21":{"start":{"line":70,"column":18},"end":{"line":70,"column":36}},"22":{"start":{"line":72,"column":4},"end":{"line":74,"column":5}},"23":{"start":{"line":73,"column":6},"end":{"line":73,"column":19}},"24":{"start":{"line":76,"column":4},"end":{"line":81,"column":5}},"25":{"start":{"line":77,"column":21},"end":{"line":77,"column":40}},"26":{"start":{"line":78,"column":6},"end":{"line":80,"column":7}},"27":{"start":{"line":79,"column":8},"end":{"line":79,"column":22}},"28":{"start":{"line":84,"column":2},"end":{"line":84,"column":14}},"29":{"start":{"line":93,"column":37},"end":{"line":93,"column":45}},"30":{"start":{"line":95,"column":2},"end":{"line":100,"column":3}},"31":{"start":{"line":96,"column":4},"end":{"line":98,"column":5}},"32":{"start":{"line":97,"column":6},"end":{"line":97,"column":136}},"33":{"start":{"line":99,"column":4},"end":{"line":99,"column":64}},"34":{"start":{"line":102,"column":21},"end":{"line":102,"column":46}},"35":{"start":{"line":103,"column":21},"end":{"line":103,"column":60}},"36":{"start":{"line":105,"column":2},"end":{"line":112,"column":3}},"37":{"start":{"line":107,"column":6},"end":{"line":107,"column":129}},"38":{"start":{"line":109,"column":6},"end":{"line":109,"column":127}},"39":{"start":{"line":111,"column":6},"end":{"line":111,"column":126}},"40":{"start":{"line":122,"column":2},"end":{"line":124,"column":3}},"41":{"start":{"line":123,"column":4},"end":{"line":123,"column":13}},"42":{"start":{"line":125,"column":2},"end":{"line":125,"column":56}}},"fnMap":{"0":{"name":"analyzeWordCount","decl":{"start":{"line":21,"column":16},"end":{"line":21,"column":32}},"loc":{"start":{"line":23,"column":33},"end":{"line":51,"column":1}}},"1":{"name":"extractTargetWordCount","decl":{"start":{"line":58,"column":16},"end":{"line":58,"column":38}},"loc":{"start":{"line":58,"column":71},"end":{"line":85,"column":1}}},"2":{"name":"getWordCountDescription","decl":{"start":{"line":92,"column":16},"end":{"line":92,"column":39}},"loc":{"start":{"line":92,"column":67},"end":{"line":113,"column":1}}},"3":{"name":"calculatePercentageDifference","decl":{"start":{"line":121,"column":16},"end":{"line":121,"column":45}},"loc":{"start":{"line":121,"column":76},"end":{"line":126,"column":1}}}},"branchMap":{"0":{"loc":{"start":{"line":25,"column":17},"end":{"line":25,"column":40}},"type":"cond-expr","locations":[{"start":{"line":25,"column":17},"end":{"line":25,"column":32}},{"start":{"line":25,"column":36},"end":{"line":25,"column":40}}]},"1":{"loc":{"start":{"line":25,"column":17},"end":{"line":25,"column":36}},"type":"binary-expr","locations":[{"start":{"line":25,"column":17},"end":{"line":25,"column":36}},{"start":{"line":25,"column":17},"end":{"line":25,"column":36}}]},"2":{"loc":{"start":{"line":29,"column":2},"end":{"line":32,"column":3}},"type":"if","locations":[{"start":{"line":29,"column":2},"end":{"line":32,"column":3}},{"start":{},"end":{}}]},"3":{"loc":{"start":{"line":30,"column":19},"end":{"line":30,"column":88}},"type":"cond-expr","locations":[{"start":{"line":30,"column":64},"end":{"line":30,"column":78}},{"start":{"line":30,"column":81},"end":{"line":30,"column":88}}]},"4":{"loc":{"start":{"line":42,"column":2},"end":{"line":48,"column":3}},"type":"if","locations":[{"start":{"line":42,"column":2},"end":{"line":48,"column":3}},{"start":{"line":44,"column":9},"end":{"line":48,"column":3}}]},"5":{"loc":{"start":{"line":44,"column":9},"end":{"line":48,"column":3}},"type":"if","locations":[{"start":{"line":44,"column":9},"end":{"line":48,"column":3}},{"start":{"line":46,"column":9},"end":{"line":48,"column":3}}]},"6":{"loc":{"start":{"line":72,"column":4},"end":{"line":74,"column":5}},"type":"if","locations":[{"start":{"line":72,"column":4},"end":{"line":74,"column":5}},{"start":{},"end":{}}]},"7":{"loc":{"start":{"line":72,"column":8},"end":{"line":72,"column":46}},"type":"binary-expr","locations":[{"start":{"line":72,"column":8},"end":{"line":72,"column":33}},{"start":{"line":72,"column":37},"end":{"line":72,"column":46}}]},"8":{"loc":{"start":{"line":76,"column":4},"end":{"line":81,"column":5}},"type":"if","locations":[{"start":{"line":76,"column":4},"end":{"line":81,"column":5}},{"start":{},"end":{}}]},"9":{"loc":{"start":{"line":78,"column":6},"end":{"line":80,"column":7}},"type":"if","locations":[{"start":{"line":78,"column":6},"end":{"line":80,"column":7}},{"start":{},"end":{}}]},"10":{"loc":{"start":{"line":78,"column":10},"end":{"line":78,"column":38}},"type":"binary-expr","locations":[{"start":{"line":78,"column":10},"end":{"line":78,"column":24}},{"start":{"line":78,"column":28},"end":{"line":78,"column":38}}]},"11":{"loc":{"start":{"line":95,"column":2},"end":{"line":100,"column":3}},"type":"if","locations":[{"start":{"line":95,"column":2},"end":{"line":100,"column":3}},{"start":{},"end":{}}]},"12":{"loc":{"start":{"line":96,"column":4},"end":{"line":98,"column":5}},"type":"if","locations":[{"start":{"line":96,"column":4},"end":{"line":98,"column":5}},{"start":{},"end":{}}]},"13":{"loc":{"start":{"line":105,"column":2},"end":{"line":112,"column":3}},"type":"switch","locations":[{"start":{"line":106,"column":4},"end":{"line":107,"column":129}},{"start":{"line":108,"column":4},"end":{"line":109,"column":127}},{"start":{"line":110,"column":4},"end":{"line":111,"column":126}}]},"14":{"loc":{"start":{"line":122,"column":2},"end":{"line":124,"column":3}},"type":"if","locations":[{"start":{"line":122,"column":2},"end":{"line":124,"column":3}},{"start":{},"end":{}}]}},"s":{"0":2,"1":2,"2":2,"3":2,"4":2,"5":11,"6":11,"7":11,"8":3,"9":3,"10":8,"11":8,"12":8,"13":8,"14":2,"15":6,"16":2,"17":4,"18":8,"19":10,"20":10,"21":36,"22":36,"23":5,"24":31,"25":2,"26":2,"27":1,"28":4,"29":5,"30":5,"31":2,"32":1,"33":1,"34":3,"35":3,"36":3,"37":1,"38":1,"39":1,"40":6,"41":1,"42":5},"f":{"0":11,"1":10,"2":5,"3":6},"b":{"0":[8,3],"1":[11,9],"2":[3,8],"3":[2,1],"4":[2,6],"5":[2,4],"6":[5,31],"7":[36,7],"8":[2,29],"9":[1,1],"10":[2,1],"11":[2,3],"12":[1,1],"13":[1,1,1],"14":[1,5]}}
,"/Volumes/External/aidefence/lib/hooks/useKeyboardNavigation.ts": {"path":"/Volumes/External/aidefence/lib/hooks/useKeyboardNavigation.ts","statementMap":{"0":{"start":{"line":31,"column":0},"end":{"line":31,"column":16}},"1":{"start":{"line":1,"column":0},"end":{"line":1,"column":47}},"2":{"start":{"line":39,"column":24},"end":{"line":66,"column":60}},"3":{"start":{"line":41,"column":4},"end":{"line":41,"column":36}},"4":{"start":{"line":41,"column":29},"end":{"line":41,"column":36}},"5":{"start":{"line":44,"column":19},"end":{"line":44,"column":46}},"6":{"start":{"line":45,"column":4},"end":{"line":47,"column":5}},"7":{"start":{"line":46,"column":6},"end":{"line":46,"column":13}},"8":{"start":{"line":50,"column":4},"end":{"line":65,"column":7}},"9":{"start":{"line":51,"column":6},"end":{"line":64,"column":7}},"10":{"start":{"line":53,"column":10},"end":{"line":53,"column":33}},"11":{"start":{"line":54,"column":10},"end":{"line":54,"column":21}},"12":{"start":{"line":55,"column":10},"end":{"line":55,"column":16}},"13":{"start":{"line":57,"column":10},"end":{"line":57,"column":33}},"14":{"start":{"line":58,"column":10},"end":{"line":58,"column":24}},"15":{"start":{"line":59,"column":10},"end":{"line":59,"column":16}},"16":{"start":{"line":61,"column":10},"end":{"line":61,"column":33}},"17":{"start":{"line":62,"column":10},"end":{"line":62,"column":25}},"18":{"start":{"line":63,"column":10},"end":{"line":63,"column":16}},"19":{"start":{"line":68,"column":2},"end":{"line":78,"column":31}},"20":{"start":{"line":69,"column":4},"end":{"line":69,"column":25}},"21":{"start":{"line":69,"column":18},"end":{"line":69,"column":25}},"22":{"start":{"line":72,"column":4},"end":{"line":72,"column":54}},"23":{"start":{"line":75,"column":4},"end":{"line":77,"column":6}},"24":{"start":{"line":76,"column":6},"end":{"line":76,"column":59}}},"fnMap":{"0":{"name":"useKeyboardNavigation","decl":{"start":{"line":31,"column":16},"end":{"line":31,"column":37}},"loc":{"start":{"line":37,"column":29},"end":{"line":79,"column":1}}},"1":{"name":"(anonymous_1)","decl":{"start":{"line":39,"column":36},"end":{"line":39,"column":37}},"loc":{"start":{"line":39,"column":61},"end":{"line":66,"column":3}}},"2":{"name":"(anonymous_2)","decl":{"start":{"line":50,"column":26},"end":{"line":50,"column":29}},"loc":{"start":{"line":50,"column":31},"end":{"line":65,"column":5}}},"3":{"name":"(anonymous_3)","decl":{"start":{"line":68,"column":12},"end":{"line":68,"column":15}},"loc":{"start":{"line":68,"column":17},"end":{"line":78,"column":3}}},"4":{"name":"(anonymous_4)","decl":{"start":{"line":75,"column":11},"end":{"line":75,"column":14}},"loc":{"start":{"line":75,"column":16},"end":{"line":77,"column":5}}}},"branchMap":{"0":{"loc":{"start":{"line":36,"column":2},"end":{"line":36,"column":16}},"type":"default-arg","locations":[{"start":{"line":36,"column":12},"end":{"line":36,"column":16}}]},"1":{"loc":{"start":{"line":41,"column":4},"end":{"line":41,"column":36}},"type":"if","locations":[{"start":{"line":41,"column":4},"end":{"line":41,"column":36}},{"start":{},"end":{}}]},"2":{"loc":{"start":{"line":41,"column":8},"end":{"line":41,"column":27}},"type":"binary-expr","locations":[{"start":{"line":41,"column":8},"end":{"line":41,"column":16}},{"start":{"line":41,"column":20},"end":{"line":41,"column":27}}]},"3":{"loc":{"start":{"line":45,"column":4},"end":{"line":47,"column":5}},"type":"if","locations":[{"start":{"line":45,"column":4},"end":{"line":47,"column":5}},{"start":{},"end":{}}]},"4":{"loc":{"start":{"line":45,"column":8},"end":{"line":45,"column":95}},"type":"binary-expr","locations":[{"start":{"line":45,"column":8},"end":{"line":45,"column":34}},{"start":{"line":45,"column":38},"end":{"line":45,"column":67}},{"start":{"line":45,"column":71},"end":{"line":45,"column":95}}]},"5":{"loc":{"start":{"line":51,"column":6},"end":{"line":64,"column":7}},"type":"switch","locations":[{"start":{"line":52,"column":8},"end":{"line":55,"column":16}},{"start":{"line":56,"column":8},"end":{"line":59,"column":16}},{"start":{"line":60,"column":8},"end":{"line":63,"column":16}}]},"6":{"loc":{"start":{"line":69,"column":4},"end":{"line":69,"column":25}},"type":"if","locations":[{"start":{"line":69,"column":4},"end":{"line":69,"column":25}},{"start":{},"end":{}}]}},"s":{"0":0,"1":0,"2":0,"3":0,"4":0,"5":0,"6":0,"7":0,"8":0,"9":0,"10":0,"11":0,"12":0,"13":0,"14":0,"15":0,"16":0,"17":0,"18":0,"19":0,"20":0,"21":0,"22":0,"23":0,"24":0},"f":{"0":0,"1":0,"2":0,"3":0,"4":0},"b":{"0":[0],"1":[0,0],"2":[0,0],"3":[0,0],"4":[0,0,0],"5":[0,0,0],"6":[0,0]}}
}
