TN:
SF:app/layout.tsx
FN:23,RootLayout
FNF:1
FNH:0
FNDA:0,RootLayout
DA:2,0
DA:3,0
DA:4,0
DA:5,0
DA:6,0
DA:8,0
DA:13,0
DA:18,0
DA:23,0
DA:28,0
LF:10
LH:0
BRF:0
BRH:0
end_of_record
TN:
SF:app/page.tsx
FN:80,UnderConstruction
FNF:1
FNH:0
FNDA:0,UnderConstruction
DA:80,0
DA:81,0
LF:2
LH:0
BRF:0
BRH:0
end_of_record
TN:
SF:app/articles/page.tsx
FN:10,ArticlesPage
FNF:1
FNH:0
FNDA:0,ArticlesPage
DA:1,0
DA:3,0
DA:5,0
DA:10,0
DA:12,0
DA:14,0
LF:6
LH:0
BRDA:23,0,0,0
BRDA:23,0,1,0
BRF:2
BRH:0
end_of_record
TN:
SF:app/articles/[slug]/page.tsx
FN:30,generateStaticParams
FN:33,(anonymous_2)
FN:44,generateMetadata
FN:77,ArticlePage
FN:147,(anonymous_5)
FNF:5
FNH:0
FNDA:0,generateStaticParams
FNDA:0,(anonymous_2)
FNDA:0,generateMetadata
FNDA:0,ArticlePage
FNDA:0,(anonymous_5)
DA:1,0
DA:2,0
DA:3,0
DA:4,0
DA:5,0
DA:7,0
DA:30,0
DA:31,0
DA:33,0
DA:44,0
DA:49,0
DA:50,0
DA:52,0
DA:64,0
DA:77,0
DA:84,0
DA:85,0
DA:87,0
DA:91,0
DA:97,0
DA:148,0
LF:21
LH:0
BRDA:53,0,0,0
BRDA:53,0,1,0
BRDA:54,1,0,0
BRDA:54,1,1,0
BRDA:56,2,0,0
BRDA:56,2,1,0
BRDA:57,3,0,0
BRDA:57,3,1,0
BRDA:121,4,0,0
BRDA:121,4,1,0
BRDA:133,5,0,0
BRDA:133,5,1,0
BRDA:143,6,0,0
BRDA:143,6,1,0
BRDA:143,6,2,0
BRF:15
BRH:0
end_of_record
TN:
SF:components/SkipToMainContent.tsx
FN:24,SkipToMainContent
FN:36,(anonymous_1)
FN:39,(anonymous_2)
FNF:3
FNH:0
FNDA:0,SkipToMainContent
FNDA:0,(anonymous_1)
FNDA:0,(anonymous_2)
DA:3,0
DA:24,0
DA:25,0
DA:36,0
DA:37,0
DA:39,0
DA:40,0
DA:41,0
DA:43,0
DA:46,0
DA:49,0
DA:50,0
DA:52,0
DA:53,0
DA:58,0
LF:15
LH:0
BRDA:41,0,0,0
BRDA:41,0,1,0
BRDA:49,1,0,0
BRDA:49,1,1,0
BRDA:52,2,0,0
BRDA:52,2,1,0
BRF:6
BRH:0
end_of_record
TN:
SF:components/articles/ArticleCard.tsx
FN:13,ArticleCard
FN:37,(anonymous_2)
FN:42,(anonymous_3)
FN:81,(anonymous_4)
FNF:4
FNH:0
FNDA:0,ArticleCard
FNDA:0,(anonymous_2)
FNDA:0,(anonymous_3)
FNDA:0,(anonymous_4)
DA:3,0
DA:5,0
DA:6,0
DA:13,0
DA:14,0
DA:15,0
DA:24,0
DA:31,0
DA:37,0
DA:38,0
DA:42,0
DA:43,0
DA:44,0
DA:45,0
DA:49,0
DA:81,0
LF:16
LH:0
BRDA:43,0,0,0
BRDA:43,0,1,0
BRDA:43,1,0,0
BRDA:43,1,1,0
BRF:4
BRH:0
end_of_record
TN:
SF:components/articles/ArticleExpanded.tsx
FN:41,ArticleExpanded
FN:48,(anonymous_11)
FN:53,(anonymous_12)
FN:57,(anonymous_13)
FN:57,(anonymous_14)
FN:58,(anonymous_15)
FN:67,(anonymous_16)
FN:98,(anonymous_17)
FN:112,(anonymous_18)
FN:119,(anonymous_19)
FN:136,(anonymous_20)
FN:137,(anonymous_21)
FN:156,(anonymous_22)
FN:176,(anonymous_23)
FN:179,(anonymous_24)
FN:190,(anonymous_25)
FN:204,(anonymous_26)
FN:210,(anonymous_27)
FN:230,(anonymous_28)
FN:236,(anonymous_29)
FN:279,(anonymous_30)
FNF:21
FNH:0
FNDA:0,ArticleExpanded
FNDA:0,(anonymous_11)
FNDA:0,(anonymous_12)
FNDA:0,(anonymous_13)
FNDA:0,(anonymous_14)
FNDA:0,(anonymous_15)
FNDA:0,(anonymous_16)
FNDA:0,(anonymous_17)
FNDA:0,(anonymous_18)
FNDA:0,(anonymous_19)
FNDA:0,(anonymous_20)
FNDA:0,(anonymous_21)
FNDA:0,(anonymous_22)
FNDA:0,(anonymous_23)
FNDA:0,(anonymous_24)
FNDA:0,(anonymous_25)
FNDA:0,(anonymous_26)
FNDA:0,(anonymous_27)
FNDA:0,(anonymous_28)
FNDA:0,(anonymous_29)
FNDA:0,(anonymous_30)
DA:3,0
DA:4,0
DA:5,0
DA:7,0
DA:8,0
DA:9,0
DA:10,0
DA:11,0
DA:12,0
DA:41,0
DA:42,0
DA:43,0
DA:44,0
DA:45,0
DA:48,0
DA:49,0
DA:53,0
DA:54,0
DA:56,0
DA:57,0
DA:58,0
DA:60,0
DA:62,0
DA:67,0
DA:68,0
DA:70,0
DA:73,0
DA:76,0
DA:81,0
DA:98,0
DA:99,0
DA:101,0
DA:103,0
DA:106,0
DA:107,0
DA:108,0
DA:112,0
DA:113,0
DA:114,0
DA:115,0
DA:119,0
DA:122,0
DA:123,0
DA:124,0
DA:128,0
DA:131,0
DA:132,0
DA:136,0
DA:137,0
DA:138,0
DA:139,0
DA:141,0
DA:144,0
DA:145,0
DA:156,0
DA:158,0
DA:159,0
DA:160,0
DA:163,0
DA:165,0
DA:166,0
DA:168,0
DA:173,0
DA:177,0
DA:179,0
DA:180,0
DA:181,0
DA:188,0
DA:190,0
DA:191,0
DA:192,0
DA:204,0
DA:205,0
DA:206,0
DA:210,0
DA:212,0
DA:213,0
DA:217,0
DA:218,0
DA:221,0
DA:230,0
DA:231,0
DA:232,0
DA:236,0
DA:238,0
DA:239,0
DA:243,0
DA:244,0
DA:247,0
DA:251,0
DA:261,0
DA:262,0
DA:267,0
DA:268,0
DA:272,0
DA:278,0
DA:279,0
LF:97
LH:0
BRDA:54,0,0,0
BRDA:54,0,1,0
BRDA:54,1,0,0
BRDA:54,1,1,0
BRDA:68,2,0,0
BRDA:68,2,1,0
BRDA:68,3,0,0
BRDA:68,3,1,0
BRDA:68,3,2,0
BRDA:99,4,0,0
BRDA:99,4,1,0
BRDA:103,5,0,0
BRDA:103,5,1,0
BRDA:103,6,0,0
BRDA:103,6,1,0
BRDA:106,7,0,0
BRDA:106,7,1,0
BRDA:113,8,0,0
BRDA:113,8,1,0
BRDA:113,9,0,0
BRDA:113,9,1,0
BRDA:114,10,0,0
BRDA:114,10,1,0
BRDA:114,11,0,0
BRDA:114,11,1,0
BRDA:122,12,0,0
BRDA:122,12,1,0
BRDA:131,13,0,0
BRDA:131,13,1,0
BRDA:138,14,0,0
BRDA:138,14,1,0
BRDA:144,15,0,0
BRDA:144,15,1,0
BRDA:158,16,0,0
BRDA:158,16,1,0
BRDA:158,17,0,0
BRDA:158,17,1,0
BRDA:159,18,0,0
BRDA:159,18,1,0
BRDA:163,19,0,0
BRDA:163,19,1,0
BRDA:163,20,0,0
BRDA:163,20,1,0
BRDA:180,21,0,0
BRDA:180,21,1,0
BRDA:191,22,0,0
BRDA:191,22,1,0
BRDA:205,23,0,0
BRDA:205,23,1,0
BRDA:205,24,0,0
BRDA:205,24,1,0
BRDA:205,24,2,0
BRDA:212,25,0,0
BRDA:212,25,1,0
BRDA:217,26,0,0
BRDA:217,26,1,0
BRDA:231,27,0,0
BRDA:231,27,1,0
BRDA:231,28,0,0
BRDA:231,28,1,0
BRDA:231,28,2,0
BRDA:238,29,0,0
BRDA:238,29,1,0
BRDA:243,30,0,0
BRDA:243,30,1,0
BRDA:262,31,0,0
BRDA:262,31,1,0
BRDA:267,32,0,0
BRDA:267,32,1,0
BRDA:267,33,0,0
BRDA:267,33,1,0
BRDA:279,34,0,0
BRDA:279,34,1,0
BRDA:304,35,0,0
BRDA:304,35,1,0
BRDA:339,36,0,0
BRDA:339,36,1,0
BRF:77
BRH:0
end_of_record
TN:
SF:components/articles/ArticlesWithFilter.tsx
FN:12,ArticlesWithFilter
FN:16,(anonymous_2)
FN:21,(anonymous_3)
FN:37,(anonymous_4)
FNF:4
FNH:0
FNDA:0,ArticlesWithFilter
FNDA:0,(anonymous_2)
FNDA:0,(anonymous_3)
FNDA:0,(anonymous_4)
DA:3,0
DA:5,0
DA:6,0
DA:12,0
DA:13,0
DA:14,0
DA:16,0
DA:18,0
DA:21,0
DA:22,0
DA:23,0
DA:27,0
DA:38,0
LF:13
LH:0
BRDA:33,0,0,0
BRDA:33,0,1,0
BRDA:34,1,0,0
BRDA:34,1,1,0
BRF:4
BRH:0
end_of_record
TN:
SF:components/articles/CategoryBadge.tsx
FN:28,CategoryBadge
FNF:1
FNH:0
FNDA:0,CategoryBadge
DA:1,0
DA:2,0
DA:28,0
DA:29,0
DA:30,0
DA:32,0
LF:6
LH:0
BRF:0
BRH:0
end_of_record
TN:
SF:components/articles/CategoryFilter.tsx
FN:12,CategoryFilter
FN:15,(anonymous_1)
FN:21,(anonymous_2)
FN:26,(anonymous_3)
FN:39,(anonymous_4)
FN:40,(anonymous_5)
FN:48,(anonymous_6)
FN:57,(anonymous_7)
FN:58,(anonymous_8)
FNF:9
FNH:0
FNDA:0,CategoryFilter
FNDA:0,(anonymous_1)
FNDA:0,(anonymous_2)
FNDA:0,(anonymous_3)
FNDA:0,(anonymous_4)
FNDA:0,(anonymous_5)
FNDA:0,(anonymous_6)
FNDA:0,(anonymous_7)
FNDA:0,(anonymous_8)
DA:3,0
DA:4,0
DA:12,0
DA:13,0
DA:15,0
DA:16,0
DA:18,0
DA:19,0
DA:21,0
DA:22,0
DA:26,0
DA:27,0
DA:28,0
DA:29,0
DA:33,0
DA:39,0
DA:40,0
DA:49,0
DA:50,0
DA:52,0
DA:57,0
DA:58,0
LF:22
LH:0
BRDA:18,0,0,0
BRDA:18,0,1,0
BRDA:27,1,0,0
BRDA:27,1,1,0
BRDA:27,2,0,0
BRDA:27,2,1,0
BRDA:38,3,0,0
BRDA:38,3,1,0
BRDA:55,4,0,0
BRDA:55,4,1,0
BRF:10
BRH:0
end_of_record
TN:
SF:components/articles/MDXComponents.tsx
FN:46,(anonymous_0)
FN:48,(anonymous_1)
FN:52,(anonymous_2)
FN:58,(anonymous_3)
FN:74,(anonymous_4)
FN:81,(anonymous_5)
FN:89,(anonymous_6)
FN:93,(anonymous_7)
FN:95,(anonymous_8)
FN:97,(anonymous_9)
FN:106,(anonymous_10)
FN:112,(anonymous_11)
FN:114,(anonymous_12)
FN:116,(anonymous_13)
FN:118,(anonymous_14)
FN:120,(anonymous_15)
FN:131,(anonymous_16)
FNF:17
FNH:0
FNDA:0,(anonymous_0)
FNDA:0,(anonymous_1)
FNDA:0,(anonymous_2)
FNDA:0,(anonymous_3)
FNDA:0,(anonymous_4)
FNDA:0,(anonymous_5)
FNDA:0,(anonymous_6)
FNDA:0,(anonymous_7)
FNDA:0,(anonymous_8)
FNDA:0,(anonymous_9)
FNDA:0,(anonymous_10)
FNDA:0,(anonymous_11)
FNDA:0,(anonymous_12)
FNDA:0,(anonymous_13)
FNDA:0,(anonymous_14)
FNDA:0,(anonymous_15)
FNDA:0,(anonymous_16)
DA:40,0
DA:46,0
DA:48,0
DA:52,0
DA:59,0
DA:74,0
DA:81,0
DA:89,0
DA:93,0
DA:95,0
DA:97,0
DA:107,0
DA:112,0
DA:114,0
DA:116,0
DA:118,0
DA:120,0
DA:133,0
LF:18
LH:0
BRDA:62,0,0,0
BRDA:62,0,1,0
BRDA:62,1,0,0
BRDA:62,1,1,0
BRDA:62,2,0,0
BRDA:62,2,1,0
BRDA:63,3,0,0
BRDA:63,3,1,0
BRDA:63,4,0,0
BRDA:63,4,1,0
BRDA:63,5,0,0
BRDA:63,5,1,0
BRDA:133,6,0,0
BRDA:133,6,1,0
BRF:14
BRH:0
end_of_record
TN:
SF:components/articles/RelatedArticles.tsx
FN:30,RelatedArticles
FN:41,(anonymous_2)
FN:50,(anonymous_3)
FNF:3
FNH:0
FNDA:0,RelatedArticles
FNDA:0,(anonymous_2)
FNDA:0,(anonymous_3)
DA:3,0
DA:4,0
DA:30,0
DA:32,0
DA:33,0
DA:36,0
DA:43,0
DA:45,0
DA:50,0
LF:9
LH:0
BRDA:32,0,0,0
BRDA:32,0,1,0
BRDA:32,1,0,0
BRDA:32,1,1,0
BRF:4
BRH:0
end_of_record
TN:
SF:components/navigation/FloatingMenu.tsx
FN:14,FloatingMenu
FN:37,(anonymous_2)
FN:51,(anonymous_3)
FN:55,(anonymous_4)
FN:66,(anonymous_5)
FN:71,(anonymous_6)
FN:72,(anonymous_7)
FN:82,(anonymous_8)
FN:88,(anonymous_9)
FN:89,(anonymous_10)
FN:96,(anonymous_11)
FN:104,(anonymous_12)
FN:117,(anonymous_13)
FN:126,(anonymous_14)
FN:131,(anonymous_15)
FN:144,(anonymous_16)
FNF:16
FNH:0
FNDA:0,FloatingMenu
FNDA:0,(anonymous_2)
FNDA:0,(anonymous_3)
FNDA:0,(anonymous_4)
FNDA:0,(anonymous_5)
FNDA:0,(anonymous_6)
FNDA:0,(anonymous_7)
FNDA:0,(anonymous_8)
FNDA:0,(anonymous_9)
FNDA:0,(anonymous_10)
FNDA:0,(anonymous_11)
FNDA:0,(anonymous_12)
FNDA:0,(anonymous_13)
FNDA:0,(anonymous_14)
FNDA:0,(anonymous_15)
FNDA:0,(anonymous_16)
DA:3,0
DA:4,0
DA:5,0
DA:6,0
DA:14,0
DA:15,0
DA:16,0
DA:17,0
DA:20,0
DA:23,0
DA:37,0
DA:38,0
DA:39,0
DA:41,0
DA:42,0
DA:43,0
DA:46,0
DA:51,0
DA:52,0
DA:53,0
DA:55,0
DA:56,0
DA:57,0
DA:58,0
DA:59,0
DA:60,0
DA:66,0
DA:71,0
DA:72,0
DA:73,0
DA:74,0
DA:78,0
DA:79,0
DA:82,0
DA:83,0
DA:88,0
DA:89,0
DA:90,0
DA:91,0
DA:95,0
DA:96,0
DA:99,0
DA:104,0
DA:117,0
DA:127,0
DA:128,0
DA:131,0
DA:138,0
DA:139,0
DA:144,0
DA:152,0
LF:51
LH:0
BRDA:23,0,0,0
BRDA:23,0,1,0
BRDA:41,1,0,0
BRDA:41,1,1,0
BRDA:44,2,0,0
BRDA:44,2,1,0
BRDA:52,3,0,0
BRDA:52,3,1,0
BRDA:52,4,0,0
BRDA:52,4,1,0
BRDA:58,5,0,0
BRDA:58,5,1,0
BRDA:61,6,0,0
BRDA:61,6,1,0
BRDA:73,7,0,0
BRDA:73,7,1,0
BRDA:73,8,0,0
BRDA:73,8,1,0
BRDA:78,9,0,0
BRDA:78,9,1,0
BRDA:90,10,0,0
BRDA:90,10,1,0
BRDA:90,11,0,0
BRDA:90,11,1,0
BRDA:102,12,0,0
BRDA:102,12,1,0
BRDA:114,13,0,0
BRDA:114,13,1,0
BRDA:127,14,0,0
BRDA:127,14,1,0
BRDA:138,15,0,0
BRDA:138,15,1,0
BRF:32
BRH:0
end_of_record
TN:
SF:components/portfolio/FeaturedArticle.tsx
FN:11,FeaturedArticle
FN:19,(anonymous_2)
FNF:2
FNH:0
FNDA:0,FeaturedArticle
FNDA:0,(anonymous_2)
DA:3,0
DA:5,0
DA:11,0
DA:13,0
DA:19,0
DA:20,0
DA:33,0
DA:36,0
DA:38,0
LF:9
LH:0
BRDA:33,0,0,0
BRDA:33,0,1,0
BRF:2
BRH:0
end_of_record
TN:
SF:components/portfolio/PortfolioCard.tsx
FN:12,PortfolioCard
FNF:1
FNH:0
FNDA:0,PortfolioCard
DA:3,0
DA:12,0
DA:18,0
LF:3
LH:0
BRDA:21,0,0,0
BRDA:21,0,1,0
BRF:2
BRH:0
end_of_record
TN:
SF:components/theme/ThemeToggle.tsx
FN:7,ThemeToggle
FN:12,(anonymous_1)
FN:34,(anonymous_2)
FNF:3
FNH:0
FNDA:0,ThemeToggle
FNDA:0,(anonymous_1)
FNDA:0,(anonymous_2)
DA:3,0
DA:4,0
DA:5,0
DA:7,0
DA:8,0
DA:9,0
DA:12,0
DA:14,0
DA:17,0
DA:19,0
DA:30,0
DA:31,0
DA:32,0
DA:34,0
DA:35,0
DA:38,0
LF:16
LH:0
BRDA:17,0,0,0
BRDA:17,0,1,0
BRDA:30,1,0,0
BRDA:30,1,1,0
BRDA:31,2,0,0
BRDA:31,2,1,0
BRDA:46,3,0,0
BRDA:46,3,1,0
BRF:8
BRH:0
end_of_record
TN:
SF:lib/animations.ts
FN:77,calculateFLIP
FN:122,animateExpansion
FN:153,(anonymous_2)
FN:165,(anonymous_3)
FN:196,animateCollapse
FN:235,(anonymous_5)
FNF:6
FNH:6
FNDA:6,calculateFLIP
FNDA:5,animateExpansion
FNDA:4,(anonymous_2)
FNDA:1,(anonymous_3)
FNDA:5,animateCollapse
FNDA:1,(anonymous_5)
DA:77,1
DA:78,6
DA:122,1
DA:131,5
DA:135,5
DA:137,1
DA:138,1
DA:139,1
DA:140,1
DA:145,4
DA:149,4
DA:153,4
DA:155,4
DA:161,4
DA:162,4
DA:165,4
DA:166,1
DA:167,1
DA:196,1
DA:205,5
DA:209,5
DA:211,1
DA:215,1
DA:216,1
DA:217,1
DA:222,4
DA:228,4
DA:232,4
DA:235,4
DA:236,1
DA:237,1
DA:238,1
LF:32
LH:32
BRDA:83,0,0,1
BRDA:83,0,1,5
BRDA:84,1,0,1
BRDA:84,1,1,5
BRDA:125,2,0,2
BRDA:135,3,0,1
BRDA:135,3,1,4
BRDA:139,4,0,0
BRDA:139,4,1,1
BRDA:139,5,0,1
BRDA:139,5,1,1
BRDA:167,6,0,0
BRDA:167,6,1,1
BRDA:167,7,0,1
BRDA:167,7,1,1
BRDA:199,8,0,3
BRDA:209,9,0,1
BRDA:209,9,1,4
BRDA:216,10,0,0
BRDA:216,10,1,1
BRDA:216,11,0,1
BRDA:216,11,1,1
BRDA:238,12,0,0
BRDA:238,12,1,1
BRDA:238,13,0,1
BRDA:238,13,1,1
BRF:26
BRH:22
end_of_record
TN:
SF:lib/article-utils.ts
FN:42,getAllArticles
FN:56,(anonymous_2)
FN:93,(anonymous_3)
FN:101,(anonymous_4)
FN:116,(anonymous_5)
FN:120,(anonymous_6)
FN:149,getArticleBySlug
FN:160,(anonymous_8)
FN:187,getArticlesByCategory
FN:199,(anonymous_10)
FNF:10
FNH:10
FNDA:34,getAllArticles
FNDA:337,(anonymous_2)
FNDA:170,(anonymous_3)
FNDA:136,(anonymous_4)
FNDA:136,(anonymous_5)
FNDA:408,(anonymous_6)
FNDA:13,getArticleBySlug
FNDA:20,(anonymous_8)
FNDA:15,getArticlesByCategory
FNDA:48,(anonymous_10)
DA:10,2
DA:11,2
DA:12,2
DA:13,2
DA:14,2
DA:20,2
DA:42,2
DA:45,34
DA:46,34
DA:48,0
DA:49,0
DA:50,0
DA:52,0
DA:56,337
DA:59,34
DA:61,34
DA:62,136
DA:63,136
DA:66,136
DA:72,136
DA:93,34
DA:94,170
DA:95,170
DA:96,170
DA:101,136
DA:116,34
DA:117,136
DA:118,136
DA:120,408
DA:124,34
DA:149,2
DA:151,13
DA:152,13
DA:153,6
DA:157,7
DA:160,20
DA:162,7
DA:163,1
DA:166,6
DA:187,2
DA:189,15
DA:190,3
DA:196,12
DA:199,48
LF:44
LH:40
BRDA:49,0,0,0
BRDA:49,0,1,0
BRDA:152,1,0,6
BRDA:152,1,1,7
BRDA:162,2,0,1
BRDA:162,2,1,6
BRDA:189,3,0,3
BRDA:189,3,1,12
BRF:8
BRH:6
end_of_record
TN:
SF:lib/constants.ts
FN:45,getCategorySlug
FN:78,getBadgeTextColor
FNF:2
FNH:0
FNDA:0,getCategorySlug
FNDA:0,getBadgeTextColor
DA:15,3
DA:45,3
DA:46,0
DA:78,3
DA:80,0
DA:91,0
DA:98,0
DA:99,0
DA:102,0
DA:103,0
DA:107,0
LF:11
LH:3
BRDA:98,0,0,0
BRDA:98,0,1,0
BRDA:102,1,0,0
BRDA:102,1,1,0
BRF:4
BRH:0
end_of_record
TN:
SF:lib/markdown-parser.ts
FN:46,parseMarkdownFile
FN:178,compileMarkdownToMDX
FN:216,parseAndCompileMarkdown
FNF:3
FNH:3
FNDA:194,parseMarkdownFile
FNDA:154,compileMarkdownToMDX
FNDA:140,parseAndCompileMarkdown
DA:13,3
DA:14,3
DA:15,3
DA:16,3
DA:17,3
DA:20,3
DA:46,3
DA:51,194
DA:52,194
DA:54,5
DA:55,5
DA:56,3
DA:57,2
DA:58,0
DA:59,2
DA:60,2
DA:62,0
DA:66,189
DA:69,189
DA:70,189
DA:73,189
DA:82,189
DA:83,1134
DA:84,2
DA:90,1132
DA:91,0
DA:98,187
DA:99,4
DA:105,183
DA:106,183
DA:107,15
DA:113,168
DA:114,3
DA:118,165
DA:119,6
DA:125,159
DA:126,3
DA:132,156
DA:133,562
DA:134,0
DA:141,156
DA:156,156
DA:178,3
DA:181,154
DA:182,154
DA:187,154
DA:189,0
DA:190,0
DA:216,3
DA:220,140
DA:223,138
DA:225,138
LF:52
LH:46
BRDA:55,0,0,3
BRDA:55,0,1,2
BRDA:57,1,0,0
BRDA:57,1,1,2
BRDA:59,2,0,2
BRDA:59,2,1,0
BRDA:83,3,0,2
BRDA:83,3,1,1132
BRDA:83,4,0,1134
BRDA:83,4,1,1132
BRDA:83,4,2,1132
BRDA:90,5,0,0
BRDA:90,5,1,1132
BRDA:90,6,0,1132
BRDA:90,6,1,760
BRDA:98,7,0,4
BRDA:98,7,1,183
BRDA:106,8,0,15
BRDA:106,8,1,168
BRDA:113,9,0,3
BRDA:113,9,1,165
BRDA:118,10,0,6
BRDA:118,10,1,159
BRDA:118,11,0,165
BRDA:118,11,1,161
BRDA:125,12,0,3
BRDA:125,12,1,156
BRDA:133,13,0,0
BRDA:133,13,1,562
BRF:29
BRH:25
end_of_record
TN:
SF:lib/portfolio-data.ts
FNF:0
FNH:0
DA:21,0
LF:1
LH:0
BRF:0
BRH:0
end_of_record
TN:
SF:lib/related-articles.ts
FN:40,getRelatedArticles
FN:46,(anonymous_1)
FN:55,(anonymous_2)
FN:61,(anonymous_3)
FN:65,(anonymous_4)
FN:75,calculateSimilarityScore
FN:79,(anonymous_6)
FNF:7
FNH:7
FNDA:310,getRelatedArticles
FNDA:25583,(anonymous_1)
FNDA:25273,(anonymous_2)
FNDA:143462,(anonymous_3)
FNDA:1090,(anonymous_4)
FNDA:25273,calculateSimilarityScore
FNDA:51421,(anonymous_6)
DA:15,3
DA:40,3
DA:45,310
DA:46,25583
DA:50,310
DA:51,1
DA:55,25273
DA:61,143462
DA:64,309
DA:65,1090
DA:76,25273
DA:79,51421
DA:80,25273
DA:83,25273
DA:84,25273
DA:85,25273
DA:86,25273
DA:89,25273
DA:90,12562
DA:93,25273
LF:20
LH:20
BRDA:50,0,0,1
BRDA:50,0,1,309
BRDA:64,1,0,167
BRDA:64,1,1,142
BRDA:83,2,0,25273
BRDA:83,2,1,4
BRDA:84,3,0,25273
BRDA:84,3,1,0
BRDA:89,4,0,12562
BRDA:89,4,1,12711
BRF:10
BRH:9
end_of_record
TN:
SF:lib/seo-metadata.ts
FN:68,generateMetadata
FN:166,generateArticleJsonLd
FNF:2
FNH:2
FNDA:20,generateMetadata
FNDA:9,generateArticleJsonLd
DA:24,2
DA:29,2
DA:35,2
DA:40,2
DA:68,2
DA:70,20
DA:71,20
DA:72,20
DA:75,20
DA:77,20
DA:166,2
DA:167,9
LF:12
LH:12
BRDA:70,0,0,20
BRDA:70,0,1,5
BRDA:71,1,0,20
BRDA:71,1,1,5
BRF:4
BRH:4
end_of_record
TN:
SF:lib/article-processor/config.example.ts
FNF:0
FNH:0
DA:12,0
DA:27,0
DA:44,0
DA:61,0
DA:78,0
LF:5
LH:0
BRF:0
BRH:0
end_of_record
TN:
SF:lib/article-processor/index.ts
FN:13,(anonymous_4)
FN:13,(anonymous_5)
FN:26,(anonymous_6)
FN:26,(anonymous_7)
FN:34,(anonymous_8)
FN:35,(anonymous_9)
FN:36,(anonymous_10)
FN:37,(anonymous_11)
FNF:8
FNH:0
FNDA:0,(anonymous_4)
FNDA:0,(anonymous_5)
FNDA:0,(anonymous_6)
FNDA:0,(anonymous_7)
FNDA:0,(anonymous_8)
FNDA:0,(anonymous_9)
FNDA:0,(anonymous_10)
FNDA:0,(anonymous_11)
DA:7,1
DA:10,1
DA:13,1
DA:16,1
DA:17,1
DA:18,1
DA:19,1
DA:22,1
DA:25,1
DA:26,1
DA:29,1
DA:32,1
DA:33,1
DA:34,1
DA:35,1
DA:36,1
DA:37,1
DA:39,1
DA:40,1
DA:41,1
DA:44,1
LF:21
LH:21
BRF:0
BRH:0
end_of_record
TN:
SF:lib/article-processor/__tests__/setup.ts
FN:16,runPropertyTest
FNF:1
FNH:0
FNDA:0,runPropertyTest
DA:6,0
DA:9,0
DA:16,0
DA:21,0
DA:28,0
LF:5
LH:0
BRF:0
BRH:0
end_of_record
TN:
SF:lib/article-processor/analyzers/cross-reference-analyzer.ts
FN:90,(anonymous_0)
FN:100,(anonymous_1)
FN:107,(anonymous_2)
FN:131,(anonymous_3)
FN:138,(anonymous_4)
FN:155,(anonymous_5)
FN:191,(anonymous_6)
FN:226,(anonymous_7)
FN:227,(anonymous_8)
FN:235,(anonymous_9)
FN:246,(anonymous_10)
FN:273,(anonymous_11)
FN:306,(anonymous_12)
FN:360,(anonymous_13)
FN:384,(anonymous_14)
FN:405,(anonymous_15)
FN:425,(anonymous_16)
FN:426,(anonymous_17)
FN:427,(anonymous_18)
FN:439,(anonymous_19)
FN:459,(anonymous_20)
FN:473,createCrossReferenceAnalyzer
FN:480,(anonymous_22)
FN:485,(anonymous_23)
FNF:24
FNH:23
FNDA:42,(anonymous_0)
FNDA:10,(anonymous_1)
FNDA:38,(anonymous_2)
FNDA:12,(anonymous_3)
FNDA:34,(anonymous_4)
FNDA:9,(anonymous_5)
FNDA:9,(anonymous_6)
FNDA:5,(anonymous_7)
FNDA:8,(anonymous_8)
FNDA:6,(anonymous_9)
FNDA:1,(anonymous_10)
FNDA:8,(anonymous_11)
FNDA:8,(anonymous_12)
FNDA:38,(anonymous_13)
FNDA:34,(anonymous_14)
FNDA:34,(anonymous_15)
FNDA:4,(anonymous_16)
FNDA:7,(anonymous_17)
FNDA:11,(anonymous_18)
FNDA:1,(anonymous_19)
FNDA:1,(anonymous_20)
FNDA:0,createCrossReferenceAnalyzer
FNDA:1,(anonymous_22)
FNDA:1,(anonymous_23)
DA:18,4
DA:24,4
DA:51,4
DA:80,4
DA:87,4
DA:91,42
DA:101,10
DA:104,10
DA:105,70
DA:106,70
DA:107,6
DA:109,38
DA:110,38
DA:111,38
DA:118,10
DA:122,10
DA:132,12
DA:135,12
DA:136,96
DA:137,96
DA:138,11
DA:139,34
DA:140,34
DA:141,34
DA:147,12
DA:156,9
DA:158,9
DA:160,9
DA:162,9
DA:165,9
DA:169,0
DA:172,9
DA:173,9
DA:177,0
DA:178,0
DA:181,0
DA:182,0
DA:192,9
DA:193,9
DA:194,9
DA:197,9
DA:198,5
DA:199,2
DA:200,2
DA:202,2
DA:207,2
DA:208,1
DA:213,1
DA:224,9
DA:226,9
DA:227,5
DA:228,8
DA:229,6
DA:231,8
DA:235,9
DA:236,6
DA:237,2
DA:246,9
DA:247,1
DA:248,1
DA:256,9
DA:274,8
DA:276,8
DA:278,8
DA:280,8
DA:283,8
DA:284,0
DA:287,8
DA:288,8
DA:292,0
DA:293,0
DA:296,0
DA:297,0
DA:307,8
DA:310,8
DA:311,3
DA:312,1
DA:313,1
DA:316,1
DA:321,1
DA:326,1
DA:327,1
DA:328,1
DA:330,1
DA:331,1
DA:339,1
DA:340,0
DA:352,8
DA:361,38
DA:368,38
DA:376,38
DA:385,34
DA:392,34
DA:393,0
DA:396,34
DA:406,34
DA:407,34
DA:409,1
DA:410,1
DA:413,1
DA:416,33
DA:426,4
DA:427,7
DA:428,11
DA:440,1
DA:442,1
DA:443,1
DA:446,1
DA:447,1
DA:450,1
DA:461,1
DA:462,1
DA:464,1
DA:473,4
DA:474,0
DA:480,4
DA:481,1
DA:482,1
DA:485,4
DA:486,1
DA:487,1
LF:121
LH:108
BRDA:91,0,0,42
BRDA:91,0,1,42
BRDA:106,1,0,6
BRDA:106,1,1,64
BRDA:110,2,0,38
BRDA:110,2,1,0
BRDA:137,3,0,11
BRDA:137,3,1,85
BRDA:140,4,0,34
BRDA:140,4,1,0
BRDA:140,5,0,34
BRDA:140,5,1,34
BRDA:160,6,0,9
BRDA:160,6,1,0
BRDA:165,7,0,0
BRDA:165,7,1,9
BRDA:165,8,0,9
BRDA:165,8,1,9
BRDA:165,8,2,9
BRDA:165,8,3,9
BRDA:207,9,0,1
BRDA:207,9,1,1
BRDA:228,10,0,6
BRDA:228,10,1,2
BRDA:236,11,0,2
BRDA:236,11,1,4
BRDA:247,12,0,1
BRDA:247,12,1,0
BRDA:278,13,0,8
BRDA:278,13,1,0
BRDA:283,14,0,0
BRDA:283,14,1,8
BRDA:326,15,0,1
BRDA:326,15,1,0
BRDA:326,16,0,1
BRDA:326,16,1,0
BRDA:330,17,0,1
BRDA:330,17,1,0
BRDA:339,18,0,0
BRDA:339,18,1,1
BRDA:392,19,0,0
BRDA:392,19,1,34
BRDA:407,20,0,1
BRDA:407,20,1,33
BRDA:413,21,0,1
BRDA:413,21,1,1
BRDA:442,22,0,1
BRDA:442,22,1,0
BRDA:446,23,0,1
BRDA:446,23,1,0
BRF:50
BRH:36
end_of_record
TN:
SF:lib/article-processor/classifiers/category-classifier.ts
FN:282,classifyArticle
FN:293,classifyWithConfidence
FN:342,(anonymous_2)
FN:358,getConfidenceScore
FN:375,getAllCategoryScores
FNF:5
FNH:5
FNDA:23,classifyArticle
FNDA:28,classifyWithConfidence
FNDA:308,(anonymous_2)
FNDA:2,getConfidenceScore
FNDA:2,getAllCategoryScores
DA:19,5
DA:282,5
DA:283,23
DA:284,23
DA:293,5
DA:294,28
DA:297,28
DA:298,28
DA:301,28
DA:302,308
DA:305,308
DA:306,3584
DA:307,61
DA:312,308
DA:313,7616
DA:314,65
DA:319,308
DA:320,7616
DA:321,7616
DA:322,7616
DA:323,169
DA:327,308
DA:331,28
DA:332,28
DA:334,28
DA:335,308
DA:336,48
DA:337,48
DA:342,308
DA:343,28
DA:345,28
DA:358,5
DA:359,2
DA:361,2
DA:362,1
DA:366,1
DA:375,5
DA:376,2
DA:378,2
DA:379,2
DA:381,2
DA:382,22
DA:384,22
DA:385,256
DA:386,4
DA:390,22
DA:391,544
DA:392,3
DA:396,22
DA:397,544
DA:398,544
DA:399,544
DA:400,4
DA:404,22
DA:407,2
LF:55
LH:55
BRDA:306,0,0,61
BRDA:306,0,1,3523
BRDA:313,1,0,65
BRDA:313,1,1,7551
BRDA:322,2,0,169
BRDA:322,2,1,7447
BRDA:335,3,0,48
BRDA:335,3,1,260
BRDA:343,4,0,24
BRDA:343,4,1,4
BRDA:361,5,0,1
BRDA:361,5,1,1
BRDA:385,6,0,4
BRDA:385,6,1,252
BRDA:391,7,0,3
BRDA:391,7,1,541
BRDA:399,8,0,4
BRDA:399,8,1,540
BRF:18
BRH:18
end_of_record
TN:
SF:lib/article-processor/cli/config-init.ts
FN:33,initializeConfiguration
FN:80,(anonymous_10)
FN:95,(anonymous_11)
FN:109,(anonymous_12)
FN:134,interactiveConfigSetup
FN:175,fixConfigurationIssues
FN:189,checkConfigExists
FN:201,promptWithDefault
FN:202,(anonymous_17)
FN:203,(anonymous_18)
FN:212,promptYesNo
FN:218,(anonymous_20)
FN:220,(anonymous_21)
FN:240,displayNextSteps
FNF:14
FNH:0
FNDA:0,initializeConfiguration
FNDA:0,(anonymous_10)
FNDA:0,(anonymous_11)
FNDA:0,(anonymous_12)
FNDA:0,interactiveConfigSetup
FNDA:0,fixConfigurationIssues
FNDA:0,checkConfigExists
FNDA:0,promptWithDefault
FNDA:0,(anonymous_17)
FNDA:0,(anonymous_18)
FNDA:0,promptYesNo
FNDA:0,(anonymous_20)
FNDA:0,(anonymous_21)
FNDA:0,displayNextSteps
DA:13,0
DA:14,0
DA:15,0
DA:16,0
DA:17,0
DA:18,0
DA:33,0
DA:43,0
DA:44,0
DA:47,0
DA:48,0
DA:50,0
DA:51,0
DA:52,0
DA:54,0
DA:55,0
DA:56,0
DA:57,0
DA:58,0
DA:61,0
DA:66,0
DA:69,0
DA:70,0
DA:74,0
DA:75,0
DA:78,0
DA:79,0
DA:80,0
DA:82,0
DA:83,0
DA:84,0
DA:85,0
DA:88,0
DA:93,0
DA:94,0
DA:95,0
DA:99,0
DA:100,0
DA:101,0
DA:103,0
DA:104,0
DA:107,0
DA:108,0
DA:109,0
DA:110,0
DA:116,0
DA:117,0
DA:118,0
DA:121,0
DA:122,0
DA:123,0
DA:126,0
DA:128,0
DA:135,0
DA:136,0
DA:138,0
DA:143,0
DA:145,0
DA:146,0
DA:147,0
DA:148,0
DA:150,0
DA:153,0
DA:154,0
DA:155,0
DA:156,0
DA:157,0
DA:159,0
DA:162,0
DA:163,0
DA:164,0
DA:166,0
DA:168,0
DA:182,0
DA:183,0
DA:190,0
DA:191,0
DA:192,0
DA:194,0
DA:202,0
DA:203,0
DA:204,0
DA:213,0
DA:218,0
DA:219,0
DA:220,0
DA:221,0
DA:223,0
DA:224,0
DA:225,0
DA:226,0
DA:227,0
DA:228,0
DA:229,0
DA:231,0
DA:241,0
DA:242,0
DA:243,0
DA:245,0
DA:246,0
DA:247,0
DA:249,0
DA:250,0
DA:251,0
DA:252,0
DA:254,0
DA:255,0
DA:256,0
DA:257,0
DA:258,0
DA:260,0
DA:261,0
DA:262,0
DA:264,0
DA:265,0
DA:266,0
DA:268,0
LF:117
LH:0
BRDA:34,0,0,0
BRDA:40,1,0,0
BRDA:50,2,0,0
BRDA:50,2,1,0
BRDA:50,3,0,0
BRDA:50,3,1,0
BRDA:54,4,0,0
BRDA:54,4,1,0
BRDA:56,5,0,0
BRDA:56,5,1,0
BRDA:69,6,0,0
BRDA:69,6,1,0
BRDA:78,7,0,0
BRDA:78,7,1,0
BRDA:82,8,0,0
BRDA:82,8,1,0
BRDA:84,9,0,0
BRDA:84,9,1,0
BRDA:93,10,0,0
BRDA:93,10,1,0
BRDA:99,11,0,0
BRDA:99,11,1,0
BRDA:103,12,0,0
BRDA:103,12,1,0
BRDA:107,13,0,0
BRDA:107,13,1,0
BRDA:204,14,0,0
BRDA:204,14,1,0
BRDA:219,15,0,0
BRDA:219,15,1,0
BRDA:224,16,0,0
BRDA:224,16,1,0
BRDA:226,17,0,0
BRDA:226,17,1,0
BRDA:226,18,0,0
BRDA:226,18,1,0
BRDA:228,19,0,0
BRDA:228,19,1,0
BRDA:228,20,0,0
BRDA:228,20,1,0
BRF:40
BRH:0
end_of_record
TN:
SF:lib/article-processor/cli/config-validator.ts
FN:50,validateConfigurationComprehensive
FN:58,(anonymous_10)
FN:86,validateConfigurationBasic
FN:169,validateDirectories
FN:232,validateOllamaConnectivity
FN:263,(anonymous_14)
FN:291,createMissingDirectories
FN:321,generateConfigurationRecommendations
FN:325,(anonymous_17)
FNF:9
FNH:0
FNDA:0,validateConfigurationComprehensive
FNDA:0,(anonymous_10)
FNDA:0,validateConfigurationBasic
FNDA:0,validateDirectories
FNDA:0,validateOllamaConnectivity
FNDA:0,(anonymous_14)
FNDA:0,createMissingDirectories
FNDA:0,generateConfigurationRecommendations
FNDA:0,(anonymous_17)
DA:14,0
DA:15,0
DA:50,0
DA:51,0
DA:52,0
DA:55,0
DA:58,0
DA:59,0
DA:60,0
DA:61,0
DA:62,0
DA:67,0
DA:69,0
DA:70,0
DA:71,0
DA:72,0
DA:75,0
DA:86,0
DA:87,0
DA:90,0
DA:91,0
DA:93,0
DA:94,0
DA:97,0
DA:98,0
DA:101,0
DA:102,0
DA:104,0
DA:108,0
DA:109,0
DA:114,0
DA:115,0
DA:117,0
DA:119,0
DA:120,0
DA:121,0
DA:122,0
DA:127,0
DA:128,0
DA:129,0
DA:130,0
DA:134,0
DA:135,0
DA:136,0
DA:137,0
DA:138,0
DA:140,0
DA:141,0
DA:148,0
DA:149,0
DA:151,0
DA:152,0
DA:155,0
DA:156,0
DA:160,0
DA:170,0
DA:172,0
DA:173,0
DA:174,0
DA:181,0
DA:182,0
DA:183,0
DA:184,0
DA:186,0
DA:188,0
DA:189,0
DA:190,0
DA:193,0
DA:197,0
DA:198,0
DA:199,0
DA:200,0
DA:201,0
DA:202,0
DA:204,0
DA:208,0
DA:212,0
DA:215,0
DA:217,0
DA:226,0
DA:233,0
DA:237,0
DA:239,0
DA:244,0
DA:245,0
DA:247,0
DA:248,0
DA:249,0
DA:255,0
DA:256,0
DA:261,0
DA:262,0
DA:263,0
DA:264,0
DA:268,0
DA:271,0
DA:274,0
DA:275,0
DA:276,0
DA:278,0
DA:281,0
DA:285,0
DA:291,0
DA:295,0
DA:296,0
DA:298,0
DA:300,0
DA:301,0
DA:304,0
DA:305,0
DA:306,0
DA:308,0
DA:315,0
DA:321,0
DA:322,0
DA:325,0
DA:326,0
DA:327,0
DA:328,0
DA:329,0
DA:330,0
DA:331,0
DA:336,0
DA:337,0
DA:338,0
DA:339,0
DA:340,0
DA:344,0
DA:345,0
DA:348,0
LF:130
LH:0
BRDA:59,0,0,0
BRDA:59,0,1,0
BRDA:59,1,0,0
BRDA:59,1,1,0
BRDA:61,2,0,0
BRDA:61,2,1,0
BRDA:61,3,0,0
BRDA:61,3,1,0
BRDA:69,4,0,0
BRDA:69,4,1,0
BRDA:71,5,0,0
BRDA:71,5,1,0
BRDA:90,6,0,0
BRDA:90,6,1,0
BRDA:93,7,0,0
BRDA:93,7,1,0
BRDA:93,8,0,0
BRDA:93,8,1,0
BRDA:97,9,0,0
BRDA:97,9,1,0
BRDA:97,10,0,0
BRDA:97,10,1,0
BRDA:108,11,0,0
BRDA:108,11,1,0
BRDA:108,12,0,0
BRDA:108,12,1,0
BRDA:114,13,0,0
BRDA:114,13,1,0
BRDA:121,14,0,0
BRDA:121,14,1,0
BRDA:121,15,0,0
BRDA:121,15,1,0
BRDA:129,16,0,0
BRDA:129,16,1,0
BRDA:140,17,0,0
BRDA:140,17,1,0
BRDA:140,18,0,0
BRDA:140,18,1,0
BRDA:148,19,0,0
BRDA:148,19,1,0
BRDA:151,20,0,0
BRDA:151,20,1,0
BRDA:155,21,0,0
BRDA:155,21,1,0
BRDA:186,22,0,0
BRDA:186,22,1,0
BRDA:197,23,0,0
BRDA:197,23,1,0
BRDA:212,24,0,0
BRDA:212,24,1,0
BRDA:221,25,0,0
BRDA:221,25,1,0
BRDA:244,26,0,0
BRDA:244,26,1,0
BRDA:261,27,0,0
BRDA:261,27,1,0
BRDA:263,28,0,0
BRDA:263,28,1,0
BRDA:263,29,0,0
BRDA:263,29,1,0
BRDA:263,30,0,0
BRDA:263,30,1,0
BRDA:274,31,0,0
BRDA:274,31,1,0
BRDA:275,32,0,0
BRDA:275,32,1,0
BRDA:300,33,0,0
BRDA:300,33,1,0
BRDA:310,34,0,0
BRDA:310,34,1,0
BRDA:326,35,0,0
BRDA:326,35,1,0
BRDA:326,36,0,0
BRDA:326,36,1,0
BRDA:328,37,0,0
BRDA:328,37,1,0
BRDA:328,38,0,0
BRDA:328,38,1,0
BRDA:330,39,0,0
BRDA:330,39,1,0
BRDA:330,40,0,0
BRDA:330,40,1,0
BRDA:336,41,0,0
BRDA:336,41,1,0
BRDA:339,42,0,0
BRDA:339,42,1,0
BRDA:344,43,0,0
BRDA:344,43,1,0
BRDA:344,44,0,0
BRDA:344,44,1,0
BRF:90
BRH:0
end_of_record
TN:
SF:lib/article-processor/cli/config.ts
FN:78,loadConfig
FN:103,loadConfigAsync
FN:129,validateConfig
FN:199,mergeWithDefaults
FN:219,saveConfig
FN:240,getConfigDocumentation
FNF:6
FNH:0
FNDA:0,loadConfig
FNDA:0,loadConfigAsync
FNDA:0,validateConfig
FNDA:0,mergeWithDefaults
FNDA:0,saveConfig
FNDA:0,getConfigDocumentation
DA:13,0
DA:14,0
DA:48,0
DA:69,0
DA:78,0
DA:80,0
DA:81,0
DA:82,0
DA:83,0
DA:86,0
DA:87,0
DA:88,0
DA:91,0
DA:96,0
DA:97,0
DA:103,0
DA:105,0
DA:106,0
DA:107,0
DA:108,0
DA:109,0
DA:112,0
DA:113,0
DA:114,0
DA:117,0
DA:122,0
DA:123,0
DA:129,0
DA:130,0
DA:133,0
DA:134,0
DA:136,0
DA:137,0
DA:140,0
DA:141,0
DA:144,0
DA:145,0
DA:147,0
DA:151,0
DA:152,0
DA:157,0
DA:158,0
DA:160,0
DA:162,0
DA:163,0
DA:164,0
DA:165,0
DA:170,0
DA:171,0
DA:172,0
DA:173,0
DA:178,0
DA:179,0
DA:181,0
DA:182,0
DA:185,0
DA:186,0
DA:190,0
DA:200,0
DA:219,0
DA:220,0
DA:221,0
DA:224,0
DA:225,0
DA:226,0
DA:230,0
DA:231,0
DA:234,0
DA:240,0
DA:241,0
DA:305,0
LF:71
LH:0
BRDA:133,0,0,0
BRDA:133,0,1,0
BRDA:136,1,0,0
BRDA:136,1,1,0
BRDA:136,2,0,0
BRDA:136,2,1,0
BRDA:140,3,0,0
BRDA:140,3,1,0
BRDA:140,4,0,0
BRDA:140,4,1,0
BRDA:151,5,0,0
BRDA:151,5,1,0
BRDA:151,6,0,0
BRDA:151,6,1,0
BRDA:157,7,0,0
BRDA:157,7,1,0
BRDA:164,8,0,0
BRDA:164,8,1,0
BRDA:164,9,0,0
BRDA:164,9,1,0
BRDA:172,10,0,0
BRDA:172,10,1,0
BRDA:178,11,0,0
BRDA:178,11,1,0
BRDA:181,12,0,0
BRDA:181,12,1,0
BRDA:185,13,0,0
BRDA:185,13,1,0
BRDA:220,14,0,0
BRDA:220,14,1,0
BRDA:225,15,0,0
BRDA:225,15,1,0
BRF:32
BRH:0
end_of_record
TN:
SF:lib/article-processor/cli/display.ts
FN:21,displayDirectoryStructure
FN:30,(anonymous_10)
FN:53,(anonymous_11)
FN:54,(anonymous_12)
FN:56,(anonymous_13)
FN:80,displayProcessingResults
FN:131,displayCategoryDistribution
FN:140,(anonymous_16)
FN:141,(anonymous_17)
FN:148,(anonymous_18)
FN:149,(anonymous_19)
FN:151,(anonymous_20)
FN:164,displayErrorSummary
FN:170,(anonymous_22)
FN:178,(anonymous_23)
FN:181,(anonymous_24)
FN:190,(anonymous_25)
FN:191,(anonymous_26)
FN:197,(anonymous_27)
FN:202,(anonymous_28)
FN:212,displayRedundancyAnalysis
FN:245,getDirectoryStats
FN:283,formatBytes
FN:296,displayConfiguration
FN:310,(anonymous_33)
FN:311,(anonymous_34)
FNF:26
FNH:0
FNDA:0,displayDirectoryStructure
FNDA:0,(anonymous_10)
FNDA:0,(anonymous_11)
FNDA:0,(anonymous_12)
FNDA:0,(anonymous_13)
FNDA:0,displayProcessingResults
FNDA:0,displayCategoryDistribution
FNDA:0,(anonymous_16)
FNDA:0,(anonymous_17)
FNDA:0,(anonymous_18)
FNDA:0,(anonymous_19)
FNDA:0,(anonymous_20)
FNDA:0,displayErrorSummary
FNDA:0,(anonymous_22)
FNDA:0,(anonymous_23)
FNDA:0,(anonymous_24)
FNDA:0,(anonymous_25)
FNDA:0,(anonymous_26)
FNDA:0,(anonymous_27)
FNDA:0,(anonymous_28)
FNDA:0,displayRedundancyAnalysis
FNDA:0,getDirectoryStats
FNDA:0,formatBytes
FNDA:0,displayConfiguration
FNDA:0,(anonymous_33)
FNDA:0,(anonymous_34)
DA:15,0
DA:16,0
DA:21,0
DA:25,0
DA:26,0
DA:27,0
DA:29,0
DA:31,0
DA:32,0
DA:33,0
DA:41,0
DA:53,0
DA:54,0
DA:56,0
DA:57,0
DA:58,0
DA:59,0
DA:60,0
DA:62,0
DA:65,0
DA:68,0
DA:69,0
DA:70,0
DA:71,0
DA:72,0
DA:73,0
DA:74,0
DA:80,0
DA:85,0
DA:86,0
DA:87,0
DA:88,0
DA:91,0
DA:99,0
DA:100,0
DA:104,0
DA:105,0
DA:109,0
DA:110,0
DA:114,0
DA:115,0
DA:116,0
DA:117,0
DA:118,0
DA:119,0
DA:120,0
DA:121,0
DA:122,0
DA:125,0
DA:135,0
DA:136,0
DA:137,0
DA:139,0
DA:140,0
DA:141,0
DA:143,0
DA:144,0
DA:145,0
DA:148,0
DA:149,0
DA:151,0
DA:152,0
DA:153,0
DA:154,0
DA:155,0
DA:158,0
DA:165,0
DA:166,0
DA:167,0
DA:170,0
DA:171,0
DA:172,0
DA:174,0
DA:175,0
DA:178,0
DA:179,0
DA:181,0
DA:182,0
DA:183,0
DA:186,0
DA:190,0
DA:191,0
DA:192,0
DA:193,0
DA:196,0
DA:197,0
DA:200,0
DA:201,0
DA:202,0
DA:203,0
DA:205,0
DA:216,0
DA:217,0
DA:218,0
DA:220,0
DA:221,0
DA:224,0
DA:225,0
DA:228,0
DA:229,0
DA:232,0
DA:233,0
DA:234,0
DA:235,0
DA:236,0
DA:239,0
DA:250,0
DA:251,0
DA:252,0
DA:253,0
DA:256,0
DA:257,0
DA:258,0
DA:260,0
DA:261,0
DA:262,0
DA:263,0
DA:264,0
DA:265,0
DA:266,0
DA:270,0
DA:274,0
DA:276,0
DA:284,0
DA:286,0
DA:287,0
DA:288,0
DA:290,0
DA:296,0
DA:297,0
DA:298,0
DA:299,0
DA:302,0
DA:303,0
DA:304,0
DA:305,0
DA:306,0
DA:309,0
DA:310,0
DA:311,0
DA:312,0
DA:313,0
DA:315,0
DA:318,0
DA:319,0
DA:320,0
DA:321,0
LF:147
LH:0
BRDA:59,0,0,0
BRDA:59,0,1,0
BRDA:60,1,0,0
BRDA:60,1,1,0
BRDA:99,2,0,0
BRDA:99,2,1,0
BRDA:104,3,0,0
BRDA:104,3,1,0
BRDA:109,4,0,0
BRDA:109,4,1,0
BRDA:114,5,0,0
BRDA:114,5,1,0
BRDA:143,6,0,0
BRDA:143,6,1,0
BRDA:171,7,0,0
BRDA:171,7,1,0
BRDA:192,8,0,0
BRDA:192,8,1,0
BRDA:200,9,0,0
BRDA:200,9,1,0
BRDA:220,10,0,0
BRDA:220,10,1,0
BRDA:220,11,0,0
BRDA:220,11,1,0
BRDA:224,12,0,0
BRDA:224,12,1,0
BRDA:224,13,0,0
BRDA:224,13,1,0
BRDA:228,14,0,0
BRDA:228,14,1,0
BRDA:228,15,0,0
BRDA:228,15,1,0
BRDA:232,16,0,0
BRDA:232,16,1,0
BRDA:252,17,0,0
BRDA:252,17,1,0
BRDA:264,18,0,0
BRDA:264,18,1,0
BRDA:284,19,0,0
BRDA:284,19,1,0
BRF:40
BRH:0
end_of_record
TN:
SF:lib/article-processor/cli/index.ts
FN:33,(anonymous_9)
FN:41,(anonymous_10)
FN:58,(anonymous_11)
FN:72,(anonymous_12)
FN:87,(anonymous_13)
FN:99,(anonymous_14)
FN:109,(anonymous_15)
FN:118,(anonymous_16)
FN:158,(anonymous_17)
FN:167,(anonymous_18)
FN:221,(anonymous_19)
FN:242,(anonymous_20)
FN:248,(anonymous_21)
FN:269,(anonymous_22)
FN:273,(anonymous_23)
FN:310,(anonymous_24)
FN:326,(anonymous_25)
FN:347,(anonymous_26)
FN:355,(anonymous_27)
FN:362,(anonymous_28)
FN:401,main
FN:408,(anonymous_30)
FNF:22
FNH:0
FNDA:0,(anonymous_9)
FNDA:0,(anonymous_10)
FNDA:0,(anonymous_11)
FNDA:0,(anonymous_12)
FNDA:0,(anonymous_13)
FNDA:0,(anonymous_14)
FNDA:0,(anonymous_15)
FNDA:0,(anonymous_16)
FNDA:0,(anonymous_17)
FNDA:0,(anonymous_18)
FNDA:0,(anonymous_19)
FNDA:0,(anonymous_20)
FNDA:0,(anonymous_21)
FNDA:0,(anonymous_22)
FNDA:0,(anonymous_23)
FNDA:0,(anonymous_24)
FNDA:0,(anonymous_25)
FNDA:0,(anonymous_26)
FNDA:0,(anonymous_27)
FNDA:0,(anonymous_28)
FNDA:0,main
FNDA:0,(anonymous_30)
DA:15,0
DA:16,0
DA:17,0
DA:18,0
DA:19,0
DA:20,0
DA:21,0
DA:23,0
DA:24,0
DA:34,0
DA:35,0
DA:42,0
DA:48,0
DA:59,0
DA:63,0
DA:73,0
DA:77,0
DA:88,0
DA:92,0
DA:100,0
DA:103,0
DA:110,0
DA:112,0
DA:115,0
DA:116,0
DA:117,0
DA:118,0
DA:119,0
DA:123,0
DA:124,0
DA:128,0
DA:129,0
DA:132,0
DA:133,0
DA:134,0
DA:135,0
DA:136,0
DA:137,0
DA:139,0
DA:140,0
DA:141,0
DA:144,0
DA:147,0
DA:150,0
DA:151,0
DA:159,0
DA:161,0
DA:164,0
DA:165,0
DA:166,0
DA:167,0
DA:168,0
DA:172,0
DA:173,0
DA:177,0
DA:180,0
DA:181,0
DA:183,0
DA:184,0
DA:187,0
DA:188,0
DA:190,0
DA:191,0
DA:192,0
DA:194,0
DA:195,0
DA:196,0
DA:197,0
DA:198,0
DA:200,0
DA:201,0
DA:202,0
DA:203,0
DA:204,0
DA:205,0
DA:208,0
DA:209,0
DA:213,0
DA:214,0
DA:222,0
DA:223,0
DA:224,0
DA:225,0
DA:228,0
DA:229,0
DA:230,0
DA:233,0
DA:234,0
DA:235,0
DA:237,0
DA:238,0
DA:240,0
DA:241,0
DA:242,0
DA:246,0
DA:247,0
DA:248,0
DA:249,0
DA:250,0
DA:251,0
DA:255,0
DA:256,0
DA:257,0
DA:258,0
DA:259,0
DA:260,0
DA:262,0
DA:263,0
DA:264,0
DA:268,0
DA:269,0
DA:271,0
DA:272,0
DA:273,0
DA:276,0
DA:278,0
DA:281,0
DA:282,0
DA:288,0
DA:292,0
DA:293,0
DA:294,0
DA:295,0
DA:296,0
DA:297,0
DA:298,0
DA:299,0
DA:302,0
DA:303,0
DA:311,0
DA:313,0
DA:315,0
DA:318,0
DA:319,0
DA:327,0
DA:328,0
DA:330,0
DA:331,0
DA:333,0
DA:334,0
DA:336,0
DA:337,0
DA:339,0
DA:340,0
DA:348,0
DA:349,0
DA:356,0
DA:363,0
DA:365,0
DA:367,0
DA:368,0
DA:369,0
DA:374,0
DA:392,0
DA:393,0
DA:394,0
DA:402,0
DA:403,0
DA:407,0
DA:408,0
DA:409,0
DA:410,0
DA:414,0
LF:163
LH:0
BRDA:116,0,0,0
BRDA:116,0,1,0
BRDA:123,1,0,0
BRDA:123,1,1,0
BRDA:128,2,0,0
BRDA:128,2,1,0
BRDA:147,3,0,0
BRDA:147,3,1,0
BRDA:150,4,0,0
BRDA:150,4,1,0
BRDA:165,5,0,0
BRDA:165,5,1,0
BRDA:172,6,0,0
BRDA:172,6,1,0
BRDA:194,7,0,0
BRDA:194,7,1,0
BRDA:196,8,0,0
BRDA:196,8,1,0
BRDA:196,9,0,0
BRDA:196,9,1,0
BRDA:197,10,0,0
BRDA:197,10,1,0
BRDA:197,11,0,0
BRDA:197,11,1,0
BRDA:198,12,0,0
BRDA:198,12,1,0
BRDA:198,13,0,0
BRDA:198,13,1,0
BRDA:200,14,0,0
BRDA:200,14,1,0
BRDA:200,15,0,0
BRDA:200,15,1,0
BRDA:213,16,0,0
BRDA:213,16,1,0
BRDA:223,17,0,0
BRDA:223,17,1,0
BRDA:228,18,0,0
BRDA:228,18,1,0
BRDA:233,19,0,0
BRDA:233,19,1,0
BRDA:237,20,0,0
BRDA:237,20,1,0
BRDA:240,21,0,0
BRDA:240,21,1,0
BRDA:249,22,0,0
BRDA:249,22,1,0
BRDA:250,23,0,0
BRDA:250,23,1,0
BRDA:251,24,0,0
BRDA:251,24,1,0
BRDA:257,25,0,0
BRDA:257,25,1,0
BRDA:258,26,0,0
BRDA:258,26,1,0
BRDA:259,27,0,0
BRDA:259,27,1,0
BRDA:262,28,0,0
BRDA:262,28,1,0
BRDA:263,29,0,0
BRDA:263,29,1,0
BRDA:264,30,0,0
BRDA:264,30,1,0
BRDA:271,31,0,0
BRDA:271,31,1,0
BRDA:281,32,0,0
BRDA:281,32,1,0
BRDA:283,33,0,0
BRDA:283,33,1,0
BRDA:284,34,0,0
BRDA:284,34,1,0
BRDA:302,35,0,0
BRDA:302,35,1,0
BRDA:318,36,0,0
BRDA:318,36,1,0
BRDA:327,37,0,0
BRDA:327,37,1,0
BRDA:330,38,0,0
BRDA:330,38,1,0
BRDA:333,39,0,0
BRDA:333,39,1,0
BRDA:336,40,0,0
BRDA:336,40,1,0
BRDA:339,41,0,0
BRDA:339,41,1,0
BRDA:407,42,0,0
BRDA:407,42,1,0
BRF:86
BRH:0
end_of_record
TN:
SF:lib/article-processor/cli/logger.ts
FN:16,(anonymous_0)
FN:30,(anonymous_1)
FN:38,(anonymous_2)
FN:45,(anonymous_3)
FN:52,(anonymous_4)
FN:59,(anonymous_5)
FN:66,(anonymous_6)
FN:73,(anonymous_7)
FN:80,(anonymous_8)
FN:89,(anonymous_9)
FN:98,(anonymous_10)
FN:105,(anonymous_11)
FN:112,(anonymous_12)
FN:119,(anonymous_13)
FN:122,(anonymous_14)
FN:123,(anonymous_15)
FN:124,(anonymous_16)
FN:128,(anonymous_17)
FN:130,(anonymous_18)
FN:133,(anonymous_19)
FN:134,(anonymous_20)
FN:142,(anonymous_21)
FN:169,(anonymous_22)
FN:174,(anonymous_23)
FN:176,(anonymous_24)
FN:187,(anonymous_25)
FN:194,(anonymous_26)
FN:204,(anonymous_27)
FN:219,(anonymous_28)
FN:233,(anonymous_29)
FN:241,(anonymous_30)
FN:274,(anonymous_31)
FN:281,(anonymous_32)
FNF:33
FNH:0
FNDA:0,(anonymous_0)
FNDA:0,(anonymous_1)
FNDA:0,(anonymous_2)
FNDA:0,(anonymous_3)
FNDA:0,(anonymous_4)
FNDA:0,(anonymous_5)
FNDA:0,(anonymous_6)
FNDA:0,(anonymous_7)
FNDA:0,(anonymous_8)
FNDA:0,(anonymous_9)
FNDA:0,(anonymous_10)
FNDA:0,(anonymous_11)
FNDA:0,(anonymous_12)
FNDA:0,(anonymous_13)
FNDA:0,(anonymous_14)
FNDA:0,(anonymous_15)
FNDA:0,(anonymous_16)
FNDA:0,(anonymous_17)
FNDA:0,(anonymous_18)
FNDA:0,(anonymous_19)
FNDA:0,(anonymous_20)
FNDA:0,(anonymous_21)
FNDA:0,(anonymous_22)
FNDA:0,(anonymous_23)
FNDA:0,(anonymous_24)
FNDA:0,(anonymous_25)
FNDA:0,(anonymous_26)
FNDA:0,(anonymous_27)
FNDA:0,(anonymous_28)
FNDA:0,(anonymous_29)
FNDA:0,(anonymous_30)
FNDA:0,(anonymous_31)
FNDA:0,(anonymous_32)
DA:16,0
DA:17,0
DA:18,0
DA:19,0
DA:20,0
DA:26,0
DA:27,0
DA:28,0
DA:31,0
DA:32,0
DA:39,0
DA:46,0
DA:53,0
DA:60,0
DA:67,0
DA:74,0
DA:81,0
DA:82,0
DA:90,0
DA:91,0
DA:99,0
DA:106,0
DA:113,0
DA:114,0
DA:115,0
DA:119,0
DA:122,0
DA:123,0
DA:124,0
DA:128,0
DA:129,0
DA:130,0
DA:133,0
DA:134,0
DA:135,0
DA:148,0
DA:149,0
DA:150,0
DA:151,0
DA:153,0
DA:154,0
DA:156,0
DA:157,0
DA:158,0
DA:159,0
DA:160,0
DA:161,0
DA:163,0
DA:170,0
DA:171,0
DA:172,0
DA:174,0
DA:176,0
DA:177,0
DA:178,0
DA:181,0
DA:188,0
DA:189,0
DA:190,0
DA:193,0
DA:194,0
DA:195,0
DA:198,0
DA:205,0
DA:206,0
DA:209,0
DA:210,0
DA:212,0
DA:220,0
DA:227,0
DA:228,0
DA:231,0
DA:234,0
DA:235,0
DA:242,0
DA:244,0
DA:245,0
DA:248,0
DA:249,0
DA:252,0
DA:254,0
DA:255,0
DA:256,0
DA:257,0
DA:259,0
DA:260,0
DA:263,0
DA:266,0
DA:267,0
DA:275,0
DA:282,0
DA:289,0
LF:92
LH:0
BRDA:16,0,0,0
BRDA:16,0,1,0
BRDA:30,1,0,0
BRDA:30,2,0,0
BRDA:81,3,0,0
BRDA:81,3,1,0
BRDA:90,4,0,0
BRDA:90,4,1,0
BRDA:113,5,0,0
BRDA:113,5,1,0
BRDA:123,6,0,0
BRDA:123,6,1,0
BRDA:134,7,0,0
BRDA:134,7,1,0
BRDA:153,8,0,0
BRDA:153,8,1,0
BRDA:154,9,0,0
BRDA:154,9,1,0
BRDA:206,10,0,0
BRDA:206,10,1,0
BRDA:209,11,0,0
BRDA:209,11,1,0
BRDA:233,12,0,0
BRDA:242,13,0,0
BRDA:242,13,1,0
BRDA:248,14,0,0
BRDA:248,14,1,0
BRDA:248,15,0,0
BRDA:248,15,1,0
BRDA:260,16,0,0
BRDA:260,16,1,0
BRDA:266,17,0,0
BRDA:266,17,1,0
BRF:33
BRH:0
end_of_record
TN:
SF:lib/article-processor/clients/ollama-client.ts
FN:12,(anonymous_0)
FN:23,(anonymous_1)
FN:38,(anonymous_2)
FN:70,(anonymous_3)
FN:101,(anonymous_4)
FN:180,(anonymous_5)
FN:223,(anonymous_6)
FN:244,(anonymous_7)
FN:262,(anonymous_8)
FN:272,(anonymous_9)
FN:273,(anonymous_10)
FN:281,(anonymous_11)
FN:288,(anonymous_12)
FNF:13
FNH:8
FNDA:56,(anonymous_0)
FNDA:19,(anonymous_1)
FNDA:20,(anonymous_2)
FNDA:1,(anonymous_3)
FNDA:9,(anonymous_4)
FNDA:8,(anonymous_5)
FNDA:0,(anonymous_6)
FNDA:0,(anonymous_7)
FNDA:0,(anonymous_8)
FNDA:0,(anonymous_9)
FNDA:0,(anonymous_10)
FNDA:5,(anonymous_11)
FNDA:1,(anonymous_12)
DA:7,5
DA:9,5
DA:13,56
DA:24,19
DA:25,19
DA:29,18
DA:31,1
DA:39,20
DA:40,20
DA:53,17
DA:54,17
DA:57,0
DA:58,0
DA:60,20
DA:61,17
DA:63,3
DA:75,1
DA:77,1
DA:88,1
DA:89,0
DA:91,0
DA:102,9
DA:104,9
DA:145,9
DA:146,9
DA:147,0
DA:150,0
DA:152,0
DA:164,9
DA:181,8
DA:206,8
DA:207,8
DA:208,0
DA:210,0
DA:214,8
DA:224,0
DA:226,0
DA:227,0
DA:228,0
DA:230,0
DA:232,0
DA:233,0
DA:245,0
DA:246,0
DA:247,0
DA:248,0
DA:250,0
DA:252,0
DA:253,0
DA:263,0
DA:269,0
DA:272,0
DA:273,0
DA:275,0
DA:282,5
DA:289,1
DA:297,5
LF:57
LH:29
BRDA:14,0,0,56
BRDA:14,0,1,53
BRDA:14,1,0,49
BRDA:14,1,1,7
BRDA:14,2,0,56
BRDA:14,2,1,56
BRDA:15,3,0,56
BRDA:15,3,1,50
BRDA:15,4,0,49
BRDA:15,4,1,7
BRDA:15,5,0,56
BRDA:15,5,1,56
BRDA:16,6,0,56
BRDA:16,6,1,51
BRDA:16,7,0,49
BRDA:16,7,1,7
BRDA:16,8,0,56
BRDA:16,8,1,56
BRDA:53,9,0,17
BRDA:53,9,1,0
BRDA:58,10,0,0
BRDA:58,10,1,0
BRDA:60,11,0,17
BRDA:60,11,1,3
BRDA:153,12,0,0
BRDA:153,12,1,0
BRDA:154,13,0,0
BRDA:154,13,1,0
BRDA:155,14,0,0
BRDA:155,14,1,0
BRDA:211,15,0,0
BRDA:211,15,1,0
BRDA:227,16,0,0
BRDA:227,16,1,0
BRDA:247,17,0,0
BRDA:247,17,1,0
BRDA:264,18,0,0
BRDA:264,18,1,0
BRDA:265,19,0,0
BRDA:265,19,1,0
BRDA:266,20,0,0
BRDA:266,20,1,0
BRDA:269,21,0,0
BRDA:269,21,1,0
BRDA:272,22,0,0
BRDA:272,22,1,0
BRDA:272,23,0,0
BRDA:272,23,1,0
BRDA:272,24,0,0
BRDA:272,24,1,0
BRF:50
BRH:21
end_of_record
TN:
SF:lib/article-processor/detectors/component-detector.ts
FN:20,(anonymous_0)
FN:36,(anonymous_1)
FN:99,(anonymous_2)
FN:138,(anonymous_3)
FN:205,(anonymous_4)
FN:248,(anonymous_5)
FN:286,(anonymous_6)
FN:298,(anonymous_7)
FN:303,(anonymous_8)
FN:328,(anonymous_9)
FN:330,(anonymous_10)
FN:330,(anonymous_11)
FN:339,(anonymous_12)
FN:349,(anonymous_13)
FN:352,(anonymous_14)
FN:368,(anonymous_15)
FN:379,(anonymous_16)
FN:392,(anonymous_17)
FN:395,(anonymous_18)
FN:416,(anonymous_19)
FN:427,(anonymous_20)
FN:444,(anonymous_21)
FN:456,(anonymous_22)
FN:459,(anonymous_23)
FNF:24
FNH:24
FNDA:11,(anonymous_0)
FNDA:16,(anonymous_1)
FNDA:14,(anonymous_2)
FNDA:15,(anonymous_3)
FNDA:14,(anonymous_4)
FNDA:15,(anonymous_5)
FNDA:283,(anonymous_6)
FNDA:1391,(anonymous_7)
FNDA:5,(anonymous_8)
FNDA:5,(anonymous_9)
FNDA:28,(anonymous_10)
FNDA:28,(anonymous_11)
FNDA:247,(anonymous_12)
FNDA:1408,(anonymous_13)
FNDA:6,(anonymous_14)
FNDA:253,(anonymous_15)
FNDA:172,(anonymous_16)
FNDA:1225,(anonymous_17)
FNDA:10,(anonymous_18)
FNDA:10,(anonymous_19)
FNDA:270,(anonymous_20)
FNDA:495,(anonymous_21)
FNDA:1095,(anonymous_22)
FNDA:10,(anonymous_23)
DA:15,5
DA:21,11
DA:23,11
DA:24,11
DA:25,11
DA:26,11
DA:27,11
DA:29,11
DA:37,16
DA:38,16
DA:39,16
DA:40,16
DA:42,16
DA:43,283
DA:46,283
DA:47,55
DA:48,55
DA:49,55
DA:54,283
DA:55,6
DA:59,277
DA:60,6
DA:61,6
DA:62,6
DA:63,6
DA:64,6
DA:65,6
DA:70,6
DA:73,6
DA:77,271
DA:78,24
DA:79,24
DA:81,5
DA:83,5
DA:88,5
DA:93,16
DA:100,14
DA:101,14
DA:102,14
DA:104,14
DA:105,253
DA:108,253
DA:109,47
DA:110,47
DA:111,47
DA:116,253
DA:118,5
DA:119,5
DA:120,5
DA:121,5
DA:122,5
DA:132,14
DA:139,15
DA:140,15
DA:141,15
DA:142,15
DA:143,15
DA:144,15
DA:146,15
DA:147,265
DA:150,265
DA:151,48
DA:152,48
DA:153,48
DA:158,265
DA:159,6
DA:160,3
DA:161,3
DA:164,3
DA:165,3
DA:166,3
DA:167,3
DA:172,3
DA:176,3
DA:177,3
DA:179,6
DA:183,259
DA:184,17
DA:185,17
DA:186,6
DA:188,6
DA:193,6
DA:198,15
DA:206,14
DA:207,14
DA:208,14
DA:209,14
DA:211,14
DA:212,253
DA:215,253
DA:216,47
DA:217,47
DA:218,47
DA:223,253
DA:224,10
DA:225,10
DA:227,10
DA:228,10
DA:230,10
DA:236,10
DA:241,14
DA:249,15
DA:250,15
DA:251,15
DA:252,15
DA:254,15
DA:255,270
DA:258,270
DA:259,51
DA:260,51
DA:261,51
DA:266,270
DA:267,10
DA:268,10
DA:270,10
DA:271,10
DA:276,10
DA:281,15
DA:287,283
DA:295,283
DA:296,283
DA:298,283
DA:299,1391
DA:305,5
DA:306,19
DA:309,19
DA:310,19
DA:311,8
DA:312,8
DA:313,3
DA:318,16
DA:319,16
DA:320,0
DA:325,2
DA:330,28
DA:332,5
DA:333,5
DA:336,0
DA:340,247
DA:349,1408
DA:354,6
DA:355,18
DA:356,18
DA:357,18
DA:358,4
DA:359,4
DA:360,0
DA:365,6
DA:369,253
DA:372,253
DA:373,47
DA:379,172
DA:383,206
DA:392,1225
DA:397,10
DA:398,10
DA:399,6
DA:402,4
DA:403,4
DA:404,2
DA:408,2
DA:409,2
DA:410,0
DA:413,2
DA:418,10
DA:424,10
DA:429,270
DA:430,51
DA:444,495
DA:448,219
DA:456,1095
DA:460,10
DA:461,10
DA:462,10
DA:465,0
DA:466,0
DA:467,0
DA:470,0
LF:178
LH:170
BRDA:46,0,0,55
BRDA:46,0,1,228
BRDA:48,1,0,55
BRDA:48,1,1,0
BRDA:54,2,0,6
BRDA:54,2,1,277
BRDA:59,3,0,6
BRDA:59,3,1,271
BRDA:59,4,0,277
BRDA:59,4,1,7
BRDA:61,5,0,6
BRDA:61,5,1,0
BRDA:64,6,0,6
BRDA:64,6,1,0
BRDA:77,7,0,24
BRDA:77,7,1,247
BRDA:79,8,0,5
BRDA:79,8,1,19
BRDA:108,9,0,47
BRDA:108,9,1,206
BRDA:110,10,0,47
BRDA:110,10,1,0
BRDA:116,11,0,5
BRDA:116,11,1,248
BRDA:118,12,0,5
BRDA:118,12,1,0
BRDA:120,13,0,5
BRDA:120,13,1,0
BRDA:150,14,0,48
BRDA:150,14,1,217
BRDA:152,15,0,48
BRDA:152,15,1,0
BRDA:158,16,0,6
BRDA:158,16,1,259
BRDA:159,17,0,3
BRDA:159,17,1,3
BRDA:164,18,0,3
BRDA:164,18,1,0
BRDA:166,19,0,3
BRDA:166,19,1,0
BRDA:183,20,0,17
BRDA:183,20,1,242
BRDA:183,21,0,259
BRDA:183,21,1,247
BRDA:185,22,0,6
BRDA:185,22,1,11
BRDA:215,23,0,47
BRDA:215,23,1,206
BRDA:217,24,0,47
BRDA:217,24,1,0
BRDA:223,25,0,10
BRDA:223,25,1,243
BRDA:227,26,0,10
BRDA:227,26,1,0
BRDA:258,27,0,51
BRDA:258,27,1,219
BRDA:260,28,0,51
BRDA:260,28,1,0
BRDA:266,29,0,10
BRDA:266,29,1,260
BRDA:270,30,0,10
BRDA:270,30,1,0
BRDA:299,31,0,1391
BRDA:299,31,1,1385
BRDA:310,32,0,8
BRDA:310,32,1,11
BRDA:312,33,0,3
BRDA:312,33,1,5
BRDA:319,34,0,0
BRDA:319,34,1,16
BRDA:332,35,0,5
BRDA:332,35,1,0
BRDA:357,36,0,4
BRDA:357,36,1,14
BRDA:359,37,0,0
BRDA:359,37,1,4
BRDA:372,38,0,47
BRDA:372,38,1,206
BRDA:398,39,0,6
BRDA:398,39,1,4
BRDA:403,40,0,2
BRDA:403,40,1,2
BRDA:409,41,0,0
BRDA:409,41,1,2
BRDA:429,42,0,51
BRDA:429,42,1,219
BRDA:461,43,0,10
BRDA:461,43,1,0
BRDA:466,44,0,0
BRDA:466,44,1,0
BRF:90
BRH:70
end_of_record
TN:
SF:lib/article-processor/detectors/index.ts
FN:5,(anonymous_0)
FNF:1
FNH:0
FNDA:0,(anonymous_0)
DA:5,1
LF:1
LH:1
BRF:0
BRH:0
end_of_record
TN:
SF:lib/article-processor/examples/content-enhancer-usage.ts
FN:49,enhanceArticleContent
FN:96,(anonymous_1)
FNF:2
FNH:0
FNDA:0,enhanceArticleContent
FNDA:0,(anonymous_1)
DA:8,0
DA:12,0
DA:39,0
DA:49,0
DA:61,0
DA:64,0
DA:71,0
DA:77,0
DA:84,0
DA:85,0
DA:87,0
DA:93,0
DA:94,0
DA:95,0
DA:96,0
DA:97,0
DA:99,0
DA:100,0
DA:101,0
DA:102,0
DA:103,0
DA:104,0
LF:22
LH:0
BRDA:72,0,0,0
BRDA:72,0,1,0
BRDA:73,1,0,0
BRDA:73,1,1,0
BRDA:74,2,0,0
BRDA:74,2,1,0
BRDA:84,3,0,0
BRDA:84,3,1,0
BRF:8
BRH:0
end_of_record
TN:
SF:lib/article-processor/examples/cross-reference-analyzer-usage.ts
FN:16,demonstrateBasicExtraction
FN:35,(anonymous_1)
FN:44,(anonymous_2)
FN:54,demonstrateRedundancyAnalysis
FN:169,(anonymous_4)
FN:176,(anonymous_5)
FN:187,demonstrateCrossReferenceSuggestions
FN:275,(anonymous_7)
FN:287,runExamples
FNF:9
FNH:0
FNDA:0,demonstrateBasicExtraction
FNDA:0,(anonymous_1)
FNDA:0,(anonymous_2)
FNDA:0,demonstrateRedundancyAnalysis
FNDA:0,(anonymous_4)
FNDA:0,(anonymous_5)
FNDA:0,demonstrateCrossReferenceSuggestions
FNDA:0,(anonymous_7)
FNDA:0,runExamples
DA:6,0
DA:17,0
DA:19,0
DA:33,0
DA:34,0
DA:35,0
DA:36,0
DA:39,0
DA:42,0
DA:43,0
DA:44,0
DA:45,0
DA:48,0
DA:55,0
DA:57,0
DA:60,0
DA:166,0
DA:168,0
DA:169,0
DA:170,0
DA:171,0
DA:172,0
DA:175,0
DA:176,0
DA:177,0
DA:178,0
DA:181,0
DA:188,0
DA:190,0
DA:193,0
DA:272,0
DA:274,0
DA:275,0
DA:276,0
DA:277,0
DA:278,0
DA:281,0
DA:288,0
DA:289,0
DA:291,0
DA:292,0
DA:293,0
DA:295,0
DA:299,0
DA:300,0
DA:304,0
DA:305,0
DA:306,0
DA:307,0
LF:49
LH:0
BRDA:299,0,0,0
BRDA:299,0,1,0
BRF:2
BRH:0
end_of_record
TN:
SF:lib/article-processor/examples/file-manager-usage.ts
FN:8,demonstrateFileManager
FNF:1
FNH:0
FNDA:0,demonstrateFileManager
DA:6,0
DA:9,0
DA:11,0
DA:14,0
DA:15,0
DA:16,0
DA:17,0
DA:18,0
DA:19,0
DA:20,0
DA:23,0
DA:24,0
DA:25,0
DA:26,0
DA:27,0
DA:28,0
DA:30,0
DA:32,0
DA:35,0
DA:36,0
DA:37,0
DA:52,0
DA:77,0
DA:78,0
DA:79,0
DA:81,0
DA:83,0
DA:86,0
DA:87,0
DA:101,0
DA:102,0
DA:103,0
DA:105,0
DA:107,0
DA:110,0
DA:111,0
DA:112,0
DA:113,0
DA:115,0
DA:116,0
DA:118,0
DA:120,0
DA:123,0
DA:124,0
DA:125,0
DA:126,0
DA:128,0
DA:130,0
DA:132,0
DA:136,0
DA:137,0
DA:140,0
LF:52
LH:0
BRDA:136,0,0,0
BRDA:136,0,1,0
BRF:2
BRH:0
end_of_record
TN:
SF:lib/article-processor/examples/image-prompt-generator-usage.ts
FN:31,(anonymous_0)
FN:60,(anonymous_1)
FN:102,(anonymous_2)
FNF:3
FNH:0
FNDA:0,(anonymous_0)
FNDA:0,(anonymous_1)
FNDA:0,(anonymous_2)
DA:8,0
DA:12,0
DA:15,0
DA:16,0
DA:17,0
DA:18,0
DA:19,0
DA:20,0
DA:23,0
DA:24,0
DA:31,0
DA:32,0
DA:33,0
DA:34,0
DA:35,0
DA:36,0
DA:40,0
DA:41,0
DA:42,0
DA:43,0
DA:44,0
DA:46,0
DA:47,0
DA:48,0
DA:49,0
DA:52,0
DA:53,0
DA:60,0
DA:61,0
DA:62,0
DA:64,0
DA:67,0
DA:68,0
DA:69,0
DA:71,0
DA:72,0
DA:74,0
DA:75,0
DA:76,0
DA:77,0
DA:80,0
DA:81,0
DA:82,0
DA:83,0
DA:85,0
DA:89,0
DA:96,0
DA:102,0
DA:103,0
DA:104,0
DA:106,0
DA:107,0
DA:108,0
DA:109,0
DA:110,0
DA:111,0
DA:114,0
LF:57
LH:0
BRF:0
BRH:0
end_of_record
TN:
SF:lib/article-processor/examples/ollama-integration-usage.ts
FN:13,basicOllamaUsage
FN:37,customOllamaConfiguration
FN:58,redundancyAnalysisExample
FN:211,directOllamaAnalysis
FN:256,configurationBestPractices
FN:283,runAllExamples
FNF:6
FNH:0
FNDA:0,basicOllamaUsage
FNDA:0,customOllamaConfiguration
FNDA:0,redundancyAnalysisExample
FNDA:0,directOllamaAnalysis
FNDA:0,configurationBestPractices
FNDA:0,runAllExamples
DA:6,0
DA:7,0
DA:14,0
DA:17,0
DA:20,0
DA:21,0
DA:23,0
DA:24,0
DA:26,0
DA:27,0
DA:29,0
DA:38,0
DA:41,0
DA:47,0
DA:48,0
DA:51,0
DA:52,0
DA:59,0
DA:62,0
DA:173,0
DA:175,0
DA:177,0
DA:178,0
DA:180,0
DA:181,0
DA:182,0
DA:183,0
DA:184,0
DA:185,0
DA:188,0
DA:189,0
DA:191,0
DA:192,0
DA:194,0
DA:195,0
DA:196,0
DA:197,0
DA:198,0
DA:199,0
DA:200,0
DA:204,0
DA:212,0
DA:214,0
DA:215,0
DA:217,0
DA:218,0
DA:219,0
DA:223,0
DA:238,0
DA:239,0
DA:240,0
DA:242,0
DA:243,0
DA:244,0
DA:245,0
DA:246,0
DA:249,0
DA:257,0
DA:259,0
DA:260,0
DA:261,0
DA:262,0
DA:264,0
DA:265,0
DA:266,0
DA:267,0
DA:269,0
DA:270,0
DA:271,0
DA:272,0
DA:274,0
DA:275,0
DA:276,0
DA:277,0
DA:284,0
DA:286,0
DA:287,0
DA:288,0
DA:289,0
DA:290,0
DA:292,0
DA:293,0
DA:294,0
DA:295,0
DA:296,0
DA:297,0
DA:301,0
DA:302,0
DA:306,0
DA:307,0
DA:308,0
DA:309,0
DA:310,0
DA:311,0
LF:94
LH:0
BRDA:23,0,0,0
BRDA:23,0,1,0
BRDA:194,1,0,0
BRDA:194,1,1,0
BRDA:217,2,0,0
BRDA:217,2,1,0
BRDA:301,3,0,0
BRDA:301,3,1,0
BRF:8
BRH:0
end_of_record
TN:
SF:lib/article-processor/generators/image-prompt-generator.ts
FN:11,(anonymous_0)
FN:32,(anonymous_1)
FN:46,(anonymous_2)
FN:57,(anonymous_3)
FN:65,(anonymous_4)
FN:68,(anonymous_5)
FN:75,(anonymous_6)
FN:82,(anonymous_7)
FN:89,(anonymous_8)
FN:96,(anonymous_9)
FNF:10
FNH:10
FNDA:44,(anonymous_0)
FNDA:42,(anonymous_1)
FNDA:54,(anonymous_2)
FNDA:6,(anonymous_3)
FNDA:6,(anonymous_4)
FNDA:15,(anonymous_5)
FNDA:2,(anonymous_6)
FNDA:1,(anonymous_7)
FNDA:12,(anonymous_8)
FNDA:12,(anonymous_9)
DA:11,4
DA:12,44
DA:13,44
DA:15,44
DA:33,42
DA:35,41
DA:47,54
DA:48,54
DA:49,2
DA:51,52
DA:59,6
DA:66,6
DA:68,15
DA:76,2
DA:83,1
DA:90,12
DA:97,12
DA:98,12
DA:103,4
LF:19
LH:19
BRDA:48,0,0,2
BRDA:48,0,1,52
BRF:2
BRH:2
end_of_record
TN:
SF:lib/article-processor/generators/json-output-generator.ts
FN:16,(anonymous_0)
FN:32,(anonymous_1)
FN:53,(anonymous_2)
FN:72,(anonymous_3)
FN:75,(anonymous_4)
FN:87,(anonymous_5)
FN:111,(anonymous_6)
FN:121,(anonymous_7)
FN:138,(anonymous_8)
FN:151,(anonymous_9)
FN:170,(anonymous_10)
FN:177,(anonymous_11)
FN:184,(anonymous_12)
FN:191,(anonymous_13)
FN:195,(anonymous_14)
FN:220,(anonymous_15)
FN:297,(anonymous_16)
FNF:17
FNH:13
FNDA:10,(anonymous_0)
FNDA:10,(anonymous_1)
FNDA:10,(anonymous_2)
FNDA:10,(anonymous_3)
FNDA:10,(anonymous_4)
FNDA:10,(anonymous_5)
FNDA:10,(anonymous_6)
FNDA:10,(anonymous_7)
FNDA:20,(anonymous_8)
FNDA:10,(anonymous_9)
FNDA:0,(anonymous_10)
FNDA:0,(anonymous_11)
FNDA:0,(anonymous_12)
FNDA:10,(anonymous_13)
FNDA:0,(anonymous_14)
FNDA:12,(anonymous_15)
FNDA:6,(anonymous_16)
DA:10,4
DA:17,10
DA:26,10
DA:33,10
DA:34,10
DA:39,10
DA:54,10
DA:73,10
DA:75,10
DA:88,10
DA:91,10
DA:94,10
DA:97,10
DA:99,10
DA:112,10
DA:122,10
DA:124,10
DA:139,20
DA:152,10
DA:154,6
DA:155,6
DA:156,6
DA:158,6
DA:159,0
DA:160,6
DA:161,6
DA:163,0
DA:171,0
DA:178,0
DA:185,0
DA:192,10
DA:193,10
DA:195,0
DA:196,0
DA:197,0
DA:201,0
DA:202,0
DA:208,0
DA:221,12
DA:223,12
DA:232,12
DA:233,72
DA:234,0
DA:239,12
DA:240,12
DA:241,0
DA:245,12
DA:246,12
DA:248,0
DA:252,12
DA:253,12
DA:254,0
DA:258,12
DA:259,12
DA:261,0
DA:265,12
DA:266,12
DA:270,0
DA:274,12
DA:275,12
DA:277,0
DA:281,12
DA:282,12
DA:283,0
DA:286,12
DA:288,0
DA:298,6
DA:299,0
DA:302,6
LF:69
LH:48
BRDA:43,0,0,10
BRDA:43,0,1,4
BRDA:79,1,0,10
BRDA:79,1,1,1
BRDA:88,2,0,10
BRDA:88,2,1,0
BRDA:88,2,2,0
BRDA:91,3,0,10
BRDA:91,3,1,0
BRDA:91,3,2,0
BRDA:94,4,0,10
BRDA:94,4,1,0
BRDA:94,4,2,0
BRDA:97,5,0,10
BRDA:97,5,1,10
BRDA:113,6,0,10
BRDA:113,6,1,0
BRDA:114,7,0,10
BRDA:114,7,1,0
BRDA:152,8,0,4
BRDA:152,8,1,6
BRDA:158,9,0,0
BRDA:158,9,1,6
BRDA:158,10,0,6
BRDA:158,10,1,0
BRDA:160,11,0,6
BRDA:160,11,1,0
BRDA:171,12,0,0
BRDA:171,12,1,0
BRDA:171,12,2,0
BRDA:171,12,3,0
BRDA:178,13,0,0
BRDA:178,13,1,0
BRDA:178,13,2,0
BRDA:185,14,0,0
BRDA:185,14,1,0
BRDA:185,14,2,0
BRDA:185,14,3,0
BRDA:192,15,0,10
BRDA:192,15,1,10
BRDA:192,15,2,10
BRDA:193,16,0,10
BRDA:193,16,1,0
BRDA:193,17,0,10
BRDA:193,17,1,0
BRDA:196,18,0,0
BRDA:196,18,1,0
BRDA:201,19,0,0
BRDA:201,19,1,0
BRDA:201,20,0,0
BRDA:201,20,1,0
BRDA:205,21,0,0
BRDA:205,21,1,0
BRDA:233,22,0,0
BRDA:233,22,1,72
BRDA:240,23,0,0
BRDA:240,23,1,12
BRDA:240,24,0,12
BRDA:240,24,1,12
BRDA:240,24,2,12
BRDA:246,25,0,0
BRDA:246,25,1,12
BRDA:246,26,0,12
BRDA:246,26,1,12
BRDA:253,27,0,0
BRDA:253,27,1,12
BRDA:253,28,0,12
BRDA:253,28,1,12
BRDA:259,29,0,0
BRDA:259,29,1,12
BRDA:259,30,0,12
BRDA:259,30,1,12
BRDA:266,31,0,0
BRDA:266,31,1,12
BRDA:266,32,0,12
BRDA:266,32,1,12
BRDA:266,32,2,12
BRDA:266,32,3,12
BRDA:275,33,0,0
BRDA:275,33,1,12
BRDA:275,34,0,12
BRDA:275,34,1,12
BRDA:282,35,0,0
BRDA:282,35,1,12
BRDA:282,36,0,12
BRDA:282,36,1,12
BRDA:298,37,0,0
BRDA:298,37,1,6
BRF:88
BRH:47
end_of_record
TN:
SF:lib/article-processor/generators/markdown-output-generator.ts
FN:16,(anonymous_0)
FN:34,(anonymous_1)
FN:48,(anonymous_2)
FN:91,(anonymous_3)
FN:105,(anonymous_4)
FN:118,(anonymous_5)
FN:163,(anonymous_6)
FN:189,(anonymous_7)
FN:216,(anonymous_8)
FN:243,(anonymous_9)
FN:248,(anonymous_10)
FN:264,(anonymous_11)
FN:290,(anonymous_12)
FN:303,(anonymous_13)
FN:315,(anonymous_14)
FN:321,(anonymous_15)
FNF:16
FNH:15
FNDA:8,(anonymous_0)
FNDA:8,(anonymous_1)
FNDA:8,(anonymous_2)
FNDA:8,(anonymous_3)
FNDA:0,(anonymous_4)
FNDA:8,(anonymous_5)
FNDA:8,(anonymous_6)
FNDA:8,(anonymous_7)
FNDA:8,(anonymous_8)
FNDA:59,(anonymous_9)
FNDA:52,(anonymous_10)
FNDA:8,(anonymous_11)
FNDA:8,(anonymous_12)
FNDA:83,(anonymous_13)
FNDA:6,(anonymous_14)
FNDA:127,(anonymous_15)
DA:10,4
DA:17,8
DA:20,8
DA:23,8
DA:26,8
DA:28,8
DA:35,8
DA:38,8
DA:39,4
DA:42,8
DA:49,8
DA:50,8
DA:53,8
DA:54,8
DA:55,8
DA:59,8
DA:60,8
DA:61,8
DA:65,8
DA:66,8
DA:67,8
DA:71,8
DA:72,8
DA:73,8
DA:74,8
DA:76,8
DA:77,8
DA:80,8
DA:82,8
DA:85,0
DA:92,8
DA:93,8
DA:96,8
DA:97,8
DA:99,8
DA:100,8
DA:101,8
DA:105,0
DA:106,0
DA:107,0
DA:108,0
DA:112,0
DA:119,8
DA:120,8
DA:121,8
DA:122,8
DA:124,8
DA:125,175
DA:128,175
DA:129,17
DA:130,9
DA:132,8
DA:133,8
DA:135,17
DA:139,158
DA:140,114
DA:144,44
DA:145,8
DA:146,8
DA:150,36
DA:151,3
DA:152,3
DA:157,8
DA:164,8
DA:167,8
DA:170,8
DA:171,8
DA:174,8
DA:177,8
DA:178,8
DA:181,8
DA:183,8
DA:190,8
DA:191,8
DA:193,8
DA:194,295
DA:195,295
DA:198,295
DA:200,66
DA:203,17
DA:207,295
DA:210,8
DA:217,8
DA:220,8
DA:225,8
DA:226,56
DA:227,55
DA:228,55
DA:233,8
DA:234,4
DA:237,8
DA:244,59
DA:245,16
DA:246,0
DA:248,52
DA:249,16
DA:250,43
DA:251,31
DA:252,12
DA:253,12
DA:254,0
DA:255,0
DA:257,0
DA:265,8
DA:266,8
DA:267,8
DA:269,8
DA:270,109
DA:271,1
DA:272,1
DA:274,0
DA:275,0
DA:280,8
DA:281,0
DA:284,8
DA:291,8
DA:304,83
DA:316,6
DA:318,6
DA:321,127
DA:322,6
DA:323,0
DA:327,6
DA:328,6
DA:329,0
DA:333,6
DA:335,6
DA:336,0
DA:340,6
DA:341,0
DA:344,6
DA:346,0
LF:132
LH:114
BRDA:38,0,0,4
BRDA:38,0,1,4
BRDA:53,1,0,8
BRDA:53,1,1,0
BRDA:53,2,0,8
BRDA:53,2,1,8
BRDA:59,3,0,8
BRDA:59,3,1,0
BRDA:59,4,0,8
BRDA:59,4,1,8
BRDA:65,5,0,8
BRDA:65,5,1,0
BRDA:65,6,0,8
BRDA:65,6,1,8
BRDA:76,7,0,8
BRDA:76,7,1,0
BRDA:99,8,0,8
BRDA:99,8,1,0
BRDA:106,9,0,0
BRDA:106,9,1,0
BRDA:128,10,0,17
BRDA:128,10,1,158
BRDA:129,11,0,9
BRDA:129,11,1,8
BRDA:139,12,0,114
BRDA:139,12,1,44
BRDA:144,13,0,8
BRDA:144,13,1,36
BRDA:144,14,0,44
BRDA:144,14,1,11
BRDA:150,15,0,3
BRDA:150,15,1,33
BRDA:150,16,0,36
BRDA:150,16,1,28
BRDA:150,16,2,3
BRDA:150,16,3,3
BRDA:157,17,0,3
BRDA:157,17,1,5
BRDA:198,18,0,66
BRDA:198,18,1,229
BRDA:198,19,0,295
BRDA:198,19,1,229
BRDA:200,20,0,17
BRDA:200,20,1,49
BRDA:200,21,0,66
BRDA:200,21,1,66
BRDA:200,21,2,63
BRDA:200,21,3,17
BRDA:226,22,0,55
BRDA:226,22,1,1
BRDA:244,23,0,16
BRDA:244,23,1,43
BRDA:245,24,0,0
BRDA:245,24,1,16
BRDA:250,25,0,31
BRDA:250,25,1,12
BRDA:252,26,0,12
BRDA:252,26,1,0
BRDA:252,27,0,12
BRDA:252,27,1,0
BRDA:254,28,0,0
BRDA:254,28,1,0
BRDA:254,29,0,0
BRDA:254,29,1,0
BRDA:270,30,0,1
BRDA:270,30,1,108
BRDA:271,31,0,1
BRDA:271,31,1,0
BRDA:280,32,0,0
BRDA:280,32,1,8
BRDA:322,33,0,0
BRDA:322,33,1,6
BRDA:328,34,0,0
BRDA:328,34,1,6
BRDA:333,35,0,6
BRDA:333,35,1,6
BRDA:333,35,2,1
BRDA:335,36,0,0
BRDA:335,36,1,6
BRDA:340,37,0,0
BRDA:340,37,1,6
BRDA:340,38,0,6
BRDA:340,38,1,6
BRF:83
BRH:63
end_of_record
TN:
SF:lib/article-processor/generators/output-generator.ts
FN:19,(anonymous_0)
FN:30,(anonymous_1)
FN:39,(anonymous_2)
FN:48,(anonymous_3)
FN:57,(anonymous_4)
FN:92,(anonymous_5)
FN:118,(anonymous_6)
FN:142,(anonymous_7)
FN:168,(anonymous_8)
FN:198,(anonymous_9)
FN:220,(anonymous_10)
FN:224,(anonymous_11)
FN:237,(anonymous_12)
FN:238,(anonymous_13)
FN:239,(anonymous_14)
FNF:15
FNH:12
FNDA:44,(anonymous_0)
FNDA:8,(anonymous_1)
FNDA:10,(anonymous_2)
FNDA:8,(anonymous_3)
FNDA:9,(anonymous_4)
FNDA:18,(anonymous_5)
FNDA:6,(anonymous_6)
FNDA:5,(anonymous_7)
FNDA:9,(anonymous_8)
FNDA:1,(anonymous_9)
FNDA:1,(anonymous_10)
FNDA:1,(anonymous_11)
FNDA:0,(anonymous_12)
FNDA:0,(anonymous_13)
FNDA:0,(anonymous_14)
DA:10,4
DA:11,4
DA:12,4
DA:14,4
DA:20,44
DA:21,44
DA:22,44
DA:31,8
DA:40,10
DA:49,8
DA:58,9
DA:59,9
DA:61,9
DA:83,9
DA:93,18
DA:94,18
DA:96,6
DA:99,6
DA:100,6
DA:103,6
DA:106,0
DA:109,0
DA:124,6
DA:125,6
DA:126,6
DA:127,6
DA:129,6
DA:153,5
DA:154,5
DA:155,5
DA:157,5
DA:169,9
DA:183,9
DA:184,3
DA:185,3
DA:186,3
DA:190,9
DA:205,1
DA:206,1
DA:207,1
DA:210,1
DA:211,1
DA:212,1
DA:213,11
DA:214,1
DA:215,1
DA:220,1
DA:221,1
DA:224,1
DA:226,1
DA:237,4
DA:238,4
DA:239,4
LF:53
LH:51
BRDA:94,0,0,6
BRDA:94,0,1,6
BRDA:94,0,2,6
BRDA:94,0,3,0
BRDA:161,1,0,5
BRDA:161,1,1,5
BRDA:161,1,2,5
BRDA:185,2,0,3
BRDA:185,2,1,0
BRDA:213,3,0,1
BRDA:213,3,1,10
BRDA:221,4,0,1
BRDA:221,4,1,0
BRF:13
BRH:10
end_of_record
TN:
SF:lib/article-processor/generators/yaml-output-generator.ts
FN:17,(anonymous_0)
FN:25,(anonymous_1)
FN:41,(anonymous_2)
FN:60,(anonymous_3)
FN:83,(anonymous_4)
FN:109,(anonymous_5)
FN:144,(anonymous_6)
FN:171,(anonymous_7)
FN:187,(anonymous_8)
FN:200,(anonymous_9)
FN:219,(anonymous_10)
FN:226,(anonymous_11)
FN:233,(anonymous_12)
FN:240,(anonymous_13)
FN:252,(anonymous_14)
FNF:15
FNH:12
FNDA:8,(anonymous_0)
FNDA:8,(anonymous_1)
FNDA:8,(anonymous_2)
FNDA:8,(anonymous_3)
FNDA:8,(anonymous_4)
FNDA:8,(anonymous_5)
FNDA:8,(anonymous_6)
FNDA:8,(anonymous_7)
FNDA:16,(anonymous_8)
FNDA:8,(anonymous_9)
FNDA:0,(anonymous_10)
FNDA:0,(anonymous_11)
FNDA:0,(anonymous_12)
FNDA:118,(anonymous_13)
FNDA:6,(anonymous_14)
DA:11,4
DA:18,8
DA:19,8
DA:26,8
DA:35,8
DA:42,8
DA:43,8
DA:48,8
DA:61,8
DA:62,8
DA:68,8
DA:84,8
DA:86,8
DA:89,8
DA:90,5
DA:91,5
DA:92,8
DA:93,8
DA:94,8
DA:95,8
DA:96,1
DA:100,3
DA:103,8
DA:110,8
DA:111,8
DA:112,8
DA:114,8
DA:119,8
DA:120,8
DA:121,8
DA:122,20
DA:125,0
DA:129,8
DA:130,8
DA:131,8
DA:132,32
DA:135,0
DA:138,8
DA:145,8
DA:148,8
DA:149,5
DA:150,10
DA:153,3
DA:156,8
DA:157,8
DA:158,4
DA:159,8
DA:162,4
DA:165,8
DA:172,8
DA:173,8
DA:175,8
DA:188,16
DA:201,8
DA:203,4
DA:204,4
DA:205,4
DA:207,4
DA:208,0
DA:209,4
DA:210,4
DA:212,0
DA:220,0
DA:227,0
DA:234,0
DA:241,118
DA:253,6
DA:255,6
DA:264,6
DA:265,36
DA:266,0
DA:271,6
DA:272,6
DA:274,6
DA:275,311
DA:278,311
DA:279,66
DA:283,245
DA:284,0
DA:288,6
DA:290,0
LF:81
LH:71
BRDA:52,0,0,8
BRDA:52,0,1,4
BRDA:89,1,0,5
BRDA:89,1,1,3
BRDA:95,2,0,1
BRDA:95,2,1,7
BRDA:110,3,0,8
BRDA:110,3,1,0
BRDA:111,4,0,8
BRDA:111,4,1,0
BRDA:112,5,0,8
BRDA:112,5,1,0
BRDA:116,6,0,8
BRDA:116,6,1,0
BRDA:120,7,0,8
BRDA:120,7,1,0
BRDA:120,8,0,8
BRDA:120,8,1,8
BRDA:130,9,0,8
BRDA:130,9,1,0
BRDA:130,10,0,8
BRDA:130,10,1,8
BRDA:148,11,0,5
BRDA:148,11,1,3
BRDA:157,12,0,4
BRDA:157,12,1,4
BRDA:201,13,0,4
BRDA:201,13,1,4
BRDA:207,14,0,0
BRDA:207,14,1,4
BRDA:207,15,0,4
BRDA:207,15,1,0
BRDA:209,16,0,4
BRDA:209,16,1,0
BRDA:220,17,0,0
BRDA:220,17,1,0
BRDA:220,17,2,0
BRDA:220,17,3,0
BRDA:227,18,0,0
BRDA:227,18,1,0
BRDA:227,18,2,0
BRDA:234,19,0,0
BRDA:234,19,1,0
BRDA:234,19,2,0
BRDA:234,19,3,0
BRDA:265,20,0,0
BRDA:265,20,1,36
BRDA:278,21,0,66
BRDA:278,21,1,245
BRDA:278,22,0,311
BRDA:278,22,1,281
BRDA:283,23,0,0
BRDA:283,23,1,245
BRDA:283,24,0,245
BRDA:283,24,1,90
BRF:55
BRH:33
end_of_record
TN:
SF:lib/article-processor/processors/article-processor.ts
FN:68,(anonymous_0)
FN:75,(anonymous_1)
FN:95,(anonymous_2)
FN:105,(anonymous_3)
FN:192,(anonymous_4)
FN:286,(anonymous_5)
FN:327,(anonymous_6)
FN:343,(anonymous_7)
FN:354,(anonymous_8)
FN:365,(anonymous_9)
FN:411,(anonymous_10)
FN:422,(anonymous_11)
FN:433,(anonymous_12)
FN:453,(anonymous_13)
FN:469,(anonymous_14)
FN:497,(anonymous_15)
FN:510,(anonymous_16)
FN:532,(anonymous_17)
FN:543,(anonymous_18)
FN:562,(anonymous_19)
FN:574,(anonymous_20)
FN:585,(anonymous_21)
FN:597,(anonymous_22)
FN:612,(anonymous_23)
FN:644,(anonymous_24)
FN:652,(anonymous_25)
FN:660,(anonymous_26)
FN:662,(anonymous_27)
FN:676,(anonymous_28)
FN:704,(anonymous_29)
FN:721,(anonymous_30)
FN:733,(anonymous_31)
FN:752,(anonymous_32)
FN:764,(anonymous_33)
FN:781,(anonymous_34)
FN:805,(anonymous_35)
FN:819,(anonymous_36)
FN:820,(anonymous_37)
FN:834,(anonymous_38)
FN:862,(anonymous_39)
FN:871,(anonymous_40)
FN:883,(anonymous_41)
FN:928,(anonymous_42)
FNF:43
FNH:29
FNDA:24,(anonymous_0)
FNDA:24,(anonymous_1)
FNDA:19,(anonymous_2)
FNDA:6,(anonymous_3)
FNDA:13,(anonymous_4)
FNDA:7,(anonymous_5)
FNDA:0,(anonymous_6)
FNDA:0,(anonymous_7)
FNDA:0,(anonymous_8)
FNDA:4,(anonymous_9)
FNDA:0,(anonymous_10)
FNDA:0,(anonymous_11)
FNDA:0,(anonymous_12)
FNDA:0,(anonymous_13)
FNDA:0,(anonymous_14)
FNDA:5,(anonymous_15)
FNDA:9,(anonymous_16)
FNDA:6,(anonymous_17)
FNDA:5,(anonymous_18)
FNDA:6,(anonymous_19)
FNDA:0,(anonymous_20)
FNDA:6,(anonymous_21)
FNDA:0,(anonymous_22)
FNDA:5,(anonymous_23)
FNDA:5,(anonymous_24)
FNDA:5,(anonymous_25)
FNDA:5,(anonymous_26)
FNDA:5,(anonymous_27)
FNDA:13,(anonymous_28)
FNDA:4,(anonymous_29)
FNDA:4,(anonymous_30)
FNDA:4,(anonymous_31)
FNDA:4,(anonymous_32)
FNDA:4,(anonymous_33)
FNDA:4,(anonymous_34)
FNDA:4,(anonymous_35)
FNDA:0,(anonymous_36)
FNDA:0,(anonymous_37)
FNDA:4,(anonymous_38)
FNDA:0,(anonymous_39)
FNDA:7,(anonymous_40)
FNDA:1,(anonymous_41)
FNDA:0,(anonymous_42)
DA:43,3
DA:44,3
DA:45,3
DA:46,3
DA:47,3
DA:48,3
DA:49,3
DA:50,3
DA:51,3
DA:52,3
DA:53,3
DA:54,3
DA:59,3
DA:66,24
DA:69,24
DA:76,24
DA:77,24
DA:78,24
DA:79,24
DA:80,24
DA:81,24
DA:82,24
DA:83,24
DA:84,24
DA:86,0
DA:87,0
DA:88,0
DA:96,19
DA:97,0
DA:106,6
DA:108,6
DA:109,6
DA:110,6
DA:111,6
DA:113,6
DA:114,6
DA:117,6
DA:119,6
DA:121,6
DA:122,1
DA:123,1
DA:126,5
DA:127,5
DA:130,5
DA:133,5
DA:134,6
DA:135,6
DA:137,6
DA:138,6
DA:139,6
DA:141,6
DA:142,1
DA:143,1
DA:145,5
DA:146,5
DA:147,5
DA:150,0
DA:151,0
DA:152,0
DA:157,5
DA:158,5
DA:160,5
DA:161,5
DA:163,5
DA:172,0
DA:173,0
DA:175,0
DA:177,0
DA:193,13
DA:195,13
DA:207,13
DA:209,13
DA:211,13
DA:212,13
DA:215,4
DA:216,4
DA:219,4
DA:220,4
DA:223,4
DA:224,4
DA:227,4
DA:228,4
DA:231,4
DA:232,4
DA:235,4
DA:236,4
DA:239,4
DA:256,4
DA:257,4
DA:260,4
DA:261,4
DA:263,4
DA:270,9
DA:271,9
DA:273,9
DA:287,7
DA:290,7
DA:291,7
DA:294,0
DA:298,7
DA:301,7
DA:302,7
DA:303,7
DA:306,7
DA:307,7
DA:310,7
DA:312,7
DA:315,0
DA:316,0
DA:333,0
DA:334,0
DA:336,0
DA:344,0
DA:345,0
DA:347,0
DA:355,0
DA:356,0
DA:358,0
DA:369,4
DA:370,4
DA:373,4
DA:378,4
DA:379,4
DA:383,4
DA:388,4
DA:389,4
DA:393,4
DA:397,4
DA:398,4
DA:401,4
DA:404,0
DA:412,0
DA:413,0
DA:415,0
DA:423,0
DA:424,0
DA:426,0
DA:437,0
DA:438,0
DA:439,0
DA:441,0
DA:446,0
DA:459,0
DA:460,0
DA:462,0
DA:473,0
DA:474,0
DA:477,0
DA:480,0
DA:483,0
DA:486,0
DA:498,5
DA:499,5
DA:511,9
DA:513,9
DA:525,9
DA:526,9
DA:533,6
DA:534,6
DA:536,0
DA:544,5
DA:550,5
DA:551,15
DA:552,15
DA:554,0
DA:563,6
DA:565,6
DA:566,6
DA:567,6
DA:569,0
DA:570,0
DA:572,0
DA:574,0
DA:579,0
DA:586,6
DA:588,6
DA:589,6
DA:590,6
DA:592,0
DA:593,0
DA:595,0
DA:597,0
DA:602,0
DA:613,5
DA:614,5
DA:616,0
DA:619,0
DA:622,0
DA:637,0
DA:645,5
DA:646,5
DA:648,5
DA:649,5
DA:652,5
DA:653,5
DA:654,5
DA:656,5
DA:657,5
DA:660,5
DA:661,5
DA:662,5
DA:663,5
DA:682,13
DA:683,13
DA:686,9
DA:687,5
DA:690,4
DA:691,0
DA:692,0
DA:695,4
DA:697,9
DA:705,4
DA:706,4
DA:708,0
DA:709,0
DA:722,4
DA:723,4
DA:725,0
DA:726,0
DA:737,4
DA:738,4
DA:740,0
DA:741,0
DA:753,4
DA:754,4
DA:756,0
DA:757,0
DA:765,4
DA:766,4
DA:768,0
DA:769,0
DA:785,4
DA:786,4
DA:787,4
DA:789,4
DA:794,0
DA:795,0
DA:811,4
DA:812,4
DA:815,4
DA:817,4
DA:818,0
DA:819,0
DA:820,0
DA:822,0
DA:825,4
DA:827,0
DA:838,4
DA:839,4
DA:842,4
DA:845,4
DA:848,4
DA:851,0
DA:865,0
DA:872,7
DA:873,7
DA:874,7
DA:876,1
DA:884,1
DA:929,0
DA:934,3
LF:261
LH:179
BRDA:88,0,0,0
BRDA:88,0,1,0
BRDA:96,1,0,0
BRDA:96,1,1,19
BRDA:121,2,0,1
BRDA:121,2,1,5
BRDA:141,3,0,1
BRDA:141,3,1,5
BRDA:141,4,0,6
BRDA:141,4,1,1
BRDA:145,5,0,5
BRDA:145,5,1,0
BRDA:290,6,0,7
BRDA:290,6,1,0
BRDA:336,7,0,0
BRDA:336,7,1,0
BRDA:347,8,0,0
BRDA:347,8,1,0
BRDA:358,9,0,0
BRDA:358,9,1,0
BRDA:373,10,0,4
BRDA:373,10,1,4
BRDA:373,10,2,4
BRDA:373,10,3,4
BRDA:378,11,0,4
BRDA:378,11,1,0
BRDA:383,12,0,4
BRDA:383,12,1,4
BRDA:383,12,2,4
BRDA:383,12,3,4
BRDA:388,13,0,4
BRDA:388,13,1,0
BRDA:393,14,0,4
BRDA:393,14,1,4
BRDA:393,14,2,4
BRDA:397,15,0,4
BRDA:397,15,1,0
BRDA:404,16,0,0
BRDA:404,16,1,0
BRDA:415,17,0,0
BRDA:415,17,1,0
BRDA:426,18,0,0
BRDA:426,18,1,0
BRDA:446,19,0,0
BRDA:446,19,1,0
BRDA:462,20,0,0
BRDA:462,20,1,0
BRDA:486,21,0,0
BRDA:486,21,1,0
BRDA:498,22,0,0
BRDA:498,22,1,5
BRDA:511,23,0,9
BRDA:511,23,1,0
BRDA:525,24,0,9
BRDA:525,24,1,0
BRDA:536,25,0,0
BRDA:536,25,1,0
BRDA:554,26,0,0
BRDA:554,26,1,0
BRDA:562,27,0,6
BRDA:569,28,0,0
BRDA:569,28,1,0
BRDA:572,29,0,0
BRDA:572,29,1,0
BRDA:579,30,0,0
BRDA:579,30,1,0
BRDA:585,31,0,6
BRDA:592,32,0,0
BRDA:592,32,1,0
BRDA:595,33,0,0
BRDA:595,33,1,0
BRDA:605,34,0,0
BRDA:605,34,1,0
BRDA:605,35,0,0
BRDA:605,35,1,0
BRDA:605,36,0,0
BRDA:605,36,1,0
BRDA:628,37,0,0
BRDA:628,37,1,0
BRDA:648,38,0,5
BRDA:648,38,1,0
BRDA:653,39,0,5
BRDA:653,39,1,0
BRDA:686,40,0,5
BRDA:686,40,1,4
BRDA:686,41,0,9
BRDA:686,41,1,4
BRDA:690,42,0,0
BRDA:690,42,1,4
BRDA:690,43,0,4
BRDA:690,43,1,4
BRDA:692,44,0,0
BRDA:692,44,1,0
BRDA:692,45,0,0
BRDA:692,45,1,0
BRDA:692,46,0,0
BRDA:692,46,1,0
BRDA:697,47,0,9
BRDA:697,47,1,0
BRDA:817,48,0,0
BRDA:817,48,1,4
BRDA:819,49,0,0
BRDA:819,49,1,0
BRDA:827,50,0,0
BRDA:827,50,1,0
BRDA:851,51,0,0
BRDA:851,51,1,0
BRF:107
BRH:39
end_of_record
TN:
SF:lib/article-processor/processors/content-enhancer.ts
FN:21,(anonymous_0)
FN:46,(anonymous_1)
FN:78,(anonymous_2)
FN:91,(anonymous_3)
FN:99,(anonymous_4)
FN:106,(anonymous_5)
FN:114,(anonymous_6)
FN:115,(anonymous_7)
FN:136,(anonymous_8)
FN:147,(anonymous_9)
FN:174,(anonymous_10)
FN:177,(anonymous_11)
FN:178,(anonymous_12)
FN:185,(anonymous_13)
FN:187,(anonymous_14)
FN:195,(anonymous_15)
FN:210,(anonymous_16)
FN:212,(anonymous_17)
FN:218,(anonymous_18)
FN:240,(anonymous_19)
FN:259,(anonymous_20)
FN:270,(anonymous_21)
FN:272,(anonymous_22)
FN:290,(anonymous_23)
FN:301,(anonymous_24)
FN:308,(anonymous_25)
FN:310,(anonymous_26)
FN:319,(anonymous_27)
FN:324,(anonymous_28)
FN:332,(anonymous_29)
FNF:30
FNH:29
FNDA:8,(anonymous_0)
FNDA:7,(anonymous_1)
FNDA:8,(anonymous_2)
FNDA:12,(anonymous_3)
FNDA:40,(anonymous_4)
FNDA:27,(anonymous_5)
FNDA:136,(anonymous_6)
FNDA:96,(anonymous_7)
FNDA:1,(anonymous_8)
FNDA:23,(anonymous_9)
FNDA:8,(anonymous_10)
FNDA:29,(anonymous_11)
FNDA:29,(anonymous_12)
FNDA:7,(anonymous_13)
FNDA:22,(anonymous_14)
FNDA:176,(anonymous_15)
FNDA:28,(anonymous_16)
FNDA:13,(anonymous_17)
FNDA:7,(anonymous_18)
FNDA:7,(anonymous_19)
FNDA:7,(anonymous_20)
FNDA:84,(anonymous_21)
FNDA:104,(anonymous_22)
FNDA:16,(anonymous_23)
FNDA:344,(anonymous_24)
FNDA:8,(anonymous_25)
FNDA:114,(anonymous_26)
FNDA:8,(anonymous_27)
FNDA:52,(anonymous_28)
FNDA:0,(anonymous_29)
DA:13,4
DA:23,8
DA:24,8
DA:26,8
DA:27,1
DA:31,7
DA:34,7
DA:35,7
DA:37,7
DA:47,7
DA:48,7
DA:49,7
DA:54,7
DA:57,7
DA:58,7
DA:61,7
DA:62,7
DA:65,7
DA:66,7
DA:68,7
DA:79,8
DA:80,8
DA:81,8
DA:84,8
DA:85,8
DA:88,8
DA:91,8
DA:92,12
DA:93,12
DA:98,8
DA:99,8
DA:100,40
DA:101,4
DA:106,8
DA:107,27
DA:108,12
DA:113,8
DA:114,136
DA:116,96
DA:117,13
DA:122,8
DA:123,8
DA:124,5
DA:127,8
DA:137,1
DA:148,23
DA:175,8
DA:177,29
DA:178,29
DA:187,7
DA:188,22
DA:191,22
DA:194,22
DA:195,22
DA:196,176
DA:197,33
DA:202,22
DA:203,19
DA:206,22
DA:209,7
DA:210,28
DA:212,13
DA:219,7
DA:220,7
DA:221,7
DA:222,7
DA:224,7
DA:225,3
DA:226,4
DA:227,0
DA:228,4
DA:229,0
DA:230,4
DA:231,0
DA:233,4
DA:241,7
DA:242,7
DA:243,7
DA:245,7
DA:246,2
DA:247,5
DA:248,1
DA:249,4
DA:250,0
DA:252,4
DA:260,7
DA:263,7
DA:270,7
DA:271,84
DA:272,104
DA:273,5
DA:278,7
DA:279,5
DA:280,5
DA:281,5
DA:284,7
DA:291,16
DA:297,16
DA:301,344
DA:309,8
DA:310,8
DA:311,114
DA:313,8
DA:320,8
DA:323,8
DA:324,8
DA:325,52
DA:326,45
DA:331,8
DA:332,8
DA:333,0
DA:334,0
DA:335,0
DA:339,8
LF:114
LH:107
BRDA:26,0,0,1
BRDA:26,0,1,7
BRDA:57,1,0,7
BRDA:57,1,1,0
BRDA:61,2,0,7
BRDA:61,2,1,1
BRDA:65,3,0,7
BRDA:65,3,1,1
BRDA:92,4,0,12
BRDA:92,4,1,0
BRDA:100,5,0,4
BRDA:100,5,1,36
BRDA:100,6,0,40
BRDA:100,6,1,4
BRDA:107,7,0,12
BRDA:107,7,1,15
BRDA:107,8,0,27
BRDA:107,8,1,12
BRDA:116,9,0,13
BRDA:116,9,1,83
BRDA:116,10,0,96
BRDA:116,10,1,13
BRDA:196,11,0,33
BRDA:196,11,1,143
BRDA:202,12,0,19
BRDA:202,12,1,3
BRDA:202,13,0,22
BRDA:202,13,1,20
BRDA:224,14,0,3
BRDA:224,14,1,4
BRDA:226,15,0,0
BRDA:226,15,1,4
BRDA:228,16,0,0
BRDA:228,16,1,4
BRDA:230,17,0,0
BRDA:230,17,1,4
BRDA:245,18,0,2
BRDA:245,18,1,5
BRDA:247,19,0,1
BRDA:247,19,1,4
BRDA:249,20,0,0
BRDA:249,20,1,4
BRDA:272,21,0,5
BRDA:272,21,1,79
BRDA:278,22,0,5
BRDA:278,22,1,2
BRDA:301,23,0,344
BRDA:301,23,1,271
BRDA:311,24,0,114
BRDA:311,24,1,96
BRDA:323,25,0,8
BRDA:323,25,1,1
BRDA:325,26,0,45
BRDA:325,26,1,7
BRDA:325,27,0,52
BRDA:325,27,1,49
BRDA:331,28,0,8
BRDA:331,28,1,8
BRDA:334,29,0,0
BRDA:334,29,1,0
BRDA:334,30,0,0
BRDA:334,30,1,0
BRF:62
BRH:52
end_of_record
TN:
SF:lib/article-processor/types/index.ts
FNF:0
FNH:0
DA:249,5
LF:1
LH:1
BRF:0
BRH:0
end_of_record
TN:
SF:lib/article-processor/utils/constants.ts
FNF:0
FNH:0
DA:11,10
DA:22,10
DA:40,10
DA:50,10
DA:67,10
DA:76,10
DA:85,10
DA:98,10
DA:108,10
DA:118,10
DA:128,10
LF:11
LH:11
BRF:0
BRH:0
end_of_record
TN:
SF:lib/article-processor/utils/file-discovery.ts
FN:15,discoverMarkdownFiles
FN:27,(anonymous_10)
FN:28,(anonymous_11)
FN:47,isMarkdownFile
FN:56,getBaseFilename
FN:65,validateDirectory
FN:80,discoverMarkdownFilesSafe
FNF:7
FNH:7
FNDA:10,discoverMarkdownFiles
FNDA:26,(anonymous_10)
FNDA:14,(anonymous_11)
FNDA:10,isMarkdownFile
FNDA:3,getBaseFilename
FNDA:5,validateDirectory
FNDA:1,discoverMarkdownFilesSafe
DA:6,4
DA:7,4
DA:8,4
DA:15,4
DA:18,10
DA:20,10
DA:23,8
DA:26,8
DA:27,26
DA:28,14
DA:30,8
DA:32,2
DA:33,2
DA:35,0
DA:36,0
DA:38,0
DA:47,4
DA:48,10
DA:56,4
DA:57,3
DA:65,4
DA:66,5
DA:67,5
DA:68,4
DA:70,1
DA:80,4
DA:83,1
DA:84,1
DA:86,1
DA:87,1
LF:30
LH:27
BRDA:16,0,0,0
BRDA:27,1,0,26
BRDA:27,1,1,18
BRDA:32,2,0,2
BRDA:32,2,1,0
BRDA:35,3,0,0
BRDA:35,3,1,0
BRDA:81,4,0,0
BRF:8
BRH:3
end_of_record
TN:
SF:lib/article-processor/utils/file-manager.ts
FN:11,(anonymous_1)
FN:17,(anonymous_2)
FN:42,(anonymous_3)
FN:75,(anonymous_4)
FN:95,(anonymous_5)
FN:111,(anonymous_6)
FN:127,(anonymous_7)
FN:150,(anonymous_8)
FN:164,(anonymous_9)
FN:176,(anonymous_10)
FN:195,(anonymous_11)
FN:202,(anonymous_12)
FN:212,(anonymous_13)
FN:217,(anonymous_14)
FN:218,(anonymous_15)
FNF:15
FNH:14
FNDA:56,(anonymous_1)
FNDA:14,(anonymous_2)
FNDA:8,(anonymous_3)
FNDA:6,(anonymous_4)
FNDA:3,(anonymous_5)
FNDA:56,(anonymous_6)
FNDA:34,(anonymous_7)
FNDA:39,(anonymous_8)
FNDA:8,(anonymous_9)
FNDA:1,(anonymous_10)
FNDA:1,(anonymous_11)
FNDA:2,(anonymous_12)
FNDA:5,(anonymous_13)
FNDA:3,(anonymous_14)
FNDA:0,(anonymous_15)
DA:6,4
DA:7,4
DA:9,4
DA:11,4
DA:12,56
DA:18,14
DA:19,14
DA:21,14
DA:22,14
DA:25,14
DA:31,13
DA:32,13
DA:35,2
DA:43,8
DA:44,8
DA:46,8
DA:47,8
DA:50,8
DA:53,7
DA:54,1
DA:55,1
DA:59,7
DA:62,7
DA:65,7
DA:68,1
DA:76,6
DA:77,6
DA:79,6
DA:82,6
DA:85,6
DA:88,0
DA:96,3
DA:97,3
DA:102,2
DA:104,1
DA:112,56
DA:113,56
DA:116,6
DA:117,6
DA:119,1
DA:128,34
DA:130,34
DA:132,34
DA:135,33
DA:138,1
DA:139,1
DA:143,1
DA:151,39
DA:152,39
DA:153,39
DA:154,1
DA:157,1
DA:165,8
DA:166,8
DA:167,1
DA:169,7
DA:177,1
DA:178,1
DA:179,1
DA:181,1
DA:184,1
DA:185,1
DA:186,1
DA:189,1
DA:196,1
DA:203,2
DA:209,2
DA:210,6
DA:211,6
DA:212,6
DA:213,5
DA:216,6
DA:218,3
DA:231,4
LF:74
LH:73
BRDA:35,0,0,1
BRDA:35,0,1,1
BRDA:53,1,0,1
BRDA:53,1,1,6
BRDA:68,2,0,0
BRDA:68,2,1,1
BRDA:88,3,0,0
BRDA:88,3,1,0
BRDA:119,4,0,0
BRDA:119,4,1,1
BRDA:153,5,0,1
BRDA:153,5,1,38
BRDA:157,6,0,1
BRDA:157,6,1,0
BRDA:213,7,0,5
BRDA:213,7,1,3
BRF:16
BRH:11
end_of_record
TN:
SF:lib/article-processor/utils/index.ts
FNF:0
FNH:0
DA:5,0
DA:6,0
DA:7,0
DA:8,0
DA:9,0
LF:5
LH:0
BRF:0
BRH:0
end_of_record
TN:
SF:lib/article-processor/utils/markdown-parser.ts
FN:23,parseMarkdownFile
FN:71,extractTitle
FN:93,calculateWordCount
FN:129,(anonymous_13)
FN:139,parseMarkdownFileSafe
FNF:5
FNH:5
FNDA:18,parseMarkdownFile
FNDA:17,extractTitle
FNDA:20,calculateWordCount
FNDA:1409,(anonymous_13)
FNDA:1,parseMarkdownFileSafe
DA:6,4
DA:7,4
DA:8,4
DA:23,4
DA:24,18
DA:26,18
DA:29,13
DA:32,12
DA:35,12
DA:37,12
DA:44,6
DA:46,6
DA:47,5
DA:49,1
DA:50,0
DA:52,1
DA:53,0
DA:57,1
DA:58,0
DA:61,1
DA:71,4
DA:73,17
DA:74,17
DA:75,10
DA:79,7
DA:80,1
DA:84,6
DA:93,4
DA:95,20
DA:96,20
DA:99,20
DA:102,20
DA:105,20
DA:108,20
DA:111,20
DA:114,20
DA:117,20
DA:118,20
DA:121,20
DA:124,20
DA:127,20
DA:129,1409
DA:131,20
DA:139,4
DA:140,1
DA:141,1
DA:143,1
DA:144,1
LF:48
LH:45
BRDA:46,0,0,5
BRDA:46,0,1,1
BRDA:49,1,0,0
BRDA:49,1,1,1
BRDA:52,2,0,0
BRDA:52,2,1,1
BRDA:57,3,0,0
BRDA:57,3,1,1
BRDA:57,4,0,1
BRDA:57,4,1,1
BRDA:71,5,0,3
BRDA:74,6,0,10
BRDA:74,6,1,7
BRDA:74,7,0,17
BRDA:74,7,1,10
BRDA:79,8,0,1
BRDA:79,8,1,6
BRDA:79,9,0,7
BRDA:79,9,1,1
BRDA:129,10,0,1409
BRDA:129,10,1,1384
BRF:21
BRH:18
end_of_record
TN:
SF:lib/article-processor/utils/slug-generator.ts
FN:18,generateSlug
FN:65,truncateAtWordBoundary
FN:88,validateSlug
FN:133,isValidSlug
FN:143,sanitizeSlug
FN:167,generateUniqueSlug
FNF:6
FNH:5
FNDA:38,generateSlug
FNDA:3,truncateAtWordBoundary
FNDA:29,validateSlug
FNDA:29,isValidSlug
FNDA:3,sanitizeSlug
FNDA:0,generateUniqueSlug
DA:18,5
DA:19,38
DA:20,1
DA:24,37
DA:26,37
DA:27,1
DA:31,36
DA:39,36
DA:40,1
DA:44,36
DA:45,3
DA:49,36
DA:52,36
DA:53,0
DA:56,36
DA:66,3
DA:67,0
DA:71,3
DA:72,3
DA:75,3
DA:76,3
DA:80,0
DA:88,5
DA:92,29
DA:95,29
DA:96,1
DA:97,1
DA:101,28
DA:102,0
DA:103,28
DA:104,1
DA:108,28
DA:109,4
DA:113,28
DA:114,2
DA:118,28
DA:119,1
DA:122,28
DA:133,5
DA:134,29
DA:135,29
DA:143,5
DA:144,3
DA:145,1
DA:149,2
DA:150,1
DA:154,1
DA:155,1
DA:157,0
DA:167,5
DA:168,0
DA:170,0
DA:171,0
DA:175,0
DA:176,0
DA:178,0
DA:179,0
DA:180,0
DA:183,0
DA:184,0
DA:188,0
LF:61
LH:45
BRDA:19,0,0,1
BRDA:19,0,1,37
BRDA:19,1,0,38
BRDA:19,1,1,37
BRDA:26,2,0,1
BRDA:26,2,1,36
BRDA:39,3,0,1
BRDA:39,3,1,35
BRDA:44,4,0,3
BRDA:44,4,1,33
BRDA:52,5,0,0
BRDA:52,5,1,36
BRDA:66,6,0,0
BRDA:66,6,1,3
BRDA:75,7,0,3
BRDA:75,7,1,0
BRDA:95,8,0,1
BRDA:95,8,1,28
BRDA:95,9,0,29
BRDA:95,9,1,28
BRDA:101,10,0,0
BRDA:101,10,1,28
BRDA:103,11,0,1
BRDA:103,11,1,27
BRDA:108,12,0,4
BRDA:108,12,1,24
BRDA:113,13,0,2
BRDA:113,13,1,26
BRDA:113,14,0,28
BRDA:113,14,1,27
BRDA:118,15,0,1
BRDA:118,15,1,27
BRDA:144,16,0,1
BRDA:144,16,1,2
BRDA:144,17,0,3
BRDA:144,17,1,2
BRDA:149,18,0,1
BRDA:149,18,1,1
BRDA:170,19,0,0
BRDA:170,19,1,0
BRDA:183,20,0,0
BRDA:183,20,1,0
BRF:42
BRH:34
end_of_record
TN:
SF:lib/article-processor/validators/index.ts
FN:7,(anonymous_0)
FN:8,(anonymous_1)
FN:9,(anonymous_2)
FN:10,(anonymous_3)
FN:11,(anonymous_4)
FN:15,(anonymous_5)
FN:16,(anonymous_6)
FN:17,(anonymous_7)
FN:18,(anonymous_8)
FNF:9
FNH:0
FNDA:0,(anonymous_0)
FNDA:0,(anonymous_1)
FNDA:0,(anonymous_2)
FNDA:0,(anonymous_3)
FNDA:0,(anonymous_4)
FNDA:0,(anonymous_5)
FNDA:0,(anonymous_6)
FNDA:0,(anonymous_7)
FNDA:0,(anonymous_8)
DA:6,1
DA:7,1
DA:8,1
DA:9,1
DA:10,1
DA:11,1
DA:14,1
DA:15,1
DA:16,1
DA:17,1
DA:18,1
LF:11
LH:11
BRF:0
BRH:0
end_of_record
TN:
SF:lib/article-processor/validators/structure-validator.ts
FN:15,validateStructure
FN:33,hasH1Title
FN:42,hasRequiredSections
FN:69,hasIntroductionSection
FN:93,(anonymous_4)
FN:99,(anonymous_5)
FN:109,hasConclusionSection
FN:119,hasMainContent
FN:122,(anonymous_8)
FN:132,validateHeaderDepth
FN:178,getValidationIssues
FNF:11
FNH:11
FNDA:8,validateStructure
FNDA:12,hasH1Title
FNDA:21,hasRequiredSections
FNDA:21,hasIntroductionSection
FNDA:143,(anonymous_4)
FNDA:262,(anonymous_5)
FNDA:21,hasConclusionSection
FNDA:21,hasMainContent
FNDA:782,(anonymous_8)
FNDA:14,validateHeaderDepth
FNDA:2,getValidationIssues
DA:8,4
DA:15,4
DA:16,8
DA:17,8
DA:18,8
DA:20,8
DA:33,4
DA:34,12
DA:42,4
DA:44,21
DA:47,21
DA:50,21
DA:53,21
DA:55,21
DA:71,21
DA:72,21
DA:73,3
DA:77,18
DA:78,18
DA:79,2
DA:82,16
DA:85,16
DA:86,16
DA:88,16
DA:89,12
DA:90,12
DA:93,143
DA:94,12
DA:98,4
DA:99,262
DA:100,4
DA:111,21
DA:112,21
DA:121,21
DA:122,782
DA:123,21
DA:132,4
DA:134,14
DA:135,14
DA:138,14
DA:139,42
DA:140,42
DA:144,14
DA:145,1
DA:149,13
DA:150,3
DA:154,10
DA:155,3
DA:159,7
DA:160,26
DA:161,26
DA:165,26
DA:166,1
DA:170,6
DA:178,4
DA:179,2
DA:180,2
DA:182,2
DA:183,1
DA:186,2
DA:187,1
DA:190,2
DA:191,1
DA:194,2
DA:195,1
DA:198,2
LF:66
LH:66
BRDA:72,0,0,3
BRDA:72,0,1,18
BRDA:78,1,0,2
BRDA:78,1,1,16
BRDA:88,2,0,12
BRDA:88,2,1,4
BRDA:144,3,0,1
BRDA:144,3,1,13
BRDA:149,4,0,3
BRDA:149,4,1,10
BRDA:154,5,0,3
BRDA:154,5,1,7
BRDA:165,6,0,1
BRDA:165,6,1,25
BRDA:182,7,0,1
BRDA:182,7,1,1
BRDA:186,8,0,1
BRDA:186,8,1,1
BRDA:190,9,0,1
BRDA:190,9,1,1
BRDA:194,10,0,1
BRDA:194,10,1,1
BRF:22
BRH:22
end_of_record
TN:
SF:lib/article-processor/validators/word-count-analyzer.ts
FN:21,analyzeWordCount
FN:58,extractTargetWordCount
FN:92,getWordCountDescription
FN:121,calculatePercentageDifference
FNF:4
FNH:4
FNDA:11,analyzeWordCount
FNDA:10,extractTargetWordCount
FNDA:5,getWordCountDescription
FNDA:6,calculatePercentageDifference
DA:7,2
DA:21,2
DA:25,11
DA:26,11
DA:29,11
DA:30,3
DA:31,3
DA:35,8
DA:36,8
DA:37,8
DA:42,8
DA:43,2
DA:44,6
DA:45,2
DA:47,4
DA:50,8
DA:58,2
DA:60,10
DA:69,10
DA:70,36
DA:72,36
DA:73,5
DA:76,31
DA:77,2
DA:78,2
DA:79,1
DA:84,4
DA:92,2
DA:93,5
DA:95,5
DA:96,2
DA:97,1
DA:99,1
DA:102,3
DA:103,3
DA:105,3
DA:107,1
DA:109,1
DA:111,1
DA:121,2
DA:122,6
DA:123,1
DA:125,5
LF:43
LH:43
BRDA:25,0,0,8
BRDA:25,0,1,3
BRDA:25,1,0,11
BRDA:25,1,1,9
BRDA:29,2,0,3
BRDA:29,2,1,8
BRDA:30,3,0,2
BRDA:30,3,1,1
BRDA:42,4,0,2
BRDA:42,4,1,6
BRDA:44,5,0,2
BRDA:44,5,1,4
BRDA:72,6,0,5
BRDA:72,6,1,31
BRDA:72,7,0,36
BRDA:72,7,1,7
BRDA:76,8,0,2
BRDA:76,8,1,29
BRDA:78,9,0,1
BRDA:78,9,1,1
BRDA:78,10,0,2
BRDA:78,10,1,1
BRDA:95,11,0,2
BRDA:95,11,1,3
BRDA:96,12,0,1
BRDA:96,12,1,1
BRDA:105,13,0,1
BRDA:105,13,1,1
BRDA:105,13,2,1
BRDA:122,14,0,1
BRDA:122,14,1,5
BRF:31
BRH:31
end_of_record
TN:
SF:lib/hooks/useKeyboardNavigation.ts
FN:31,useKeyboardNavigation
FN:39,(anonymous_1)
FN:50,(anonymous_2)
FN:68,(anonymous_3)
FN:75,(anonymous_4)
FNF:5
FNH:0
FNDA:0,useKeyboardNavigation
FNDA:0,(anonymous_1)
FNDA:0,(anonymous_2)
FNDA:0,(anonymous_3)
FNDA:0,(anonymous_4)
DA:1,0
DA:31,0
DA:39,0
DA:41,0
DA:44,0
DA:45,0
DA:46,0
DA:50,0
DA:51,0
DA:53,0
DA:54,0
DA:55,0
DA:57,0
DA:58,0
DA:59,0
DA:61,0
DA:62,0
DA:63,0
DA:68,0
DA:69,0
DA:72,0
DA:75,0
DA:76,0
LF:23
LH:0
BRDA:36,0,0,0
BRDA:41,1,0,0
BRDA:41,1,1,0
BRDA:41,2,0,0
BRDA:41,2,1,0
BRDA:45,3,0,0
BRDA:45,3,1,0
BRDA:45,4,0,0
BRDA:45,4,1,0
BRDA:45,4,2,0
BRDA:51,5,0,0
BRDA:51,5,1,0
BRDA:51,5,2,0
BRDA:69,6,0,0
BRDA:69,6,1,0
BRF:15
BRH:0
end_of_record
